        {
          "idx": 502,
          "EventID": 7,
          "TimeCreated": "2020-07-22 04:01:04.996000+00:00",
          "Image": "C:\\Windows\\System32\\notepad.exe",
          "CommandLine": "nan",
          "ParentImage": "nan",
          "TargetObject": "nan"
        },
        {
          "idx": 504,
          "EventID": 7,
          "TimeCreated": "2020-07-22 04:01:04.997000+00:00",
          "Image": "C:\\Windows\\System32\\notepad.exe",
          "CommandLine": "nan",
          "ParentImage": "nan",
          "TargetObject": "nan"
        }
      ],
      "gt_technique_id": "T1055.001",
      "gt_technique_name": "Process Injection",
      "gt_tactic": "Defense Evasion",
      "gt_is_true_positive": false,
      "gt_notes": "auto: noise:no-kw"
    },
    {
      "group_id": "T1055_11110",
      "rule_technique_id": "T1055",
      "rule_technique_name": "Process Injection",
      "confidence": 1.0,
      "anchor": {
        "idx": 11110,
        "EventID": 10,
        "Image": "nan",
        "CommandLine": "nan",
        "TimeCreated": "2020-07-22 04:03:52.948000+00:00"
      },
      "num_events": 98,
      "event_id_distribution": {
        "7": 94,
        "1": 3,
        "10": 1
      },
      "sample_logs": [
        {
          "idx": 11082,
          "EventID": 7,
          "TimeCreated": "2020-07-22 04:03:52.941000+00:00",
          "Image": "C:\\Windows\\System32\\taskhostw.exe",
          "CommandLine": "nan",
          "ParentImage": "nan",
          "TargetObject": "nan"
        },
        {
          "idx": 11083,
          "EventID": 7,
          "TimeCreated": "2020-07-22 04:03:52.941000+00:00",
          "Image": "C:\\Windows\\System32\\taskhostw.exe",
          "CommandLine": "nan",
          "ParentImage": "nan",
          "TargetObject": "nan"
        },
        {
          "idx": 11084,
          "EventID": 7,
          "TimeCreated": "2020-07-22 04:03:52.941000+00:00",
          "Image": "C:\\Windows\\System32\\taskhostw.exe",
          "CommandLine": "nan",
          "ParentImage": "nan",
          "TargetObject": "nan"
        },
        {
          "idx": 11087,
          "EventID": 7,
          "TimeCreated": "2020-07-22 04:03:52.941000+00:00",
          "Image": "C:\\Windows\\System32\\taskhostw.exe",
          "CommandLine": "nan",
          "ParentImage": "nan",
          "TargetObject": "nan"
        },
        {
          "idx": 11089,
          "EventID": 1,
          "TimeCreated": "2020-07-22 04:03:52.941000+00:00",
          "Image": "C:\\Windows\\System32\\taskhostw.exe",
          "CommandLine": "taskhostw.exe Install $(Arg0)",
          "ParentImage": "C:\\Windows\\System32\\svchost.exe",
          "TargetObject": "nan"
        },
        {
          "idx": 11090,
          "EventID": 7,
          "TimeCreated": "2020-07-22 04:03:52.941000+00:00",
          "Image": "C:\\Windows\\System32\\taskhostw.exe",
          "CommandLine": "nan",
          "ParentImage": "nan",
          "TargetObject": "nan"
        },
        {
          "idx": 11091,
          "EventID": 7,
          "TimeCreated": "2020-07-22 04:03:52.943000+00:00",
          "Image": "C:\\Windows\\System32\\taskhostw.exe",
          "CommandLine": "nan",
          "ParentImage": "nan",
          "TargetObject": "nan"
        },
        {
          "idx": 11092,
          "EventID": 7,
          "TimeCreated": "2020-07-22 04:03:52.943000+00:00",
          "Image": "C:\\Windows\\System32\\taskhostw.exe",
          "CommandLine": "nan",
          "ParentImage": "nan",
          "TargetObject": "nan"
        },
        {
          "idx": 11093,
          "EventID": 7,
          "TimeCreated": "2020-07-22 04:03:52.943000+00:00",
          "Image": "C:\\Windows\\System32\\taskhostw.exe",
          "CommandLine": "nan",
          "ParentImage": "nan",
          "TargetObject": "nan"
        },
        {
          "idx": 11096,
          "EventID": 7,
          "TimeCreated": "2020-07-22 04:03:52.944000+00:00",
          "Image": "C:\\Windows\\System32\\taskhostw.exe",
          "CommandLine": "nan",
          "ParentImage": "nan",
          "TargetObject": "nan"
        },
        {
          "idx": 11095,
          "EventID": 7,
          "TimeCreated": "2020-07-22 04:03:52.944000+00:00",
          "Image": "C:\\Windows\\System32\\taskhostw.exe",
          "CommandLine": "nan",
          "ParentImage": "nan",
          "TargetObject": "nan"
        },
        {
          "idx": 11094,
          "EventID": 7,
          "TimeCreated": "2020-07-22 04:03:52.944000+00:00",
          "Image": "C:\\Windows\\System32\\taskhostw.exe",
          "CommandLine": "nan",
          "ParentImage": "nan",
          "TargetObject": "nan"
        },
        {
          "idx": 11097,
          "EventID": 7,
          "TimeCreated": "2020-07-22 04:03:52.945000+00:00",
          "Image": "C:\\Windows\\System32\\taskhostw.exe",
          "CommandLine": "nan",
          "ParentImage": "nan",
          "TargetObject": "nan"
        },
        {
          "idx": 11098,
          "EventID": 7,
          "TimeCreated": "2020-07-22 04:03:52.945000+00:00",
          "Image": "C:\\Windows\\System32\\taskhostw.exe",
          "CommandLine": "nan",
          "ParentImage": "nan",
          "TargetObject": "nan"
        },
        {
          "idx": 11099,
          "EventID": 7,
          "TimeCreated": "2020-07-22 04:03:52.945000+00:00",
          "Image": "C:\\Windows\\System32\\taskhostw.exe",
          "CommandLine": "nan",
          "ParentImage": "nan",
          "TargetObject": "nan"
        }
      ],
      "gt_technique_id": "T1055.001",
      "gt_technique_name": "Process Injection",
      "gt_tactic": "Defense Evasion",
      "gt_is_true_positive": true,
      "gt_notes": "auto: rule-fam-strong(T1055,c=1.00)"
    },
    {
      "group_id": "T1059_001_3160",
      "rule_technique_id": "T1059.001",
      "rule_technique_name": "PowerShell",
      "confidence": 0.77,
      "anchor": {
        "idx": 3160,
        "EventID": 4104,
        "Image": "nan",
        "CommandLine": "nan",
        "TimeCreated": "2020-07-22 04:02:29.998000+00:00"
      },
      "num_events": 5304,
      "event_id_distribution": {
        "12": 3277,
        "4656": 622,
        "4663": 605,
        "4103": 415,
        "7": 265,
        "10": 72,
        "13": 22,
        "4104": 20,
        "1": 3,
        "22": 2,
        "400": 1
      },
      "sample_logs": [
        {
          "idx": 2224,
          "EventID": 13,
          "TimeCreated": "2020-07-22 04:02:24.712000+00:00",
          "Image": "C:\\windows\\system32\\svchost.exe",
          "CommandLine": "nan",
          "ParentImage": "nan",
          "TargetObject": "HKLM\\System\\CurrentControlSet\\Services\\W32Time\\Config\\LastKnownGoodTime"
        },
        {
          "idx": 2225,
          "EventID": 12,
          "TimeCreated": "2020-07-22 04:02:24.713000+00:00",
          "Image": "C:\\windows\\ADWS\\Microsoft.ActiveDirectory.WebServices.exe",
          "CommandLine": "nan",
          "ParentImage": "nan",
          "TargetObject": "HKLM\\System\\CurrentControlSet\\Services\\Tcpip\\Parameters"
        },
        {
          "idx": 2228,
          "EventID": 12,
          "TimeCreated": "2020-07-22 04:02:24.713000+00:00",
          "Image": "C:\\windows\\ADWS\\Microsoft.ActiveDirectory.WebServices.exe",
          "CommandLine": "nan",
          "ParentImage": "nan",
          "TargetObject": "HKLM\\System\\CurrentControlSet\\Services\\Tcpip\\Parameters"
        },
        {
          "idx": 2269,
          "EventID": 12,
          "TimeCreated": "2020-07-22 04:02:28.757000+00:00",
          "Image": "C:\\windows\\system32\\svchost.exe",
          "CommandLine": "nan",
          "ParentImage": "nan",
          "TargetObject": "HKCR"
        },
        {
          "idx": 2270,
          "EventID": 12,
          "TimeCreated": "2020-07-22 04:02:28.757000+00:00",
          "Image": "C:\\windows\\system32\\svchost.exe",
          "CommandLine": "nan",
          "ParentImage": "nan",
          "TargetObject": "HKCR"
        },
        {
          "idx": 2271,
          "EventID": 12,
          "TimeCreated": "2020-07-22 04:02:28.757000+00:00",
          "Image": "C:\\windows\\system32\\svchost.exe",
          "CommandLine": "nan",
          "ParentImage": "nan",
          "TargetObject": "HKCR"
        },
        {
          "idx": 2272,
          "EventID": 12,
          "TimeCreated": "2020-07-22 04:02:28.757000+00:00",
          "Image": "C:\\windows\\system32\\svchost.exe",
          "CommandLine": "nan",
          "ParentImage": "nan",
          "TargetObject": "HKCR"
        },
        {
          "idx": 2273,
          "EventID": 12,
          "TimeCreated": "2020-07-22 04:02:28.757000+00:00",
          "Image": "C:\\windows\\system32\\svchost.exe",
          "CommandLine": "nan",
          "ParentImage": "nan",
          "TargetObject": "HKCR"
        },
        {
          "idx": 2276,
          "EventID": 10,
          "TimeCreated": "2020-07-22 04:02:28.758000+00:00",
          "Image": "nan",
          "CommandLine": "nan",
          "ParentImage": "nan",
          "TargetObject": "nan"
        },
        {
          "idx": 2275,
          "EventID": 10,
          "TimeCreated": "2020-07-22 04:02:28.758000+00:00",
          "Image": "nan",
          "CommandLine": "nan",
          "ParentImage": "nan",
          "TargetObject": "nan"
        },
        {
          "idx": 2274,
          "EventID": 1,
          "TimeCreated": "2020-07-22 04:02:28.758000+00:00",
          "Image": "C:\\Windows\\System32\\wbem\\WmiPrvSE.exe",
          "CommandLine": "C:\\windows\\system32\\wbem\\wmiprvse.exe -Embedding",
          "ParentImage": "C:\\Windows\\System32\\svchost.exe",
          "TargetObject": "nan"
        },
        {
          "idx": 2277,
          "EventID": 7,
          "TimeCreated": "2020-07-22 04:02:28.759000+00:00",
          "Image": "C:\\Windows\\System32\\wbem\\WmiPrvSE.exe",
          "CommandLine": "nan",
          "ParentImage": "nan",
          "TargetObject": "nan"
        },
        {
          "idx": 2278,
          "EventID": 7,
          "TimeCreated": "2020-07-22 04:02:28.759000+00:00",
          "Image": "C:\\Windows\\System32\\wbem\\WmiPrvSE.exe",
          "CommandLine": "nan",
          "ParentImage": "nan",
          "TargetObject": "nan"
        },
        {
          "idx": 2279,
          "EventID": 7,
          "TimeCreated": "2020-07-22 04:02:28.759000+00:00",
          "Image": "C:\\Windows\\System32\\wbem\\WmiPrvSE.exe",
          "CommandLine": "nan",
          "ParentImage": "nan",
          "TargetObject": "nan"
        },
        {
          "idx": 2280,
          "EventID": 7,
          "TimeCreated": "2020-07-22 04:02:28.759000+00:00",
          "Image": "C:\\Windows\\System32\\wbem\\WmiPrvSE.exe",
          "CommandLine": "nan",
          "ParentImage": "nan",
          "TargetObject": "nan"
        }
      ],
      "gt_technique_id": "T1055.001",
      "gt_technique_name": "PowerShell",
      "gt_tactic": "Defense Evasion",
      "gt_is_true_positive": false,
      "gt_notes": "auto: noise:no-kw,rule!=fam(T1059.001)"
    },
    {
      "group_id": "T1069_002_1594",
      "rule_technique_id": "T1069.002",
      "rule_technique_name": "Domain Groups Discovery",
      "confidence": 1.0,
      "anchor": {
        "idx": 1594,
        "EventID": 4661,
        "Image": "nan",
        "CommandLine": "nan",
        "TimeCreated": "2020-07-22 04:02:02.468000+00:00"
      },
      "num_events": 26,
      "event_id_distribution": {
        "3": 22,
        "4661": 4
      },
      "sample_logs": [
        {
          "idx": 1402,
          "EventID": 3,
          "TimeCreated": "2020-07-22 04:01:59.417000+00:00",
          "Image": "C:\\Windows\\System32\\svchost.exe",
          "CommandLine": "nan",
          "ParentImage": "nan",
          "TargetObject": "nan"
        },
        {
          "idx": 1403,
          "EventID": 3,
          "TimeCreated": "2020-07-22 04:01:59.417000+00:00",
          "Image": "C:\\Windows\\System32\\svchost.exe",
          "CommandLine": "nan",
          "ParentImage": "nan",
          "TargetObject": "nan"
        },
        {
          "idx": 1404,
          "EventID": 3,
          "TimeCreated": "2020-07-22 04:01:59.417000+00:00",
          "Image": "C:\\Windows\\System32\\lsass.exe",
          "CommandLine": "nan",
          "ParentImage": "nan",
          "TargetObject": "nan"
        },
        {
          "idx": 1405,
          "EventID": 3,
          "TimeCreated": "2020-07-22 04:01:59.417000+00:00",
          "Image": "C:\\Windows\\System32\\svchost.exe",
          "CommandLine": "nan",
          "ParentImage": "nan",
          "TargetObject": "nan"
        },
        {
          "idx": 1406,
          "EventID": 3,
          "TimeCreated": "2020-07-22 04:01:59.417000+00:00",
          "Image": "C:\\Windows\\System32\\lsass.exe",
          "CommandLine": "nan",
          "ParentImage": "nan",
          "TargetObject": "nan"
        },
        {
          "idx": 1407,
          "EventID": 3,
          "TimeCreated": "2020-07-22 04:01:59.418000+00:00",
          "Image": "System",
          "CommandLine": "nan",
          "ParentImage": "nan",
          "TargetObject": "nan"
        },
        {
          "idx": 1408,
          "EventID": 3,
          "TimeCreated": "2020-07-22 04:01:59.418000+00:00",
          "Image": "System",
          "CommandLine": "nan",
          "ParentImage": "nan",
          "TargetObject": "nan"
        },
        {
          "idx": 1572,
          "EventID": 3,
          "TimeCreated": "2020-07-22 04:02:01.446000+00:00",
          "Image": "C:\\Windows\\System32\\dns.exe",
          "CommandLine": "nan",
          "ParentImage": "nan",
          "TargetObject": "nan"
        },
        {
          "idx": 1574,
          "EventID": 3,
          "TimeCreated": "2020-07-22 04:02:01.448000+00:00",
          "Image": "C:\\Windows\\System32\\svchost.exe",
          "CommandLine": "nan",
          "ParentImage": "nan",
          "TargetObject": "nan"
        },
        {
          "idx": 1576,
          "EventID": 3,
          "TimeCreated": "2020-07-22 04:02:01.448000+00:00",
          "Image": "C:\\Windows\\System32\\dns.exe",
          "CommandLine": "nan",
          "ParentImage": "nan",
          "TargetObject": "nan"
        },
        {
          "idx": 1579,
          "EventID": 3,
          "TimeCreated": "2020-07-22 04:02:01.449000+00:00",
          "Image": "C:\\Windows\\System32\\svchost.exe",
          "CommandLine": "nan",
          "ParentImage": "nan",
          "TargetObject": "nan"
        },
        {
          "idx": 1580,
          "EventID": 3,
          "TimeCreated": "2020-07-22 04:02:01.449000+00:00",
          "Image": "C:\\Windows\\System32\\dns.exe",
          "CommandLine": "nan",
          "ParentImage": "nan",
          "TargetObject": "nan"
        },
        {
          "idx": 1583,
          "EventID": 3,
          "TimeCreated": "2020-07-22 04:02:01.450000+00:00",
          "Image": "System",
          "CommandLine": "nan",
          "ParentImage": "nan",
          "TargetObject": "nan"
        },
        {
          "idx": 1581,
          "EventID": 3,
          "TimeCreated": "2020-07-22 04:02:01.450000+00:00",
          "Image": "C:\\Windows\\System32\\dns.exe",
          "CommandLine": "nan",
          "ParentImage": "nan",
          "TargetObject": "nan"
        },
        {
          "idx": 1582,
          "EventID": 3,
          "TimeCreated": "2020-07-22 04:02:01.450000+00:00",
          "Image": "System",
          "CommandLine": "nan",
          "ParentImage": "nan",
          "TargetObject": "nan"
        }
      ],
      "gt_technique_id": "T1055.001",
      "gt_technique_name": "Domain Groups Discovery",
      "gt_tactic": "Defense Evasion",
      "gt_is_true_positive": false,
      "gt_notes": "auto: noise:no-kw,rule!=fam(T1069.002)"
    },
    {
      "group_id": "T1070_004_605",
      "rule_technique_id": "T1070.004",
      "rule_technique_name": "File Deletion",
      "confidence": 0.0,
      "anchor": {
        "idx": 605,
        "EventID": 23,
        "Image": "C:\\windows\\system32\\notepad.exe",
        "CommandLine": "nan",
        "TimeCreated": "2020-07-22 04:01:06.014000+00:00"
      },
      "num_events": 53,
      "event_id_distribution": {
        "7": 47,
        "11": 2,
        "23": 2,
        "12": 1,
        "17": 1
      },
      "sample_logs": [
        {
          "idx": 497,
          "EventID": 7,
          "TimeCreated": "2020-07-22 04:01:04.995000+00:00",
          "Image": "C:\\Windows\\System32\\notepad.exe",
          "CommandLine": "nan",
          "ParentImage": "nan",
          "TargetObject": "nan"
        },
        {
          "idx": 501,
          "EventID": 7,
          "TimeCreated": "2020-07-22 04:01:04.995000+00:00",
          "Image": "C:\\Windows\\System32\\notepad.exe",
          "CommandLine": "nan",
          "ParentImage": "nan",
          "TargetObject": "nan"
        },
        {
          "idx": 502,
          "EventID": 7,
          "TimeCreated": "2020-07-22 04:01:04.996000+00:00",
          "Image": "C:\\Windows\\System32\\notepad.exe",
          "CommandLine": "nan",
          "ParentImage": "nan",
          "TargetObject": "nan"
        },
        {
          "idx": 504,
          "EventID": 7,
          "TimeCreated": "2020-07-22 04:01:04.997000+00:00",
          "Image": "C:\\Windows\\System32\\notepad.exe",
          "CommandLine": "nan",
          "ParentImage": "nan",
          "TargetObject": "nan"
        },
        {
          "idx": 506,
          "EventID": 7,
          "TimeCreated": "2020-07-22 04:01:04.998000+00:00",
          "Image": "C:\\Windows\\System32\\notepad.exe",
          "CommandLine": "nan",
          "ParentImage": "nan",
          "TargetObject": "nan"
        },
        {
          "idx": 512,
          "EventID": 7,
          "TimeCreated": "2020-07-22 04:01:04.999000+00:00",
          "Image": "C:\\Windows\\System32\\notepad.exe",
          "CommandLine": "nan",
          "ParentImage": "nan",
          "TargetObject": "nan"
        },
        {
          "idx": 513,
          "EventID": 7,
          "TimeCreated": "2020-07-22 04:01:04.999000+00:00",
          "Image": "C:\\Windows\\System32\\notepad.exe",
          "CommandLine": "nan",
          "ParentImage": "nan",
          "TargetObject": "nan"
        },
        {
          "idx": 516,
          "EventID": 7,
          "TimeCreated": "2020-07-22 04:01:05+00:00",
          "Image": "C:\\Windows\\System32\\notepad.exe",
          "CommandLine": "nan",
          "ParentImage": "nan",
          "TargetObject": "nan"
        },
        {
          "idx": 521,
          "EventID": 7,
          "TimeCreated": "2020-07-22 04:01:05.001000+00:00",
          "Image": "C:\\Windows\\System32\\notepad.exe",
          "CommandLine": "nan",
          "ParentImage": "nan",
          "TargetObject": "nan"
        },
        {
          "idx": 523,
          "EventID": 7,
          "TimeCreated": "2020-07-22 04:01:05.001000+00:00",
          "Image": "C:\\Windows\\System32\\notepad.exe",
          "CommandLine": "nan",
          "ParentImage": "nan",
          "TargetObject": "nan"
        },
        {
          "idx": 524,
          "EventID": 7,
          "TimeCreated": "2020-07-22 04:01:05.002000+00:00",
          "Image": "C:\\Windows\\System32\\notepad.exe",
          "CommandLine": "nan",
          "ParentImage": "nan",
          "TargetObject": "nan"
        },
        {
          "idx": 528,
          "EventID": 7,
          "TimeCreated": "2020-07-22 04:01:05.002000+00:00",
          "Image": "C:\\Windows\\System32\\notepad.exe",
          "CommandLine": "nan",
          "ParentImage": "nan",
          "TargetObject": "nan"
        },
        {
          "idx": 532,
          "EventID": 7,
          "TimeCreated": "2020-07-22 04:01:05.003000+00:00",
          "Image": "C:\\Windows\\System32\\notepad.exe",
          "CommandLine": "nan",
          "ParentImage": "nan",
          "TargetObject": "nan"
        },
        {
          "idx": 529,
          "EventID": 7,
          "TimeCreated": "2020-07-22 04:01:05.003000+00:00",
          "Image": "C:\\Windows\\System32\\notepad.exe",
          "CommandLine": "nan",
          "ParentImage": "nan",
          "TargetObject": "nan"
        },
        {
          "idx": 535,
          "EventID": 7,
          "TimeCreated": "2020-07-22 04:01:05.005000+00:00",
          "Image": "C:\\Windows\\System32\\notepad.exe",
          "CommandLine": "nan",
          "ParentImage": "nan",
          "TargetObject": "nan"
        }
      ],
      "gt_technique_id": "T1055.001",
      "gt_technique_name": "File Deletion",
      "gt_tactic": "Defense Evasion",
      "gt_is_true_positive": false,
      "gt_notes": "auto: noise:c=0,no-kw,rule!=fam(T1070.004)"
    },
    {
      "group_id": "T1070_004_608",
      "rule_technique_id": "T1070.004",
      "rule_technique_name": "File Deletion",
      "confidence": 0.0,
      "anchor": {
        "idx": 608,
        "EventID": 23,
        "Image": "C:\\windows\\system32\\notepad.exe",
        "CommandLine": "nan",
        "TimeCreated": "2020-07-22 04:01:06.015000+00:00"
      },
      "num_events": 53,
      "event_id_distribution": {
        "7": 47,
        "11": 2,
        "23": 2,
        "12": 1,
        "17": 1
      },
      "sample_logs": [
        {
          "idx": 497,
          "EventID": 7,
          "TimeCreated": "2020-07-22 04:01:04.995000+00:00",
          "Image": "C:\\Windows\\System32\\notepad.exe",
          "CommandLine": "nan",
          "ParentImage": "nan",
          "TargetObject": "nan"
        },
        {
          "idx": 501,
          "EventID": 7,
          "TimeCreated": "2020-07-22 04:01:04.995000+00:00",
          "Image": "C:\\Windows\\System32\\notepad.exe",
          "CommandLine": "nan",
          "ParentImage": "nan",
          "TargetObject": "nan"
        },
        {
          "idx": 502,
          "EventID": 7,
          "TimeCreated": "2020-07-22 04:01:04.996000+00:00",
          "Image": "C:\\Windows\\System32\\notepad.exe",
          "CommandLine": "nan",
          "ParentImage": "nan",
          "TargetObject": "nan"
        },
        {
          "idx": 504,
          "EventID": 7,
          "TimeCreated": "2020-07-22 04:01:04.997000+00:00",
          "Image": "C:\\Windows\\System32\\notepad.exe",
          "CommandLine": "nan",
          "ParentImage": "nan",
          "TargetObject": "nan"
        },
        {
          "idx": 506,
          "EventID": 7,
          "TimeCreated": "2020-07-22 04:01:04.998000+00:00",
          "Image": "C:\\Windows\\System32\\notepad.exe",
          "CommandLine": "nan",
          "ParentImage": "nan",
          "TargetObject": "nan"
        },
        {
          "idx": 512,
          "EventID": 7,
          "TimeCreated": "2020-07-22 04:01:04.999000+00:00",
          "Image": "C:\\Windows\\System32\\notepad.exe",
          "CommandLine": "nan",
          "ParentImage": "nan",
          "TargetObject": "nan"
        },
        {
          "idx": 513,
          "EventID": 7,
          "TimeCreated": "2020-07-22 04:01:04.999000+00:00",
          "Image": "C:\\Windows\\System32\\notepad.exe",
          "CommandLine": "nan",
          "ParentImage": "nan",
          "TargetObject": "nan"
        },
        {
          "idx": 516,
          "EventID": 7,
          "TimeCreated": "2020-07-22 04:01:05+00:00",
          "Image": "C:\\Windows\\System32\\notepad.exe",
          "CommandLine": "nan",
          "ParentImage": "nan",
          "TargetObject": "nan"
        },
        {
          "idx": 521,
          "EventID": 7,
          "TimeCreated": "2020-07-22 04:01:05.001000+00:00",
          "Image": "C:\\Windows\\System32\\notepad.exe",
          "CommandLine": "nan",
          "ParentImage": "nan",
          "TargetObject": "nan"
        },
        {
          "idx": 523,
          "EventID": 7,
          "TimeCreated": "2020-07-22 04:01:05.001000+00:00",
          "Image": "C:\\Windows\\System32\\notepad.exe",
          "CommandLine": "nan",
          "ParentImage": "nan",
          "TargetObject": "nan"
        },
        {
          "idx": 524,
          "EventID": 7,
          "TimeCreated": "2020-07-22 04:01:05.002000+00:00",
          "Image": "C:\\Windows\\System32\\notepad.exe",
          "CommandLine": "nan",
          "ParentImage": "nan",
          "TargetObject": "nan"
        },
        {
          "idx": 528,
          "EventID": 7,
          "TimeCreated": "2020-07-22 04:01:05.002000+00:00",
          "Image": "C:\\Windows\\System32\\notepad.exe",
          "CommandLine": "nan",
          "ParentImage": "nan",
          "TargetObject": "nan"
        },
        {
          "idx": 532,
          "EventID": 7,
          "TimeCreated": "2020-07-22 04:01:05.003000+00:00",
          "Image": "C:\\Windows\\System32\\notepad.exe",
          "CommandLine": "nan",
          "ParentImage": "nan",
          "TargetObject": "nan"
        },
        {
          "idx": 529,
          "EventID": 7,
          "TimeCreated": "2020-07-22 04:01:05.003000+00:00",
          "Image": "C:\\Windows\\System32\\notepad.exe",
          "CommandLine": "nan",
          "ParentImage": "nan",
          "TargetObject": "nan"
        },
        {
          "idx": 535,
          "EventID": 7,
          "TimeCreated": "2020-07-22 04:01:05.005000+00:00",
          "Image": "C:\\Windows\\System32\\notepad.exe",
          "CommandLine": "nan",
          "ParentImage": "nan",
          "TargetObject": "nan"
        }
      ],
      "gt_technique_id": "T1055.001",
      "gt_technique_name": "File Deletion",
      "gt_tactic": "Defense Evasion",
      "gt_is_true_positive": false,
      "gt_notes": "auto: noise:c=0,no-kw,rule!=fam(T1070.004)"
    },
    {
      "group_id": "T1071_001_67",
      "rule_technique_id": "T1071.001",
      "rule_technique_name": "Web Protocols",
      "confidence": 0.83,
      "anchor": {
        "idx": 67,
        "EventID": 3,
        "Image": "C:\\Windows\\System32\\WindowsPowerShell\\v1.0\\powershell.exe",
        "CommandLine": "nan",
        "TimeCreated": "2020-07-22 04:00:50.795000+00:00"
      },
      "num_events": 168,
      "event_id_distribution": {
        "7": 57,
        "12": 46,
        "5156": 20,
        "13": 19,
        "5158": 12,
        "3": 12,
        "10": 2
      },
      "sample_logs": [
        {
          "idx": 23,
          "EventID": 5158,
          "TimeCreated": "2020-07-22 04:00:49.784000+00:00",
          "Image": "nan",
          "CommandLine": "nan",
          "ParentImage": "nan",
          "TargetObject": "nan"
        },
        {
          "idx": 24,
          "EventID": 12,
          "TimeCreated": "2020-07-22 04:00:49.784000+00:00",
          "Image": "C:\\Windows\\System32\\WindowsPowerShell\\v1.0\\powershell.exe",
          "CommandLine": "nan",
          "ParentImage": "nan",
          "TargetObject": "HKU\\S-1-5-21-2253742117-2054739524-205962475-1104\\Software\\Microsoft\\Windows\\CurrentVersion\\Internet Settings\\Connections"
        },
        {
          "idx": 26,
          "EventID": 5156,
          "TimeCreated": "2020-07-22 04:00:49.786000+00:00",
          "Image": "nan",
          "CommandLine": "nan",
          "ParentImage": "nan",
          "TargetObject": "nan"
        },
        {
          "idx": 30,
          "EventID": 12,
          "TimeCreated": "2020-07-22 04:00:49.787000+00:00",
          "Image": "C:\\windows\\system32\\svchost.exe",
          "CommandLine": "nan",
          "ParentImage": "nan",
          "TargetObject": "HKLM\\SOFTWARE\\Microsoft\\Windows\\Windows Error Reporting\\TermReason\\1296"
        },
        {
          "idx": 31,
          "EventID": 13,
          "TimeCreated": "2020-07-22 04:00:49.787000+00:00",
          "Image": "C:\\windows\\system32\\svchost.exe",
          "CommandLine": "nan",
          "ParentImage": "nan",
          "TargetObject": "HKLM\\SOFTWARE\\Microsoft\\Windows\\Windows Error Reporting\\TermReason\\1296\\Terminator"
        },
        {
          "idx": 33,
          "EventID": 13,
          "TimeCreated": "2020-07-22 04:00:49.788000+00:00",
          "Image": "C:\\windows\\system32\\svchost.exe",
          "CommandLine": "nan",
          "ParentImage": "nan",
          "TargetObject": "HKLM\\SOFTWARE\\Microsoft\\Windows\\Windows Error Reporting\\TermReason\\1296\\Reason"
        },
        {
          "idx": 34,
          "EventID": 13,
          "TimeCreated": "2020-07-22 04:00:49.788000+00:00",
          "Image": "C:\\windows\\system32\\svchost.exe",
          "CommandLine": "nan",
          "ParentImage": "nan",
          "TargetObject": "HKLM\\SOFTWARE\\Microsoft\\Windows\\Windows Error Reporting\\TermReason\\1296\\CreationTime"
        },
        {
          "idx": 37,
          "EventID": 12,
          "TimeCreated": "2020-07-22 04:00:49.789000+00:00",
          "Image": "C:\\windows\\system32\\svchost.exe",
          "CommandLine": "nan",
          "ParentImage": "nan",
          "TargetObject": "HKU\\S-1-5-21-2253742117-2054739524-205962475-1104\\Software\\Microsoft\\Windows NT\\CurrentVersion\\HostActivityManager"
        },
        {
          "idx": 36,
          "EventID": 12,
          "TimeCreated": "2020-07-22 04:00:49.789000+00:00",
          "Image": "C:\\windows\\system32\\svchost.exe",
          "CommandLine": "nan",
          "ParentImage": "nan",
          "TargetObject": "HKU\\S-1-5-21-2253742117-2054739524-205962475-1104\\Software\\Microsoft\\Windows NT\\CurrentVersion\\HostActivityManager"
        },
        {
          "idx": 35,
          "EventID": 13,
          "TimeCreated": "2020-07-22 04:00:49.789000+00:00",
          "Image": "C:\\windows\\system32\\backgroundTaskHost.exe",
          "CommandLine": "nan",
          "ParentImage": "nan",
          "TargetObject": "HKLM\\System\\CurrentControlSet\\Services\\bam\\State\\UserSettings\\S-1-5-21-2253742117-2054739524-205962475-1104\\Microsoft.Windows.Cortana_cw5n1h2txyewy"
        },
        {
          "idx": 38,
          "EventID": 12,
          "TimeCreated": "2020-07-22 04:00:49.790000+00:00",
          "Image": "C:\\windows\\system32\\svchost.exe",
          "CommandLine": "nan",
          "ParentImage": "nan",
          "TargetObject": "HKU\\S-1-5-21-2253742117-2054739524-205962475-1104_Classes\\Local Settings\\Software\\Microsoft\\Windows\\CurrentVersion\\AppModel\\SystemAppData\\Microsoft.Wi"
        },
        {
          "idx": 39,
          "EventID": 12,
          "TimeCreated": "2020-07-22 04:00:49.790000+00:00",
          "Image": "C:\\windows\\system32\\svchost.exe",
          "CommandLine": "nan",
          "ParentImage": "nan",
          "TargetObject": "HKU\\S-1-5-21-2253742117-2054739524-205962475-1104\\Software\\Microsoft\\Windows NT\\CurrentVersion\\HostActivityManager\\CommitHistory"
        },
        {
          "idx": 40,
          "EventID": 12,
          "TimeCreated": "2020-07-22 04:00:49.790000+00:00",
          "Image": "C:\\windows\\system32\\svchost.exe",
          "CommandLine": "nan",
          "ParentImage": "nan",
          "TargetObject": "HKU\\S-1-5-21-2253742117-2054739524-205962475-1104\\Software\\Microsoft\\Windows NT\\CurrentVersion\\HostActivityManager\\CommitHistory\\Microsoft.Windows.Cor"
        },
        {
          "idx": 41,
          "EventID": 13,
          "TimeCreated": "2020-07-22 04:00:49.790000+00:00",
          "Image": "C:\\windows\\system32\\svchost.exe",
          "CommandLine": "nan",
          "ParentImage": "nan",
          "TargetObject": "HKU\\S-1-5-21-2253742117-2054739524-205962475-1104\\Software\\Microsoft\\Windows NT\\CurrentVersion\\HostActivityManager\\CommitHistory\\Microsoft.Windows.Cor"
        },
        {
          "idx": 42,
          "EventID": 12,
          "TimeCreated": "2020-07-22 04:00:49.791000+00:00",
          "Image": "C:\\windows\\system32\\svchost.exe",
          "CommandLine": "nan",
          "ParentImage": "nan",
          "TargetObject": "HKU\\S-1-5-21-2253742117-2054739524-205962475-1104_Classes\\Local Settings\\Software\\Microsoft\\Windows\\CurrentVersion\\AppModel\\SystemAppData\\Microsoft.Wi"
        }
      ],
      "gt_technique_id": "T1055.001",
      "gt_technique_name": "Web Protocols",
      "gt_tactic": "Defense Evasion",
      "gt_is_true_positive": true,
      "gt_notes": "auto: anchor-kw(powershell)"
    },
    {
      "group_id": "T1071_001_716",
      "rule_technique_id": "T1071.001",
      "rule_technique_name": "Web Protocols",
      "confidence": 0.67,
      "anchor": {
        "idx": 716,
        "EventID": 3,
        "Image": "C:\\Windows\\System32\\WindowsPowerShell\\v1.0\\powershell.exe",
        "CommandLine": "nan",
        "TimeCreated": "2020-07-22 04:01:18.039000+00:00"
      },
      "num_events": 203,
      "event_id_distribution": {
        "5156": 65,
        "5158": 44,
        "3": 41,
        "12": 37,
        "13": 16
      },
      "sample_logs": [
        {
          "idx": 643,
          "EventID": 13,
          "TimeCreated": "2020-07-22 04:01:09.007000+00:00",
          "Image": "C:\\windows\\system32\\svchost.exe",
          "CommandLine": "nan",
          "ParentImage": "nan",
          "TargetObject": "HKLM\\System\\CurrentControlSet\\Services\\W32Time\\Config\\LastKnownGoodTime"
        },
        {
          "idx": 663,
          "EventID": 5158,
          "TimeCreated": "2020-07-22 04:01:11.008000+00:00",
          "Image": "nan",
          "CommandLine": "nan",
          "ParentImage": "nan",
          "TargetObject": "nan"
        },
        {
          "idx": 664,
          "EventID": 12,
          "TimeCreated": "2020-07-22 04:01:11.008000+00:00",
          "Image": "C:\\Windows\\System32\\WindowsPowerShell\\v1.0\\powershell.exe",
          "CommandLine": "nan",
          "ParentImage": "nan",
          "TargetObject": "HKU\\S-1-5-21-2253742117-2054739524-205962475-1104\\Software\\Microsoft\\Windows\\CurrentVersion\\Internet Settings\\Connections"
        },
        {
          "idx": 666,
          "EventID": 5156,
          "TimeCreated": "2020-07-22 04:01:11.009000+00:00",
          "Image": "nan",
          "CommandLine": "nan",
          "ParentImage": "nan",
          "TargetObject": "nan"
        },
        {
          "idx": 671,
          "EventID": 12,
          "TimeCreated": "2020-07-22 04:01:12.008000+00:00",
          "Image": "C:\\windows\\servicing\\TrustedInstaller.exe",
          "CommandLine": "nan",
          "ParentImage": "nan",
          "TargetObject": "HKLM\\SOFTWARE\\Microsoft\\Windows\\CurrentVersion\\Component Based Servicing\\TiRunning"
        },
        {
          "idx": 676,
          "EventID": 3,
          "TimeCreated": "2020-07-22 04:01:13.009000+00:00",
          "Image": "C:\\Windows\\System32\\WindowsPowerShell\\v1.0\\powershell.exe",
          "CommandLine": "nan",
          "ParentImage": "nan",
          "TargetObject": "nan"
        },
        {
          "idx": 688,
          "EventID": 5156,
          "TimeCreated": "2020-07-22 04:01:13.011000+00:00",
          "Image": "nan",
          "CommandLine": "nan",
          "ParentImage": "nan",
          "TargetObject": "nan"
        },
        {
          "idx": 689,
          "EventID": 5156,
          "TimeCreated": "2020-07-22 04:01:13.011000+00:00",
          "Image": "nan",
          "CommandLine": "nan",
          "ParentImage": "nan",
          "TargetObject": "nan"
        },
        {
          "idx": 711,
          "EventID": 5158,
          "TimeCreated": "2020-07-22 04:01:16.027000+00:00",
          "Image": "nan",
          "CommandLine": "nan",
          "ParentImage": "nan",
          "TargetObject": "nan"
        },
        {
          "idx": 712,
          "EventID": 5156,
          "TimeCreated": "2020-07-22 04:01:16.028000+00:00",
          "Image": "nan",
          "CommandLine": "nan",
          "ParentImage": "nan",
          "TargetObject": "nan"
        },
        {
          "idx": 713,
          "EventID": 12,
          "TimeCreated": "2020-07-22 04:01:16.028000+00:00",
          "Image": "C:\\Windows\\System32\\WindowsPowerShell\\v1.0\\powershell.exe",
          "CommandLine": "nan",
          "ParentImage": "nan",
          "TargetObject": "HKU\\S-1-5-21-2253742117-2054739524-205962475-1104\\Software\\Microsoft\\Windows\\CurrentVersion\\Internet Settings\\Connections"
        },
        {
          "idx": 716,
          "EventID": 3,
          "TimeCreated": "2020-07-22 04:01:18.039000+00:00",
          "Image": "C:\\Windows\\System32\\WindowsPowerShell\\v1.0\\powershell.exe",
          "CommandLine": "nan",
          "ParentImage": "nan",
          "TargetObject": "nan"
        },
        {
          "idx": 740,
          "EventID": 5156,
          "TimeCreated": "2020-07-22 04:01:21.067000+00:00",
          "Image": "nan",
          "CommandLine": "nan",
          "ParentImage": "nan",
          "TargetObject": "nan"
        },
        {
          "idx": 738,
          "EventID": 5158,
          "TimeCreated": "2020-07-22 04:01:21.067000+00:00",
          "Image": "nan",
          "CommandLine": "nan",
          "ParentImage": "nan",
          "TargetObject": "nan"
        },
        {
          "idx": 739,
          "EventID": 12,
          "TimeCreated": "2020-07-22 04:01:21.067000+00:00",
          "Image": "C:\\Windows\\System32\\WindowsPowerShell\\v1.0\\powershell.exe",
          "CommandLine": "nan",
          "ParentImage": "nan",
          "TargetObject": "HKU\\S-1-5-21-2253742117-2054739524-205962475-1104\\Software\\Microsoft\\Windows\\CurrentVersion\\Internet Settings\\Connections"
        }
      ],
      "gt_technique_id": "T1055.001",
      "gt_technique_name": "Web Protocols",
      "gt_tactic": "Defense Evasion",
      "gt_is_true_positive": true,
      "gt_notes": "auto: anchor-kw(powershell)"
    },
    {
      "group_id": "T1071_001_10781",
      "rule_technique_id": "T1071.001",
      "rule_technique_name": "Web Protocols",
      "confidence": 0.83,
      "anchor": {
        "idx": 10781,
        "EventID": 3,
        "Image": "C:\\Windows\\System32\\WindowsPowerShell\\v1.0\\powershell.exe",
        "CommandLine": "nan",
        "TimeCreated": "2020-07-22 04:03:30.798000+00:00"
      },
      "num_events": 211,
      "event_id_distribution": {
        "7": 94,
        "12": 28,
        "5156": 27,
        "5158": 23,
        "3": 23,
        "13": 16
      },
      "sample_logs": [
        {
          "idx": 10707,
          "EventID": 5156,
          "TimeCreated": "2020-07-22 04:03:22.785000+00:00",
          "Image": "nan",
          "CommandLine": "nan",
          "ParentImage": "nan",
          "TargetObject": "nan"
        },
        {
          "idx": 10708,
          "EventID": 5156,
          "TimeCreated": "2020-07-22 04:03:22.785000+00:00",
          "Image": "nan",
          "CommandLine": "nan",
          "ParentImage": "nan",
          "TargetObject": "nan"
        },
        {
          "idx": 10726,
          "EventID": 5158,
          "TimeCreated": "2020-07-22 04:03:24.792000+00:00",
          "Image": "nan",
          "CommandLine": "nan",
          "ParentImage": "nan",
          "TargetObject": "nan"
        },
        {
          "idx": 10730,
          "EventID": 12,
          "TimeCreated": "2020-07-22 04:03:24.793000+00:00",
          "Image": "C:\\Windows\\System32\\WindowsPowerShell\\v1.0\\powershell.exe",
          "CommandLine": "nan",
          "ParentImage": "nan",
          "TargetObject": "HKU\\S-1-5-21-2253742117-2054739524-205962475-1104\\Software\\Microsoft\\Windows\\CurrentVersion\\Internet Settings\\Connections"
        },
        {
          "idx": 10731,
          "EventID": 5156,
          "TimeCreated": "2020-07-22 04:03:24.793000+00:00",
          "Image": "nan",
          "CommandLine": "nan",
          "ParentImage": "nan",
          "TargetObject": "nan"
        },
        {
          "idx": 10737,
          "EventID": 3,
          "TimeCreated": "2020-07-22 04:03:25.793000+00:00",
          "Image": "C:\\Windows\\System32\\WindowsPowerShell\\v1.0\\powershell.exe",
          "CommandLine": "nan",
          "ParentImage": "nan",
          "TargetObject": "nan"
        },
        {
          "idx": 10775,
          "EventID": 12,
          "TimeCreated": "2020-07-22 04:03:28.797000+00:00",
          "Image": "C:\\Windows\\System32\\WindowsPowerShell\\v1.0\\powershell.exe",
          "CommandLine": "nan",
          "ParentImage": "nan",
          "TargetObject": "HKU\\S-1-5-21-2253742117-2054739524-205962475-1104\\Software\\Microsoft\\Windows\\CurrentVersion\\Internet Settings\\Connections"
        },
        {
          "idx": 10776,
          "EventID": 5158,
          "TimeCreated": "2020-07-22 04:03:28.797000+00:00",
          "Image": "nan",
          "CommandLine": "nan",
          "ParentImage": "nan",
          "TargetObject": "nan"
        },
        {
          "idx": 10779,
          "EventID": 5156,
          "TimeCreated": "2020-07-22 04:03:28.798000+00:00",
          "Image": "nan",
          "CommandLine": "nan",
          "ParentImage": "nan",
          "TargetObject": "nan"
        },
        {
          "idx": 10781,
          "EventID": 3,
          "TimeCreated": "2020-07-22 04:03:30.798000+00:00",
          "Image": "C:\\Windows\\System32\\WindowsPowerShell\\v1.0\\powershell.exe",
          "CommandLine": "nan",
          "ParentImage": "nan",
          "TargetObject": "nan"
        },
        {
          "idx": 10797,
          "EventID": 13,
          "TimeCreated": "2020-07-22 04:03:32.817000+00:00",
          "Image": "C:\\windows\\system32\\svchost.exe",
          "CommandLine": "nan",
          "ParentImage": "nan",
          "TargetObject": "HKLM\\System\\CurrentControlSet\\Services\\W32Time\\Config\\LastKnownGoodTime"
        },
        {
          "idx": 10798,
          "EventID": 5156,
          "TimeCreated": "2020-07-22 04:03:32.817000+00:00",
          "Image": "nan",
          "CommandLine": "nan",
          "ParentImage": "nan",
          "TargetObject": "nan"
        },
        {
          "idx": 10799,
          "EventID": 5156,
          "TimeCreated": "2020-07-22 04:03:32.817000+00:00",
          "Image": "nan",
          "CommandLine": "nan",
          "ParentImage": "nan",
          "TargetObject": "nan"
        },
        {
          "idx": 10815,
          "EventID": 5158,
          "TimeCreated": "2020-07-22 04:03:33.830000+00:00",
          "Image": "nan",
          "CommandLine": "nan",
          "ParentImage": "nan",
          "TargetObject": "nan"
        },
        {
          "idx": 10814,
          "EventID": 12,
          "TimeCreated": "2020-07-22 04:03:33.830000+00:00",
          "Image": "C:\\Windows\\System32\\WindowsPowerShell\\v1.0\\powershell.exe",
          "CommandLine": "nan",
          "ParentImage": "nan",
          "TargetObject": "HKU\\S-1-5-21-2253742117-2054739524-205962475-1104\\Software\\Microsoft\\Windows\\CurrentVersion\\Internet Settings\\Connections"
        }
      ],
      "gt_technique_id": "T1055.001",
      "gt_technique_name": "Web Protocols",
      "gt_tactic": "Defense Evasion",
      "gt_is_true_positive": true,
      "gt_notes": "auto: anchor-kw(powershell)"
    },
    {
      "group_id": "T1087_002_1591",
      "rule_technique_id": "T1087.002",
      "rule_technique_name": "Domain Account Discovery",
      "confidence": 1.0,
      "anchor": {
        "idx": 1591,
        "EventID": 4661,
        "Image": "nan",
        "CommandLine": "nan",
        "TimeCreated": "2020-07-22 04:02:02.468000+00:00"
      },
      "num_events": 34,
      "event_id_distribution": {
        "3": 22,
        "4661": 12
      },
      "sample_logs": [
        {
          "idx": 1402,
          "EventID": 3,
          "TimeCreated": "2020-07-22 04:01:59.417000+00:00",
          "Image": "C:\\Windows\\System32\\svchost.exe",
          "CommandLine": "nan",
          "ParentImage": "nan",
          "TargetObject": "nan"
        },
        {
          "idx": 1403,
          "EventID": 3,
          "TimeCreated": "2020-07-22 04:01:59.417000+00:00",
          "Image": "C:\\Windows\\System32\\svchost.exe",
          "CommandLine": "nan",
          "ParentImage": "nan",
          "TargetObject": "nan"
        },
        {
          "idx": 1404,
          "EventID": 3,
          "TimeCreated": "2020-07-22 04:01:59.417000+00:00",
          "Image": "C:\\Windows\\System32\\lsass.exe",
          "CommandLine": "nan",
          "ParentImage": "nan",
          "TargetObject": "nan"
        },
        {
          "idx": 1405,
          "EventID": 3,
          "TimeCreated": "2020-07-22 04:01:59.417000+00:00",
          "Image": "C:\\Windows\\System32\\svchost.exe",
          "CommandLine": "nan",
          "ParentImage": "nan",
          "TargetObject": "nan"
        },
        {
          "idx": 1406,
          "EventID": 3,
          "TimeCreated": "2020-07-22 04:01:59.417000+00:00",
          "Image": "C:\\Windows\\System32\\lsass.exe",
          "CommandLine": "nan",
          "ParentImage": "nan",
          "TargetObject": "nan"
        },
        {
          "idx": 1407,
          "EventID": 3,
          "TimeCreated": "2020-07-22 04:01:59.418000+00:00",
          "Image": "System",
          "CommandLine": "nan",
          "ParentImage": "nan",
          "TargetObject": "nan"
        },
        {
          "idx": 1408,
          "EventID": 3,
          "TimeCreated": "2020-07-22 04:01:59.418000+00:00",
          "Image": "System",
          "CommandLine": "nan",
          "ParentImage": "nan",
          "TargetObject": "nan"
        },
        {
          "idx": 1572,
          "EventID": 3,
          "TimeCreated": "2020-07-22 04:02:01.446000+00:00",
          "Image": "C:\\Windows\\System32\\dns.exe",
          "CommandLine": "nan",
          "ParentImage": "nan",
          "TargetObject": "nan"
        },
        {
          "idx": 1574,
          "EventID": 3,
          "TimeCreated": "2020-07-22 04:02:01.448000+00:00",
          "Image": "C:\\Windows\\System32\\svchost.exe",
          "CommandLine": "nan",
          "ParentImage": "nan",
          "TargetObject": "nan"
        },
        {
          "idx": 1576,
          "EventID": 3,
          "TimeCreated": "2020-07-22 04:02:01.448000+00:00",
          "Image": "C:\\Windows\\System32\\dns.exe",
          "CommandLine": "nan",
          "ParentImage": "nan",
          "TargetObject": "nan"
        },
        {
          "idx": 1579,
          "EventID": 3,
          "TimeCreated": "2020-07-22 04:02:01.449000+00:00",
          "Image": "C:\\Windows\\System32\\svchost.exe",
          "CommandLine": "nan",
          "ParentImage": "nan",
          "TargetObject": "nan"
        },
        {
          "idx": 1580,
          "EventID": 3,
          "TimeCreated": "2020-07-22 04:02:01.449000+00:00",
          "Image": "C:\\Windows\\System32\\dns.exe",
          "CommandLine": "nan",
          "ParentImage": "nan",
          "TargetObject": "nan"
        },
        {
          "idx": 1581,
          "EventID": 3,
          "TimeCreated": "2020-07-22 04:02:01.450000+00:00",
          "Image": "C:\\Windows\\System32\\dns.exe",
          "CommandLine": "nan",
          "ParentImage": "nan",
          "TargetObject": "nan"
        },
        {
          "idx": 1582,
          "EventID": 3,
          "TimeCreated": "2020-07-22 04:02:01.450000+00:00",
          "Image": "System",
          "CommandLine": "nan",
          "ParentImage": "nan",
          "TargetObject": "nan"
        },
        {
          "idx": 1583,
          "EventID": 3,
          "TimeCreated": "2020-07-22 04:02:01.450000+00:00",
          "Image": "System",
          "CommandLine": "nan",
          "ParentImage": "nan",
          "TargetObject": "nan"
        }
      ],
      "gt_technique_id": "T1055.001",
      "gt_technique_name": "Domain Account Discovery",
      "gt_tactic": "Defense Evasion",
      "gt_is_true_positive": false,
      "gt_notes": "auto: noise:no-kw,rule!=fam(T1087.002)"
    },
    {
      "group_id": "T1087_002_3713",
      "rule_technique_id": "T1087.002",
      "rule_technique_name": "Domain Account Discovery",
      "confidence": 1.0,
      "anchor": {
        "idx": 3713,
        "EventID": 4104,
        "Image": "nan",
        "CommandLine": "nan",
        "TimeCreated": "2020-07-22 04:02:31.147000+00:00"
      },
      "num_events": 21,
      "event_id_distribution": {
        "3": 20,
        "4104": 1
      },
      "sample_logs": [
        {
          "idx": 2252,
          "EventID": 3,
          "TimeCreated": "2020-07-22 04:02:27.745000+00:00",
          "Image": "C:\\Windows\\ADWS\\Microsoft.ActiveDirectory.WebServices.exe",
          "CommandLine": "nan",
          "ParentImage": "nan",
          "TargetObject": "nan"
        },
        {
          "idx": 2253,
          "EventID": 3,
          "TimeCreated": "2020-07-22 04:02:27.745000+00:00",
          "Image": "C:\\Windows\\System32\\lsass.exe",
          "CommandLine": "nan",
          "ParentImage": "nan",
          "TargetObject": "nan"
        },
        {
          "idx": 3713,
          "EventID": 4104,
          "TimeCreated": "2020-07-22 04:02:31.147000+00:00",
          "Image": "nan",
          "CommandLine": "nan",
          "ParentImage": "nan",
          "TargetObject": "nan"
        },
        {
          "idx": 3920,
          "EventID": 3,
          "TimeCreated": "2020-07-22 04:02:34.260000+00:00",
          "Image": "C:\\Windows\\System32\\svchost.exe",
          "CommandLine": "nan",
          "ParentImage": "nan",
          "TargetObject": "nan"
        },
