        {
          "idx": 66032,
          "EventID": 13,
          "TimeCreated": "2020-09-04 20:46:58.501000+00:00",
          "Image": "C:\\windows\\system32\\svchost.exe",
          "CommandLine": "nan",
          "ParentImage": "nan",
          "TargetObject": "HKLM\\SOFTWARE\\Microsoft\\Windows\\Windows Error Reporting\\TermReason\\7140\\Terminator"
        },
        {
          "idx": 66033,
          "EventID": 13,
          "TimeCreated": "2020-09-04 20:46:58.501000+00:00",
          "Image": "C:\\windows\\system32\\svchost.exe",
          "CommandLine": "nan",
          "ParentImage": "nan",
          "TargetObject": "HKLM\\SOFTWARE\\Microsoft\\Windows\\Windows Error Reporting\\TermReason\\7140\\CreationTime"
        },
        {
          "idx": 66036,
          "EventID": 12,
          "TimeCreated": "2020-09-04 20:46:58.502000+00:00",
          "Image": "C:\\windows\\system32\\svchost.exe",
          "CommandLine": "nan",
          "ParentImage": "nan",
          "TargetObject": "HKU\\S-1-5-21-2079883792-3656946353-945924832-1104\\Software\\Microsoft\\Windows NT\\CurrentVersion\\HostActivityManager"
        },
        {
          "idx": 66035,
          "EventID": 12,
          "TimeCreated": "2020-09-04 20:46:58.502000+00:00",
          "Image": "C:\\windows\\system32\\svchost.exe",
          "CommandLine": "nan",
          "ParentImage": "nan",
          "TargetObject": "HKU\\S-1-5-21-2079883792-3656946353-945924832-1104\\Software\\Microsoft\\Windows NT\\CurrentVersion\\HostActivityManager"
        },
        {
          "idx": 66037,
          "EventID": 12,
          "TimeCreated": "2020-09-04 20:46:58.503000+00:00",
          "Image": "C:\\windows\\system32\\svchost.exe",
          "CommandLine": "nan",
          "ParentImage": "nan",
          "TargetObject": "HKU\\S-1-5-21-2079883792-3656946353-945924832-1104\\Software\\Microsoft\\Windows NT\\CurrentVersion\\HostActivityManager\\CommitHistory"
        },
        {
          "idx": 66038,
          "EventID": 12,
          "TimeCreated": "2020-09-04 20:46:58.503000+00:00",
          "Image": "C:\\windows\\system32\\svchost.exe",
          "CommandLine": "nan",
          "ParentImage": "nan",
          "TargetObject": "HKU\\S-1-5-21-2079883792-3656946353-945924832-1104\\Software\\Microsoft\\Windows NT\\CurrentVersion\\HostActivityManager\\CommitHistory\\Microsoft.MicrosoftOf"
        },
        {
          "idx": 66039,
          "EventID": 13,
          "TimeCreated": "2020-09-04 20:46:58.503000+00:00",
          "Image": "C:\\windows\\system32\\svchost.exe",
          "CommandLine": "nan",
          "ParentImage": "nan",
          "TargetObject": "HKU\\S-1-5-21-2079883792-3656946353-945924832-1104\\Software\\Microsoft\\Windows NT\\CurrentVersion\\HostActivityManager\\CommitHistory\\Microsoft.MicrosoftOf"
        },
        {
          "idx": 66040,
          "EventID": 12,
          "TimeCreated": "2020-09-04 20:46:58.504000+00:00",
          "Image": "C:\\windows\\system32\\svchost.exe",
          "CommandLine": "nan",
          "ParentImage": "nan",
          "TargetObject": "HKU\\S-1-5-21-2079883792-3656946353-945924832-1104_Classes\\Local Settings\\Software\\Microsoft\\Windows\\CurrentVersion\\AppModel\\SystemAppData\\Microsoft.Mi"
        }
      ],
      "gt_technique_id": "T1546.003",
      "gt_technique_name": "Scheduled Task",
      "gt_tactic": "Persistence",
      "gt_is_true_positive": false,
      "gt_notes": "auto: noise:no-kw,rule!=fam(T1053.005)"
    },
    {
      "group_id": "T1059_60093",
      "rule_technique_id": "T1059",
      "rule_technique_name": "Command and Scripting Interpreter",
      "confidence": 1.0,
      "anchor": {
        "idx": 60093,
        "EventID": 1,
        "Image": "C:\\Windows\\System32\\cmd.exe",
        "CommandLine": "C:\\windows\\system32\\cmd.exe /c \"\"C:\\Packages\\Plugins\\Microsoft.Compute.JsonADDomainExtension\\1.3.6\\enable.cmd\"\"",
        "TimeCreated": "2020-09-04 20:46:48.219000+00:00"
      },
      "num_events": 366,
      "event_id_distribution": {
        "23": 126,
        "2": 108,
        "13": 69,
        "7": 38,
        "12": 18,
        "1": 3,
        "5": 3,
        "22": 1
      },
      "sample_logs": [
        {
          "idx": 58522,
          "EventID": 2,
          "TimeCreated": "2020-09-04 20:46:41.292000+00:00",
          "Image": "C:\\WindowsAzure\\GuestAgent_2.7.41491.993_2020-09-04_183615\\GuestAgent\\WindowsAzureGuestAgent.exe",
          "CommandLine": "nan",
          "ParentImage": "nan",
          "TargetObject": "nan"
        },
        {
          "idx": 58524,
          "EventID": 2,
          "TimeCreated": "2020-09-04 20:46:41.293000+00:00",
          "Image": "C:\\WindowsAzure\\GuestAgent_2.7.41491.993_2020-09-04_183615\\GuestAgent\\WindowsAzureGuestAgent.exe",
          "CommandLine": "nan",
          "ParentImage": "nan",
          "TargetObject": "nan"
        },
        {
          "idx": 58525,
          "EventID": 2,
          "TimeCreated": "2020-09-04 20:46:41.294000+00:00",
          "Image": "C:\\WindowsAzure\\GuestAgent_2.7.41491.993_2020-09-04_183615\\GuestAgent\\WindowsAzureGuestAgent.exe",
          "CommandLine": "nan",
          "ParentImage": "nan",
          "TargetObject": "nan"
        },
        {
          "idx": 58532,
          "EventID": 2,
          "TimeCreated": "2020-09-04 20:46:41.298000+00:00",
          "Image": "C:\\WindowsAzure\\GuestAgent_2.7.41491.993_2020-09-04_183615\\GuestAgent\\WindowsAzureGuestAgent.exe",
          "CommandLine": "nan",
          "ParentImage": "nan",
          "TargetObject": "nan"
        },
        {
          "idx": 58537,
          "EventID": 2,
          "TimeCreated": "2020-09-04 20:46:41.301000+00:00",
          "Image": "C:\\WindowsAzure\\GuestAgent_2.7.41491.993_2020-09-04_183615\\GuestAgent\\WindowsAzureGuestAgent.exe",
          "CommandLine": "nan",
          "ParentImage": "nan",
          "TargetObject": "nan"
        },
        {
          "idx": 58538,
          "EventID": 2,
          "TimeCreated": "2020-09-04 20:46:41.301000+00:00",
          "Image": "C:\\WindowsAzure\\GuestAgent_2.7.41491.993_2020-09-04_183615\\GuestAgent\\WindowsAzureGuestAgent.exe",
          "CommandLine": "nan",
          "ParentImage": "nan",
          "TargetObject": "nan"
        },
        {
          "idx": 58539,
          "EventID": 2,
          "TimeCreated": "2020-09-04 20:46:41.301000+00:00",
          "Image": "C:\\WindowsAzure\\GuestAgent_2.7.41491.993_2020-09-04_183615\\GuestAgent\\WindowsAzureGuestAgent.exe",
          "CommandLine": "nan",
          "ParentImage": "nan",
          "TargetObject": "nan"
        },
        {
          "idx": 58549,
          "EventID": 2,
          "TimeCreated": "2020-09-04 20:46:41.306000+00:00",
          "Image": "C:\\WindowsAzure\\GuestAgent_2.7.41491.993_2020-09-04_183615\\GuestAgent\\WindowsAzureGuestAgent.exe",
          "CommandLine": "nan",
          "ParentImage": "nan",
          "TargetObject": "nan"
        },
        {
          "idx": 58550,
          "EventID": 2,
          "TimeCreated": "2020-09-04 20:46:41.307000+00:00",
          "Image": "C:\\WindowsAzure\\GuestAgent_2.7.41491.993_2020-09-04_183615\\GuestAgent\\WindowsAzureGuestAgent.exe",
          "CommandLine": "nan",
          "ParentImage": "nan",
          "TargetObject": "nan"
        },
        {
          "idx": 58558,
          "EventID": 2,
          "TimeCreated": "2020-09-04 20:46:41.312000+00:00",
          "Image": "C:\\WindowsAzure\\GuestAgent_2.7.41491.993_2020-09-04_183615\\GuestAgent\\WindowsAzureGuestAgent.exe",
          "CommandLine": "nan",
          "ParentImage": "nan",
          "TargetObject": "nan"
        },
        {
          "idx": 58561,
          "EventID": 2,
          "TimeCreated": "2020-09-04 20:46:41.313000+00:00",
          "Image": "C:\\WindowsAzure\\GuestAgent_2.7.41491.993_2020-09-04_183615\\GuestAgent\\WindowsAzureGuestAgent.exe",
          "CommandLine": "nan",
          "ParentImage": "nan",
          "TargetObject": "nan"
        },
        {
          "idx": 58564,
          "EventID": 2,
          "TimeCreated": "2020-09-04 20:46:41.314000+00:00",
          "Image": "C:\\WindowsAzure\\GuestAgent_2.7.41491.993_2020-09-04_183615\\GuestAgent\\WindowsAzureGuestAgent.exe",
          "CommandLine": "nan",
          "ParentImage": "nan",
          "TargetObject": "nan"
        },
        {
          "idx": 58565,
          "EventID": 2,
          "TimeCreated": "2020-09-04 20:46:41.315000+00:00",
          "Image": "C:\\WindowsAzure\\GuestAgent_2.7.41491.993_2020-09-04_183615\\GuestAgent\\WindowsAzureGuestAgent.exe",
          "CommandLine": "nan",
          "ParentImage": "nan",
          "TargetObject": "nan"
        },
        {
          "idx": 58566,
          "EventID": 2,
          "TimeCreated": "2020-09-04 20:46:41.315000+00:00",
          "Image": "C:\\WindowsAzure\\GuestAgent_2.7.41491.993_2020-09-04_183615\\GuestAgent\\WindowsAzureGuestAgent.exe",
          "CommandLine": "nan",
          "ParentImage": "nan",
          "TargetObject": "nan"
        },
        {
          "idx": 58567,
          "EventID": 2,
          "TimeCreated": "2020-09-04 20:46:41.316000+00:00",
          "Image": "C:\\WindowsAzure\\GuestAgent_2.7.41491.993_2020-09-04_183615\\GuestAgent\\WindowsAzureGuestAgent.exe",
          "CommandLine": "nan",
          "ParentImage": "nan",
          "TargetObject": "nan"
        }
      ],
      "gt_technique_id": "T1546.003",
      "gt_technique_name": "Command and Scripting Interpreter",
      "gt_tactic": "Persistence",
      "gt_is_true_positive": false,
      "gt_notes": "auto: noise:no-kw,rule!=fam(T1059)"
    },
    {
      "group_id": "T1059_003_45219",
      "rule_technique_id": "T1059.003",
      "rule_technique_name": "Windows Command Shell",
      "confidence": 1.0,
      "anchor": {
        "idx": 45219,
        "EventID": 4688,
        "Image": "nan",
        "CommandLine": "\"cmd\"",
        "TimeCreated": "2020-09-04 20:46:12.531000+00:00"
      },
      "num_events": 3976,
      "event_id_distribution": {
        "7": 3870,
        "1": 63,
        "11": 42,
        "4688": 1
      },
      "sample_logs": [
        {
          "idx": 40866,
          "EventID": 7,
          "TimeCreated": "2020-09-04 20:46:03.456000+00:00",
          "Image": "C:\\Windows\\System32\\svchost.exe",
          "CommandLine": "nan",
          "ParentImage": "nan",
          "TargetObject": "nan"
        },
        {
          "idx": 41496,
          "EventID": 7,
          "TimeCreated": "2020-09-04 20:46:04.758000+00:00",
          "Image": "C:\\Windows\\System32\\dsregcmd.exe",
          "CommandLine": "nan",
          "ParentImage": "nan",
          "TargetObject": "nan"
        },
        {
          "idx": 41503,
          "EventID": 7,
          "TimeCreated": "2020-09-04 20:46:04.761000+00:00",
          "Image": "C:\\Windows\\System32\\svchost.exe",
          "CommandLine": "nan",
          "ParentImage": "nan",
          "TargetObject": "nan"
        },
        {
          "idx": 41511,
          "EventID": 7,
          "TimeCreated": "2020-09-04 20:46:04.764000+00:00",
          "Image": "C:\\Windows\\System32\\svchost.exe",
          "CommandLine": "nan",
          "ParentImage": "nan",
          "TargetObject": "nan"
        },
        {
          "idx": 41516,
          "EventID": 7,
          "TimeCreated": "2020-09-04 20:46:04.767000+00:00",
          "Image": "C:\\Windows\\System32\\svchost.exe",
          "CommandLine": "nan",
          "ParentImage": "nan",
          "TargetObject": "nan"
        },
        {
          "idx": 41521,
          "EventID": 7,
          "TimeCreated": "2020-09-04 20:46:04.769000+00:00",
          "Image": "C:\\Windows\\System32\\svchost.exe",
          "CommandLine": "nan",
          "ParentImage": "nan",
          "TargetObject": "nan"
        },
        {
          "idx": 41528,
          "EventID": 7,
          "TimeCreated": "2020-09-04 20:46:04.773000+00:00",
          "Image": "C:\\Windows\\System32\\lsass.exe",
          "CommandLine": "nan",
          "ParentImage": "nan",
          "TargetObject": "nan"
        },
        {
          "idx": 41534,
          "EventID": 7,
          "TimeCreated": "2020-09-04 20:46:04.775000+00:00",
          "Image": "C:\\Windows\\System32\\svchost.exe",
          "CommandLine": "nan",
          "ParentImage": "nan",
          "TargetObject": "nan"
        },
        {
          "idx": 41685,
          "EventID": 7,
          "TimeCreated": "2020-09-04 20:46:04.841000+00:00",
          "Image": "C:\\Windows\\System32\\svchost.exe",
          "CommandLine": "nan",
          "ParentImage": "nan",
          "TargetObject": "nan"
        },
        {
          "idx": 42613,
          "EventID": 7,
          "TimeCreated": "2020-09-04 20:46:07.315000+00:00",
          "Image": "C:\\Windows\\System32\\svchost.exe",
          "CommandLine": "nan",
          "ParentImage": "nan",
          "TargetObject": "nan"
        },
        {
          "idx": 42615,
          "EventID": 7,
          "TimeCreated": "2020-09-04 20:46:07.316000+00:00",
          "Image": "C:\\Windows\\System32\\svchost.exe",
          "CommandLine": "nan",
          "ParentImage": "nan",
          "TargetObject": "nan"
        },
        {
          "idx": 43076,
          "EventID": 7,
          "TimeCreated": "2020-09-04 20:46:07.518000+00:00",
          "Image": "C:\\Windows\\System32\\svchost.exe",
          "CommandLine": "nan",
          "ParentImage": "nan",
          "TargetObject": "nan"
        },
        {
          "idx": 43079,
          "EventID": 7,
          "TimeCreated": "2020-09-04 20:46:07.519000+00:00",
          "Image": "C:\\Windows\\System32\\netsh.exe",
          "CommandLine": "nan",
          "ParentImage": "nan",
          "TargetObject": "nan"
        },
        {
          "idx": 43078,
          "EventID": 7,
          "TimeCreated": "2020-09-04 20:46:07.519000+00:00",
          "Image": "C:\\Windows\\System32\\dsregcmd.exe",
          "CommandLine": "nan",
          "ParentImage": "nan",
          "TargetObject": "nan"
        },
        {
          "idx": 43080,
          "EventID": 7,
          "TimeCreated": "2020-09-04 20:46:07.520000+00:00",
          "Image": "C:\\Windows\\System32\\svchost.exe",
          "CommandLine": "nan",
          "ParentImage": "nan",
          "TargetObject": "nan"
        }
      ],
      "gt_technique_id": "T1546.003",
      "gt_technique_name": "Windows Command Shell",
      "gt_tactic": "Persistence",
      "gt_is_true_positive": false,
      "gt_notes": "auto: noise:no-kw,rule!=fam(T1059.003)"
    },
    {
      "group_id": "T1112_77216",
      "rule_technique_id": "T1112",
      "rule_technique_name": "Modify Registry",
      "confidence": 1.0,
      "anchor": {
        "idx": 77216,
        "EventID": 13,
        "Image": "C:\\windows\\system32\\wbem\\WmiApSrv.exe",
        "CommandLine": "nan",
        "TimeCreated": "2020-09-04 20:48:38.522000+00:00"
      },
      "num_events": 53,
      "event_id_distribution": {
        "13": 26,
        "11": 12,
        "12": 10,
        "1": 4,
        "5": 1
      },
      "sample_logs": [
        {
          "idx": 76704,
          "EventID": 1,
          "TimeCreated": "2020-09-04 20:48:32.270000+00:00",
          "Image": "C:\\Windows\\System32\\wbem\\WMIADAP.exe",
          "CommandLine": "wmiadap.exe /F /T /R",
          "ParentImage": "C:\\Windows\\System32\\svchost.exe",
          "TargetObject": "nan"
        },
        {
          "idx": 77188,
          "EventID": 12,
          "TimeCreated": "2020-09-04 20:48:37.510000+00:00",
          "Image": "C:\\windows\\system32\\wbem\\WmiApSrv.exe",
          "CommandLine": "nan",
          "ParentImage": "nan",
          "TargetObject": "HKLM\\SOFTWARE\\Microsoft\\Wbem\\CIMOM"
        },
        {
          "idx": 77194,
          "EventID": 11,
          "TimeCreated": "2020-09-04 20:48:37.512000+00:00",
          "Image": "C:\\windows\\system32\\wbem\\WmiApSrv.exe",
          "CommandLine": "nan",
          "ParentImage": "nan",
          "TargetObject": "nan"
        },
        {
          "idx": 77195,
          "EventID": 11,
          "TimeCreated": "2020-09-04 20:48:37.513000+00:00",
          "Image": "C:\\windows\\system32\\wbem\\WmiApSrv.exe",
          "CommandLine": "nan",
          "ParentImage": "nan",
          "TargetObject": "nan"
        },
        {
          "idx": 77196,
          "EventID": 11,
          "TimeCreated": "2020-09-04 20:48:37.514000+00:00",
          "Image": "C:\\windows\\system32\\wbem\\WmiApSrv.exe",
          "CommandLine": "nan",
          "ParentImage": "nan",
          "TargetObject": "nan"
        },
        {
          "idx": 77197,
          "EventID": 11,
          "TimeCreated": "2020-09-04 20:48:37.514000+00:00",
          "Image": "C:\\windows\\system32\\wbem\\WmiApSrv.exe",
          "CommandLine": "nan",
          "ParentImage": "nan",
          "TargetObject": "nan"
        },
        {
          "idx": 77198,
          "EventID": 13,
          "TimeCreated": "2020-09-04 20:48:37.514000+00:00",
          "Image": "C:\\windows\\system32\\wbem\\WmiApSrv.exe",
          "CommandLine": "nan",
          "ParentImage": "nan",
          "TargetObject": "HKLM\\SOFTWARE\\Microsoft\\Windows NT\\CurrentVersion\\Perflib\\Updating"
        },
        {
          "idx": 77199,
          "EventID": 13,
          "TimeCreated": "2020-09-04 20:48:37.514000+00:00",
          "Image": "C:\\windows\\system32\\wbem\\WmiApSrv.exe",
          "CommandLine": "nan",
          "ParentImage": "nan",
          "TargetObject": "HKLM\\SOFTWARE\\Microsoft\\Windows NT\\CurrentVersion\\Perflib\\Last Counter"
        },
        {
          "idx": 77200,
          "EventID": 13,
          "TimeCreated": "2020-09-04 20:48:37.515000+00:00",
          "Image": "C:\\windows\\system32\\wbem\\WmiApSrv.exe",
          "CommandLine": "nan",
          "ParentImage": "nan",
          "TargetObject": "HKLM\\SOFTWARE\\Microsoft\\Windows NT\\CurrentVersion\\Perflib\\Last Help"
        },
        {
          "idx": 77201,
          "EventID": 12,
          "TimeCreated": "2020-09-04 20:48:37.516000+00:00",
          "Image": "C:\\windows\\system32\\wbem\\WmiApSrv.exe",
          "CommandLine": "nan",
          "ParentImage": "nan",
          "TargetObject": "HKLM\\System\\CurrentControlSet\\Services\\WmiApRpl\\Performance\\First Counter"
        },
        {
          "idx": 77202,
          "EventID": 12,
          "TimeCreated": "2020-09-04 20:48:37.516000+00:00",
          "Image": "C:\\windows\\system32\\wbem\\WmiApSrv.exe",
          "CommandLine": "nan",
          "ParentImage": "nan",
          "TargetObject": "HKLM\\System\\CurrentControlSet\\Services\\WmiApRpl\\Performance\\Last Counter"
        },
        {
          "idx": 77203,
          "EventID": 12,
          "TimeCreated": "2020-09-04 20:48:37.516000+00:00",
          "Image": "C:\\windows\\system32\\wbem\\WmiApSrv.exe",
          "CommandLine": "nan",
          "ParentImage": "nan",
          "TargetObject": "HKLM\\System\\CurrentControlSet\\Services\\WmiApRpl\\Performance\\First Help"
        },
        {
          "idx": 77204,
          "EventID": 12,
          "TimeCreated": "2020-09-04 20:48:37.517000+00:00",
          "Image": "C:\\windows\\system32\\wbem\\WmiApSrv.exe",
          "CommandLine": "nan",
          "ParentImage": "nan",
          "TargetObject": "HKLM\\System\\CurrentControlSet\\Services\\WmiApRpl\\Performance\\Last Help"
        },
        {
          "idx": 77208,
          "EventID": 12,
          "TimeCreated": "2020-09-04 20:48:38.519000+00:00",
          "Image": "C:\\windows\\system32\\wbem\\WmiApSrv.exe",
          "CommandLine": "nan",
          "ParentImage": "nan",
          "TargetObject": "HKLM\\System\\CurrentControlSet\\Services\\WmiApRpl\\Performance\\Object List"
        },
        {
          "idx": 77210,
          "EventID": 12,
          "TimeCreated": "2020-09-04 20:48:38.520000+00:00",
          "Image": "C:\\windows\\system32\\wbem\\WmiApSrv.exe",
          "CommandLine": "nan",
          "ParentImage": "nan",
          "TargetObject": "HKLM\\SOFTWARE\\Microsoft\\Windows NT\\CurrentVersion\\Perflib\\Updating"
        }
      ],
      "gt_technique_id": "T1546.003",
      "gt_technique_name": "Modify Registry",
      "gt_tactic": "Persistence",
      "gt_is_true_positive": true,
      "gt_notes": "auto: anchor-kw(wbem)"
    },
    {
      "group_id": "T1134_21945",
      "rule_technique_id": "T1134",
      "rule_technique_name": "Access Token Manipulation",
      "confidence": 0.67,
      "anchor": {
        "idx": 21945,
        "EventID": 4673,
        "Image": "nan",
        "CommandLine": "nan",
        "TimeCreated": "2020-09-04 20:45:38.226000+00:00"
      },
      "num_events": 395,
      "event_id_distribution": {
        "10": 372,
        "1": 15,
        "4673": 8
      },
      "sample_logs": [
        {
          "idx": 19472,
          "EventID": 10,
          "TimeCreated": "2020-09-04 20:45:30.221000+00:00",
          "Image": "nan",
          "CommandLine": "nan",
          "ParentImage": "nan",
          "TargetObject": "nan"
        },
        {
          "idx": 19480,
          "EventID": 10,
          "TimeCreated": "2020-09-04 20:45:30.221000+00:00",
          "Image": "nan",
          "CommandLine": "nan",
          "ParentImage": "nan",
          "TargetObject": "nan"
        },
        {
          "idx": 19483,
          "EventID": 10,
          "TimeCreated": "2020-09-04 20:45:30.221000+00:00",
          "Image": "nan",
          "CommandLine": "nan",
          "ParentImage": "nan",
          "TargetObject": "nan"
        },
        {
          "idx": 19544,
          "EventID": 10,
          "TimeCreated": "2020-09-04 20:45:30.223000+00:00",
          "Image": "nan",
          "CommandLine": "nan",
          "ParentImage": "nan",
          "TargetObject": "nan"
        },
        {
          "idx": 19546,
          "EventID": 10,
          "TimeCreated": "2020-09-04 20:45:30.223000+00:00",
          "Image": "nan",
          "CommandLine": "nan",
          "ParentImage": "nan",
          "TargetObject": "nan"
        },
        {
          "idx": 19549,
          "EventID": 10,
          "TimeCreated": "2020-09-04 20:45:30.223000+00:00",
          "Image": "nan",
          "CommandLine": "nan",
          "ParentImage": "nan",
          "TargetObject": "nan"
        },
        {
          "idx": 19599,
          "EventID": 10,
          "TimeCreated": "2020-09-04 20:45:30.225000+00:00",
          "Image": "nan",
          "CommandLine": "nan",
          "ParentImage": "nan",
          "TargetObject": "nan"
        },
        {
          "idx": 19597,
          "EventID": 10,
          "TimeCreated": "2020-09-04 20:45:30.225000+00:00",
          "Image": "nan",
          "CommandLine": "nan",
          "ParentImage": "nan",
          "TargetObject": "nan"
        },
        {
          "idx": 19595,
          "EventID": 10,
          "TimeCreated": "2020-09-04 20:45:30.225000+00:00",
          "Image": "nan",
          "CommandLine": "nan",
          "ParentImage": "nan",
          "TargetObject": "nan"
        },
        {
          "idx": 19593,
          "EventID": 10,
          "TimeCreated": "2020-09-04 20:45:30.225000+00:00",
          "Image": "nan",
          "CommandLine": "nan",
          "ParentImage": "nan",
          "TargetObject": "nan"
        },
        {
          "idx": 19591,
          "EventID": 10,
          "TimeCreated": "2020-09-04 20:45:30.225000+00:00",
          "Image": "nan",
          "CommandLine": "nan",
          "ParentImage": "nan",
          "TargetObject": "nan"
        },
        {
          "idx": 19589,
          "EventID": 10,
          "TimeCreated": "2020-09-04 20:45:30.225000+00:00",
          "Image": "nan",
          "CommandLine": "nan",
          "ParentImage": "nan",
          "TargetObject": "nan"
        },
        {
          "idx": 19587,
          "EventID": 10,
          "TimeCreated": "2020-09-04 20:45:30.225000+00:00",
          "Image": "nan",
          "CommandLine": "nan",
          "ParentImage": "nan",
          "TargetObject": "nan"
        },
        {
          "idx": 19577,
          "EventID": 10,
          "TimeCreated": "2020-09-04 20:45:30.225000+00:00",
          "Image": "nan",
          "CommandLine": "nan",
          "ParentImage": "nan",
          "TargetObject": "nan"
        },
        {
          "idx": 19575,
          "EventID": 10,
          "TimeCreated": "2020-09-04 20:45:30.225000+00:00",
          "Image": "nan",
          "CommandLine": "nan",
          "ParentImage": "nan",
          "TargetObject": "nan"
        }
      ],
      "gt_technique_id": "T1546.003",
      "gt_technique_name": "Access Token Manipulation",
      "gt_tactic": "Persistence",
      "gt_is_true_positive": false,
      "gt_notes": "auto: noise:no-kw,rule!=fam(T1134)"
    },
    {
      "group_id": "T1003_68658",
      "rule_technique_id": "T1003",
      "rule_technique_name": "OS Credential Dumping",
      "confidence": 0.0,
      "anchor": {
        "idx": 68658,
        "EventID": 10,
        "Image": "nan",
        "CommandLine": "nan",
        "TimeCreated": "2020-09-04 20:47:05.046000+00:00"
      },
      "num_events": 1,
      "event_id_distribution": {
        "10": 1
      },
      "sample_logs": [
        {
          "idx": 68658,
          "EventID": 10,
          "TimeCreated": "2020-09-04 20:47:05.046000+00:00",
          "Image": "nan",
          "CommandLine": "nan",
          "ParentImage": "nan",
          "TargetObject": "nan"
        }
      ],
      "gt_technique_id": "T1546.003",
      "gt_technique_name": "OS Credential Dumping",
      "gt_tactic": "Persistence",
      "gt_is_true_positive": false,
      "gt_notes": "auto: noise:c=0,no-kw,rule!=fam(T1003)"
    }
  ]
}