        {
          "idx": 3384,
          "EventID": 12,
          "TimeCreated": "2020-09-04 20:44:05.901000+00:00",
          "Image": "C:\\WindowsAzure\\GuestAgent_2.7.41491.993_2020-09-04_183104\\CollectGuestLogs.exe",
          "CommandLine": "nan",
          "ParentImage": "nan",
          "TargetObject": "HKLM\\System\\CurrentControlSet\\Services\\Tcpip\\Parameters"
        },
        {
          "idx": 3385,
          "EventID": 12,
          "TimeCreated": "2020-09-04 20:44:05.902000+00:00",
          "Image": "C:\\WindowsAzure\\GuestAgent_2.7.41491.993_2020-09-04_183104\\CollectGuestLogs.exe",
          "CommandLine": "nan",
          "ParentImage": "nan",
          "TargetObject": "HKLM\\SOFTWARE\\Microsoft\\Tracing"
        }
      ],
      "gt_technique_id": "T1546.003",
      "gt_technique_name": "Scheduled Task",
      "gt_tactic": "Persistence",
      "gt_is_true_positive": false,
      "gt_notes": "auto: noise:no-kw,rule!=fam(T1053.005)"
    },
    {
      "group_id": "T1055_3387",
      "rule_technique_id": "T1055",
      "rule_technique_name": "Process Injection",
      "confidence": 1.0,
      "anchor": {
        "idx": 3387,
        "EventID": 10,
        "Image": "nan",
        "CommandLine": "nan",
        "TimeCreated": "2020-09-04 20:44:05.902000+00:00"
      },
      "num_events": 91,
      "event_id_distribution": {
        "7": 80,
        "10": 7,
        "1": 4
      },
      "sample_logs": [
        {
          "idx": 3255,
          "EventID": 1,
          "TimeCreated": "2020-09-04 20:44:00.831000+00:00",
          "Image": "C:\\WindowsAzure\\GuestAgent_2.7.41491.993_2020-09-04_183104\\CollectGuestLogs.exe",
          "CommandLine": "\"CollectGuestLogs.exe\" -Mode:ga -FileName:C:\\WindowsAzure\\CollectGuestLogsTemp\\5bd8d21f-ae52-47f7-84f4-7cec337c3a5d.zip",
          "ParentImage": "C:\\WindowsAzure\\GuestAgent_2.7.41491.993_2020-09-04_183104\\WaAppAgent.exe",
          "TargetObject": "nan"
        },
        {
          "idx": 3259,
          "EventID": 1,
          "TimeCreated": "2020-09-04 20:44:00.833000+00:00",
          "Image": "C:\\Windows\\System32\\conhost.exe",
          "CommandLine": "\\??\\C:\\windows\\system32\\conhost.exe 0xffffffff -ForceV1",
          "ParentImage": "C:\\WindowsAzure\\GuestAgent_2.7.41491.993_2020-09-04_183104\\CollectGuestLogs.exe",
          "TargetObject": "nan"
        },
        {
          "idx": 3260,
          "EventID": 7,
          "TimeCreated": "2020-09-04 20:44:00.833000+00:00",
          "Image": "C:\\Windows\\System32\\conhost.exe",
          "CommandLine": "nan",
          "ParentImage": "nan",
          "TargetObject": "nan"
        },
        {
          "idx": 3262,
          "EventID": 7,
          "TimeCreated": "2020-09-04 20:44:00.834000+00:00",
          "Image": "C:\\Windows\\System32\\conhost.exe",
          "CommandLine": "nan",
          "ParentImage": "nan",
          "TargetObject": "nan"
        },
        {
          "idx": 3265,
          "EventID": 7,
          "TimeCreated": "2020-09-04 20:44:00.835000+00:00",
          "Image": "C:\\Windows\\System32\\conhost.exe",
          "CommandLine": "nan",
          "ParentImage": "nan",
          "TargetObject": "nan"
        },
        {
          "idx": 3266,
          "EventID": 7,
          "TimeCreated": "2020-09-04 20:44:00.836000+00:00",
          "Image": "C:\\Windows\\System32\\conhost.exe",
          "CommandLine": "nan",
          "ParentImage": "nan",
          "TargetObject": "nan"
        },
        {
          "idx": 3268,
          "EventID": 7,
          "TimeCreated": "2020-09-04 20:44:00.837000+00:00",
          "Image": "C:\\Windows\\System32\\conhost.exe",
          "CommandLine": "nan",
          "ParentImage": "nan",
          "TargetObject": "nan"
        },
        {
          "idx": 3271,
          "EventID": 7,
          "TimeCreated": "2020-09-04 20:44:00.838000+00:00",
          "Image": "C:\\Windows\\System32\\conhost.exe",
          "CommandLine": "nan",
          "ParentImage": "nan",
          "TargetObject": "nan"
        },
        {
          "idx": 3275,
          "EventID": 7,
          "TimeCreated": "2020-09-04 20:44:00.839000+00:00",
          "Image": "C:\\Windows\\System32\\conhost.exe",
          "CommandLine": "nan",
          "ParentImage": "nan",
          "TargetObject": "nan"
        },
        {
          "idx": 3276,
          "EventID": 7,
          "TimeCreated": "2020-09-04 20:44:00.840000+00:00",
          "Image": "C:\\Windows\\System32\\conhost.exe",
          "CommandLine": "nan",
          "ParentImage": "nan",
          "TargetObject": "nan"
        },
        {
          "idx": 3279,
          "EventID": 7,
          "TimeCreated": "2020-09-04 20:44:00.841000+00:00",
          "Image": "C:\\Windows\\System32\\conhost.exe",
          "CommandLine": "nan",
          "ParentImage": "nan",
          "TargetObject": "nan"
        },
        {
          "idx": 3282,
          "EventID": 7,
          "TimeCreated": "2020-09-04 20:44:00.842000+00:00",
          "Image": "C:\\Windows\\System32\\conhost.exe",
          "CommandLine": "nan",
          "ParentImage": "nan",
          "TargetObject": "nan"
        },
        {
          "idx": 3281,
          "EventID": 7,
          "TimeCreated": "2020-09-04 20:44:00.842000+00:00",
          "Image": "C:\\Windows\\System32\\conhost.exe",
          "CommandLine": "nan",
          "ParentImage": "nan",
          "TargetObject": "nan"
        },
        {
          "idx": 3284,
          "EventID": 7,
          "TimeCreated": "2020-09-04 20:44:00.844000+00:00",
          "Image": "C:\\Windows\\System32\\conhost.exe",
          "CommandLine": "nan",
          "ParentImage": "nan",
          "TargetObject": "nan"
        },
        {
          "idx": 3286,
          "EventID": 7,
          "TimeCreated": "2020-09-04 20:44:00.845000+00:00",
          "Image": "C:\\Windows\\System32\\conhost.exe",
          "CommandLine": "nan",
          "ParentImage": "nan",
          "TargetObject": "nan"
        }
      ],
      "gt_technique_id": "T1546.003",
      "gt_technique_name": "Process Injection",
      "gt_tactic": "Persistence",
      "gt_is_true_positive": false,
      "gt_notes": "auto: noise:no-kw,rule!=fam(T1055)"
    },
    {
      "group_id": "T1059_4939",
      "rule_technique_id": "T1059",
      "rule_technique_name": "Command and Scripting Interpreter",
      "confidence": 1.0,
      "anchor": {
        "idx": 4939,
        "EventID": 1,
        "Image": "C:\\Windows\\System32\\cmd.exe",
        "CommandLine": "\"cmd\"",
        "TimeCreated": "2020-09-04 20:44:10.686000+00:00"
      },
      "num_events": 59,
      "event_id_distribution": {
        "7": 40,
        "12": 13,
        "1": 3,
        "5": 3
      },
      "sample_logs": [
        {
          "idx": 3255,
          "EventID": 1,
          "TimeCreated": "2020-09-04 20:44:00.831000+00:00",
          "Image": "C:\\WindowsAzure\\GuestAgent_2.7.41491.993_2020-09-04_183104\\CollectGuestLogs.exe",
          "CommandLine": "\"CollectGuestLogs.exe\" -Mode:ga -FileName:C:\\WindowsAzure\\CollectGuestLogsTemp\\5bd8d21f-ae52-47f7-84f4-7cec337c3a5d.zip",
          "ParentImage": "C:\\WindowsAzure\\GuestAgent_2.7.41491.993_2020-09-04_183104\\WaAppAgent.exe",
          "TargetObject": "nan"
        },
        {
          "idx": 3374,
          "EventID": 12,
          "TimeCreated": "2020-09-04 20:44:05.897000+00:00",
          "Image": "C:\\WindowsAzure\\GuestAgent_2.7.41491.993_2020-09-04_183104\\CollectGuestLogs.exe",
          "CommandLine": "nan",
          "ParentImage": "nan",
          "TargetObject": "HKLM\\System\\CurrentControlSet\\Services\\Tcpip\\Parameters"
        },
        {
          "idx": 3375,
          "EventID": 12,
          "TimeCreated": "2020-09-04 20:44:05.897000+00:00",
          "Image": "C:\\WindowsAzure\\GuestAgent_2.7.41491.993_2020-09-04_183104\\CollectGuestLogs.exe",
          "CommandLine": "nan",
          "ParentImage": "nan",
          "TargetObject": "HKLM\\System\\CurrentControlSet\\Services\\Tcpip\\Parameters"
        },
        {
          "idx": 3376,
          "EventID": 12,
          "TimeCreated": "2020-09-04 20:44:05.897000+00:00",
          "Image": "C:\\WindowsAzure\\GuestAgent_2.7.41491.993_2020-09-04_183104\\CollectGuestLogs.exe",
          "CommandLine": "nan",
          "ParentImage": "nan",
          "TargetObject": "HKLM\\System\\CurrentControlSet\\Services\\Tcpip\\Parameters"
        },
        {
          "idx": 3377,
          "EventID": 12,
          "TimeCreated": "2020-09-04 20:44:05.898000+00:00",
          "Image": "C:\\WindowsAzure\\GuestAgent_2.7.41491.993_2020-09-04_183104\\CollectGuestLogs.exe",
          "CommandLine": "nan",
          "ParentImage": "nan",
          "TargetObject": "HKLM\\System\\CurrentControlSet\\Services\\Tcpip\\Parameters"
        },
        {
          "idx": 3378,
          "EventID": 12,
          "TimeCreated": "2020-09-04 20:44:05.898000+00:00",
          "Image": "C:\\WindowsAzure\\GuestAgent_2.7.41491.993_2020-09-04_183104\\CollectGuestLogs.exe",
          "CommandLine": "nan",
          "ParentImage": "nan",
          "TargetObject": "HKLM\\System\\CurrentControlSet\\Services\\Tcpip\\Parameters"
        },
        {
          "idx": 3379,
          "EventID": 12,
          "TimeCreated": "2020-09-04 20:44:05.899000+00:00",
          "Image": "C:\\WindowsAzure\\GuestAgent_2.7.41491.993_2020-09-04_183104\\CollectGuestLogs.exe",
          "CommandLine": "nan",
          "ParentImage": "nan",
          "TargetObject": "HKLM\\System\\CurrentControlSet\\Services\\Tcpip\\Parameters"
        },
        {
          "idx": 3380,
          "EventID": 12,
          "TimeCreated": "2020-09-04 20:44:05.899000+00:00",
          "Image": "C:\\WindowsAzure\\GuestAgent_2.7.41491.993_2020-09-04_183104\\CollectGuestLogs.exe",
          "CommandLine": "nan",
          "ParentImage": "nan",
          "TargetObject": "HKLM\\System\\CurrentControlSet\\Services\\Tcpip\\Parameters"
        },
        {
          "idx": 3381,
          "EventID": 12,
          "TimeCreated": "2020-09-04 20:44:05.899000+00:00",
          "Image": "C:\\WindowsAzure\\GuestAgent_2.7.41491.993_2020-09-04_183104\\CollectGuestLogs.exe",
          "CommandLine": "nan",
          "ParentImage": "nan",
          "TargetObject": "HKLM\\System\\CurrentControlSet\\Services\\Tcpip\\Parameters"
        },
        {
          "idx": 3382,
          "EventID": 12,
          "TimeCreated": "2020-09-04 20:44:05.900000+00:00",
          "Image": "C:\\WindowsAzure\\GuestAgent_2.7.41491.993_2020-09-04_183104\\CollectGuestLogs.exe",
          "CommandLine": "nan",
          "ParentImage": "nan",
          "TargetObject": "HKLM\\System\\CurrentControlSet\\Services\\Tcpip\\Parameters"
        },
        {
          "idx": 3383,
          "EventID": 12,
          "TimeCreated": "2020-09-04 20:44:05.901000+00:00",
          "Image": "C:\\WindowsAzure\\GuestAgent_2.7.41491.993_2020-09-04_183104\\CollectGuestLogs.exe",
          "CommandLine": "nan",
          "ParentImage": "nan",
          "TargetObject": "HKLM\\System\\CurrentControlSet\\Services\\Tcpip\\Parameters"
        },
        {
          "idx": 3384,
          "EventID": 12,
          "TimeCreated": "2020-09-04 20:44:05.901000+00:00",
          "Image": "C:\\WindowsAzure\\GuestAgent_2.7.41491.993_2020-09-04_183104\\CollectGuestLogs.exe",
          "CommandLine": "nan",
          "ParentImage": "nan",
          "TargetObject": "HKLM\\System\\CurrentControlSet\\Services\\Tcpip\\Parameters"
        },
        {
          "idx": 3385,
          "EventID": 12,
          "TimeCreated": "2020-09-04 20:44:05.902000+00:00",
          "Image": "C:\\WindowsAzure\\GuestAgent_2.7.41491.993_2020-09-04_183104\\CollectGuestLogs.exe",
          "CommandLine": "nan",
          "ParentImage": "nan",
          "TargetObject": "HKLM\\SOFTWARE\\Microsoft\\Tracing"
        },
        {
          "idx": 3386,
          "EventID": 12,
          "TimeCreated": "2020-09-04 20:44:05.902000+00:00",
          "Image": "C:\\WindowsAzure\\GuestAgent_2.7.41491.993_2020-09-04_183104\\CollectGuestLogs.exe",
          "CommandLine": "nan",
          "ParentImage": "nan",
          "TargetObject": "HKU\\.DEFAULT\\Software\\Microsoft\\Windows\\CurrentVersion\\Internet Settings\\Connections"
        },
        {
          "idx": 4939,
          "EventID": 1,
          "TimeCreated": "2020-09-04 20:44:10.686000+00:00",
          "Image": "C:\\Windows\\System32\\cmd.exe",
          "CommandLine": "\"cmd\"",
          "ParentImage": "C:\\WindowsAzure\\GuestAgent_2.7.41491.993_2020-09-04_183104\\CollectGuestLogs.exe",
          "TargetObject": "nan"
        }
      ],
      "gt_technique_id": "T1546.003",
      "gt_technique_name": "Command and Scripting Interpreter",
      "gt_tactic": "Persistence",
      "gt_is_true_positive": false,
      "gt_notes": "auto: noise:no-kw,rule!=fam(T1059)"
    },
    {
      "group_id": "T1059_001_77321",
      "rule_technique_id": "T1059.001",
      "rule_technique_name": "PowerShell",
      "confidence": 0.77,
      "anchor": {
        "idx": 77321,
        "EventID": 7,
        "Image": "C:\\Windows\\System32\\WindowsPowerShell\\v1.0\\powershell.exe",
        "CommandLine": "nan",
        "TimeCreated": "2020-09-04 20:48:39.597000+00:00"
      },
      "num_events": 1558,
      "event_id_distribution": {
        "10": 622,
        "12": 373,
        "7": 246,
        "13": 106,
        "4656": 82,
        "4663": 64,
        "4103": 51,
        "1": 4,
        "11": 2,
        "23": 2,
        "22": 2,
        "18": 1,
        "400": 1,
        "17": 1,
        "3": 1
      },
      "sample_logs": [
        {
          "idx": 76628,
          "EventID": 10,
          "TimeCreated": "2020-09-04 20:48:31.243000+00:00",
          "Image": "nan",
          "CommandLine": "nan",
          "ParentImage": "nan",
          "TargetObject": "nan"
        },
        {
          "idx": 76629,
          "EventID": 12,
          "TimeCreated": "2020-09-04 20:48:31.244000+00:00",
          "Image": "C:\\windows\\system32\\svchost.exe",
          "CommandLine": "nan",
          "ParentImage": "nan",
          "TargetObject": "HKLM\\SOFTWARE\\Microsoft\\Windows\\Windows Error Reporting\\TermReason\\7256"
        },
        {
          "idx": 76630,
          "EventID": 13,
          "TimeCreated": "2020-09-04 20:48:31.244000+00:00",
          "Image": "C:\\windows\\system32\\svchost.exe",
          "CommandLine": "nan",
          "ParentImage": "nan",
          "TargetObject": "HKLM\\SOFTWARE\\Microsoft\\Windows\\Windows Error Reporting\\TermReason\\7256\\Terminator"
        },
        {
          "idx": 76631,
          "EventID": 13,
          "TimeCreated": "2020-09-04 20:48:31.245000+00:00",
          "Image": "C:\\windows\\system32\\svchost.exe",
          "CommandLine": "nan",
          "ParentImage": "nan",
          "TargetObject": "HKLM\\SOFTWARE\\Microsoft\\Windows\\Windows Error Reporting\\TermReason\\7256\\Reason"
        },
        {
          "idx": 76632,
          "EventID": 13,
          "TimeCreated": "2020-09-04 20:48:31.245000+00:00",
          "Image": "C:\\windows\\system32\\svchost.exe",
          "CommandLine": "nan",
          "ParentImage": "nan",
          "TargetObject": "HKLM\\SOFTWARE\\Microsoft\\Windows\\Windows Error Reporting\\TermReason\\7256\\CreationTime"
        },
        {
          "idx": 76633,
          "EventID": 13,
          "TimeCreated": "2020-09-04 20:48:31.246000+00:00",
          "Image": "C:\\windows\\system32\\backgroundTaskHost.exe",
          "CommandLine": "nan",
          "ParentImage": "nan",
          "TargetObject": "HKLM\\System\\CurrentControlSet\\Services\\bam\\State\\UserSettings\\S-1-5-21-2079883792-3656946353-945924832-1104\\Microsoft.Windows.Cortana_cw5n1h2txyewy"
        },
        {
          "idx": 76634,
          "EventID": 12,
          "TimeCreated": "2020-09-04 20:48:31.246000+00:00",
          "Image": "C:\\windows\\system32\\svchost.exe",
          "CommandLine": "nan",
          "ParentImage": "nan",
          "TargetObject": "HKU\\S-1-5-21-2079883792-3656946353-945924832-1104\\Software\\Microsoft\\Windows NT\\CurrentVersion\\HostActivityManager"
        },
        {
          "idx": 76636,
          "EventID": 12,
          "TimeCreated": "2020-09-04 20:48:31.247000+00:00",
          "Image": "C:\\windows\\system32\\svchost.exe",
          "CommandLine": "nan",
          "ParentImage": "nan",
          "TargetObject": "HKU\\S-1-5-21-2079883792-3656946353-945924832-1104\\Software\\Microsoft\\Windows NT\\CurrentVersion\\HostActivityManager"
        },
        {
          "idx": 76637,
          "EventID": 12,
          "TimeCreated": "2020-09-04 20:48:31.247000+00:00",
          "Image": "C:\\windows\\system32\\svchost.exe",
          "CommandLine": "nan",
          "ParentImage": "nan",
          "TargetObject": "HKU\\S-1-5-21-2079883792-3656946353-945924832-1104\\Software\\Microsoft\\Windows NT\\CurrentVersion\\HostActivityManager\\CommitHistory"
        },
        {
          "idx": 76639,
          "EventID": 13,
          "TimeCreated": "2020-09-04 20:48:31.248000+00:00",
          "Image": "C:\\windows\\system32\\svchost.exe",
          "CommandLine": "nan",
          "ParentImage": "nan",
          "TargetObject": "HKU\\S-1-5-21-2079883792-3656946353-945924832-1104\\Software\\Microsoft\\Windows NT\\CurrentVersion\\HostActivityManager\\CommitHistory\\Microsoft.Windows.Cor"
        },
        {
          "idx": 76638,
          "EventID": 12,
          "TimeCreated": "2020-09-04 20:48:31.248000+00:00",
          "Image": "C:\\windows\\system32\\svchost.exe",
          "CommandLine": "nan",
          "ParentImage": "nan",
          "TargetObject": "HKU\\S-1-5-21-2079883792-3656946353-945924832-1104\\Software\\Microsoft\\Windows NT\\CurrentVersion\\HostActivityManager\\CommitHistory\\Microsoft.Windows.Cor"
        },
        {
          "idx": 76640,
          "EventID": 12,
          "TimeCreated": "2020-09-04 20:48:31.249000+00:00",
          "Image": "C:\\windows\\system32\\svchost.exe",
          "CommandLine": "nan",
          "ParentImage": "nan",
          "TargetObject": "HKU\\S-1-5-21-2079883792-3656946353-945924832-1104_Classes\\Local Settings\\Software\\Microsoft\\Windows\\CurrentVersion\\AppModel\\SystemAppData\\Microsoft.Wi"
        },
        {
          "idx": 76641,
          "EventID": 12,
          "TimeCreated": "2020-09-04 20:48:31.249000+00:00",
          "Image": "C:\\windows\\system32\\svchost.exe",
          "CommandLine": "nan",
          "ParentImage": "nan",
          "TargetObject": "HKU\\S-1-5-21-2079883792-3656946353-945924832-1104_Classes\\Local Settings\\Software\\Microsoft\\Windows\\CurrentVersion\\AppModel\\SystemAppData\\Microsoft.Wi"
        },
        {
          "idx": 76642,
          "EventID": 12,
          "TimeCreated": "2020-09-04 20:48:31.250000+00:00",
          "Image": "C:\\windows\\system32\\svchost.exe",
          "CommandLine": "nan",
          "ParentImage": "nan",
          "TargetObject": "HKU\\S-1-5-21-2079883792-3656946353-945924832-1104_Classes\\Local Settings\\Software\\Microsoft\\Windows\\CurrentVersion\\AppModel\\SystemAppData\\Microsoft.Wi"
        },
        {
          "idx": 76643,
          "EventID": 12,
          "TimeCreated": "2020-09-04 20:48:31.250000+00:00",
          "Image": "C:\\windows\\system32\\svchost.exe",
          "CommandLine": "nan",
          "ParentImage": "nan",
          "TargetObject": "HKU\\S-1-5-21-2079883792-3656946353-945924832-1104_Classes\\Local Settings\\Software\\Microsoft\\Windows\\CurrentVersion\\AppModel\\SystemAppData\\Microsoft.Wi"
        }
      ],
      "gt_technique_id": "T1546.003",
      "gt_technique_name": "PowerShell",
      "gt_tactic": "Persistence",
      "gt_is_true_positive": true,
      "gt_notes": "auto: anchor-kw(powershell)"
    },
    {
      "group_id": "T1059_003_8278",
      "rule_technique_id": "T1059.003",
      "rule_technique_name": "Windows Command Shell",
      "confidence": 1.0,
      "anchor": {
        "idx": 8278,
        "EventID": 4688,
        "Image": "nan",
        "CommandLine": "C:\\windows\\System32\\dsregcmd.exe $(Arg0) $(Arg1) $(Arg2)",
        "TimeCreated": "2020-09-04 20:44:53.174000+00:00"
      },
      "num_events": 410,
      "event_id_distribution": {
        "7": 246,
        "1": 106,
        "11": 57,
        "4688": 1
      },
      "sample_logs": [
        {
          "idx": 5966,
          "EventID": 11,
          "TimeCreated": "2020-09-04 20:44:43.183000+00:00",
          "Image": "nan",
          "CommandLine": "nan",
          "ParentImage": "nan",
          "TargetObject": "nan"
        },
        {
          "idx": 6226,
          "EventID": 11,
          "TimeCreated": "2020-09-04 20:44:43.292000+00:00",
          "Image": "System",
          "CommandLine": "nan",
          "ParentImage": "nan",
          "TargetObject": "nan"
        },
        {
          "idx": 7095,
          "EventID": 1,
          "TimeCreated": "2020-09-04 20:44:46.673000+00:00",
          "Image": "C:\\Windows\\System32\\provtool.exe",
          "CommandLine": "C:\\windows\\system32\\ProvTool.exe /turn 5 /source LogonIdleTask",
          "ParentImage": "C:\\Windows\\System32\\svchost.exe",
          "TargetObject": "nan"
        },
        {
          "idx": 7281,
          "EventID": 1,
          "TimeCreated": "2020-09-04 20:44:46.756000+00:00",
          "Image": "C:\\Windows\\System32\\dxgiadaptercache.exe",
          "CommandLine": "C:\\windows\\system32\\dxgiadaptercache.exe",
          "ParentImage": "C:\\Windows\\System32\\svchost.exe",
          "TargetObject": "nan"
        },
        {
          "idx": 8278,
          "EventID": 4688,
          "TimeCreated": "2020-09-04 20:44:53.174000+00:00",
          "Image": "nan",
          "CommandLine": "C:\\windows\\System32\\dsregcmd.exe $(Arg0) $(Arg1) $(Arg2)",
          "ParentImage": "nan",
          "TargetObject": "nan"
        },
        {
          "idx": 9133,
          "EventID": 11,
          "TimeCreated": "2020-09-04 20:45:01.578000+00:00",
          "Image": "C:\\windows\\system32\\svchost.exe",
          "CommandLine": "nan",
          "ParentImage": "nan",
          "TargetObject": "nan"
        },
        {
          "idx": 9139,
          "EventID": 7,
          "TimeCreated": "2020-09-04 20:45:01.580000+00:00",
          "Image": "C:\\Windows\\System32\\SgrmBroker.exe",
          "CommandLine": "nan",
          "ParentImage": "nan",
          "TargetObject": "nan"
        },
        {
          "idx": 9172,
          "EventID": 11,
          "TimeCreated": "2020-09-04 20:45:01.595000+00:00",
          "Image": "C:\\windows\\system32\\svchost.exe",
          "CommandLine": "nan",
          "ParentImage": "nan",
          "TargetObject": "nan"
        },
        {
          "idx": 9174,
          "EventID": 11,
          "TimeCreated": "2020-09-04 20:45:01.597000+00:00",
          "Image": "C:\\windows\\system32\\svchost.exe",
          "CommandLine": "nan",
          "ParentImage": "nan",
          "TargetObject": "nan"
        },
        {
          "idx": 9178,
          "EventID": 11,
          "TimeCreated": "2020-09-04 20:45:01.600000+00:00",
          "Image": "C:\\windows\\system32\\svchost.exe",
          "CommandLine": "nan",
          "ParentImage": "nan",
          "TargetObject": "nan"
        },
        {
          "idx": 9214,
          "EventID": 11,
          "TimeCreated": "2020-09-04 20:45:01.617000+00:00",
          "Image": "C:\\windows\\system32\\svchost.exe",
          "CommandLine": "nan",
          "ParentImage": "nan",
          "TargetObject": "nan"
        },
        {
          "idx": 9231,
          "EventID": 11,
          "TimeCreated": "2020-09-04 20:45:01.624000+00:00",
          "Image": "C:\\windows\\system32\\svchost.exe",
          "CommandLine": "nan",
          "ParentImage": "nan",
          "TargetObject": "nan"
        },
        {
          "idx": 9265,
          "EventID": 11,
          "TimeCreated": "2020-09-04 20:45:02.634000+00:00",
          "Image": "C:\\windows\\system32\\svchost.exe",
          "CommandLine": "nan",
          "ParentImage": "nan",
          "TargetObject": "nan"
        },
        {
          "idx": 9270,
          "EventID": 11,
          "TimeCreated": "2020-09-04 20:45:02.637000+00:00",
          "Image": "C:\\windows\\system32\\svchost.exe",
          "CommandLine": "nan",
          "ParentImage": "nan",
          "TargetObject": "nan"
        },
        {
          "idx": 9280,
          "EventID": 11,
          "TimeCreated": "2020-09-04 20:45:02.641000+00:00",
          "Image": "C:\\windows\\system32\\svchost.exe",
          "CommandLine": "nan",
          "ParentImage": "nan",
          "TargetObject": "nan"
        }
      ],
      "gt_technique_id": "T1546.003",
      "gt_technique_name": "Windows Command Shell",
      "gt_tactic": "Persistence",
      "gt_is_true_positive": false,
      "gt_notes": "auto: noise:no-kw,rule!=fam(T1059.003)"
    },
    {
      "group_id": "T1069_002_1026",
      "rule_technique_id": "T1069.002",
      "rule_technique_name": "Domain Groups Discovery",
      "confidence": 1.0,
      "anchor": {
        "idx": 1026,
        "EventID": 4661,
        "Image": "nan",
        "CommandLine": "nan",
        "TimeCreated": "2020-09-04 20:43:33.712000+00:00"
      },
      "num_events": 20,
      "event_id_distribution": {
        "3": 16,
        "4661": 4
      },
      "sample_logs": [
        {
          "idx": 987,
          "EventID": 3,
          "TimeCreated": "2020-09-04 20:43:33.683000+00:00",
          "Image": "C:\\Windows\\System32\\dns.exe",
          "CommandLine": "nan",
          "ParentImage": "nan",
          "TargetObject": "nan"
        },
        {
          "idx": 988,
          "EventID": 3,
          "TimeCreated": "2020-09-04 20:43:33.683000+00:00",
          "Image": "C:\\Windows\\System32\\dns.exe",
          "CommandLine": "nan",
          "ParentImage": "nan",
          "TargetObject": "nan"
        },
        {
          "idx": 989,
          "EventID": 3,
          "TimeCreated": "2020-09-04 20:43:33.685000+00:00",
          "Image": "C:\\Windows\\System32\\dns.exe",
          "CommandLine": "nan",
          "ParentImage": "nan",
          "TargetObject": "nan"
        },
        {
          "idx": 990,
          "EventID": 3,
          "TimeCreated": "2020-09-04 20:43:33.686000+00:00",
          "Image": "C:\\Windows\\System32\\dns.exe",
          "CommandLine": "nan",
          "ParentImage": "nan",
          "TargetObject": "nan"
        },
        {
          "idx": 991,
          "EventID": 3,
          "TimeCreated": "2020-09-04 20:43:33.686000+00:00",
          "Image": "System",
          "CommandLine": "nan",
          "ParentImage": "nan",
          "TargetObject": "nan"
        },
        {
          "idx": 992,
          "EventID": 3,
          "TimeCreated": "2020-09-04 20:43:33.687000+00:00",
          "Image": "System",
          "CommandLine": "nan",
          "ParentImage": "nan",
          "TargetObject": "nan"
        },
        {
          "idx": 1026,
          "EventID": 4661,
          "TimeCreated": "2020-09-04 20:43:33.712000+00:00",
          "Image": "nan",
          "CommandLine": "nan",
          "ParentImage": "nan",
          "TargetObject": "nan"
        },
        {
          "idx": 1028,
          "EventID": 4661,
          "TimeCreated": "2020-09-04 20:43:33.714000+00:00",
          "Image": "nan",
          "CommandLine": "nan",
          "ParentImage": "nan",
          "TargetObject": "nan"
        },
        {
          "idx": 1059,
          "EventID": 4661,
          "TimeCreated": "2020-09-04 20:43:34.719000+00:00",
          "Image": "nan",
          "CommandLine": "nan",
          "ParentImage": "nan",
          "TargetObject": "nan"
        },
        {
          "idx": 1067,
          "EventID": 4661,
          "TimeCreated": "2020-09-04 20:43:34.722000+00:00",
          "Image": "nan",
          "CommandLine": "nan",
          "ParentImage": "nan",
          "TargetObject": "nan"
        },
        {
          "idx": 1190,
          "EventID": 3,
          "TimeCreated": "2020-09-04 20:43:35.769000+00:00",
          "Image": "C:\\Windows\\System32\\lsass.exe",
          "CommandLine": "nan",
          "ParentImage": "nan",
          "TargetObject": "nan"
        },
        {
          "idx": 1192,
          "EventID": 3,
          "TimeCreated": "2020-09-04 20:43:35.770000+00:00",
          "Image": "C:\\Windows\\System32\\lsass.exe",
          "CommandLine": "nan",
          "ParentImage": "nan",
          "TargetObject": "nan"
        },
        {
          "idx": 1194,
          "EventID": 3,
          "TimeCreated": "2020-09-04 20:43:35.771000+00:00",
          "Image": "C:\\Windows\\System32\\lsass.exe",
          "CommandLine": "nan",
          "ParentImage": "nan",
          "TargetObject": "nan"
        },
        {
          "idx": 1587,
          "EventID": 3,
          "TimeCreated": "2020-09-04 20:43:42.948000+00:00",
          "Image": "C:\\Windows\\ADWS\\Microsoft.ActiveDirectory.WebServices.exe",
          "CommandLine": "nan",
          "ParentImage": "nan",
          "TargetObject": "nan"
        },
        {
          "idx": 1588,
          "EventID": 3,
          "TimeCreated": "2020-09-04 20:43:42.948000+00:00",
          "Image": "C:\\Windows\\System32\\lsass.exe",
          "CommandLine": "nan",
          "ParentImage": "nan",
          "TargetObject": "nan"
        }
      ],
      "gt_technique_id": "T1546.003",
      "gt_technique_name": "Domain Groups Discovery",
      "gt_tactic": "Persistence",
      "gt_is_true_positive": false,
      "gt_notes": "auto: noise:no-kw,rule!=fam(T1069.002)"
    },
    {
      "group_id": "T1070_004_54732",
      "rule_technique_id": "T1070.004",
      "rule_technique_name": "File Deletion",
      "confidence": 1.0,
      "anchor": {
        "idx": 54732,
        "EventID": 23,
        "Image": "C:\\Windows\\SystemApps\\Microsoft.Windows.Cortana_cw5n1h2txyewy\\SearchUI.exe",
        "CommandLine": "nan",
        "TimeCreated": "2020-09-04 20:46:33.486000+00:00"
      },
      "num_events": 1015,
      "event_id_distribution": {
        "12": 364,
        "13": 213,
        "7": 201,
        "2": 137,
        "1": 73,
        "22": 8,
        "23": 7,
        "11": 7,
        "9": 4,
        "18": 1
      },
      "sample_logs": [
        {
          "idx": 50501,
          "EventID": 1,
          "TimeCreated": "2020-09-04 20:46:24.260000+00:00",
          "Image": "C:\\Windows\\System32\\taskhostw.exe",
          "CommandLine": "taskhostw.exe {222A245B-E637-4AE9-A93F-A59CA119A75E}",
          "ParentImage": "C:\\Windows\\System32\\svchost.exe",
          "TargetObject": "nan"
        },
        {
          "idx": 50549,
          "EventID": 1,
          "TimeCreated": "2020-09-04 20:46:24.289000+00:00",
          "Image": "C:\\Windows\\System32\\svchost.exe",
          "CommandLine": "C:\\windows\\system32\\svchost.exe -k netsvcs -p -s TokenBroker",
          "ParentImage": "C:\\Windows\\System32\\services.exe",
          "TargetObject": "nan"
        },
        {
          "idx": 50563,
          "EventID": 1,
          "TimeCreated": "2020-09-04 20:46:24.296000+00:00",
          "Image": "C:\\Windows\\System32\\taskhostw.exe",
          "CommandLine": "taskhostw.exe",
          "ParentImage": "C:\\Windows\\System32\\svchost.exe",
          "TargetObject": "nan"
        },
        {
          "idx": 50808,
          "EventID": 1,
          "TimeCreated": "2020-09-04 20:46:24.426000+00:00",
          "Image": "C:\\Windows\\System32\\svchost.exe",
          "CommandLine": "C:\\windows\\System32\\svchost.exe -k LocalSystemNetworkRestricted -p -s TabletInputService",
          "ParentImage": "C:\\Windows\\System32\\services.exe",
          "TargetObject": "nan"
        },
        {
          "idx": 50886,
          "EventID": 1,
          "TimeCreated": "2020-09-04 20:46:24.468000+00:00",
          "Image": "C:\\Windows\\System32\\svchost.exe",
          "CommandLine": "C:\\windows\\system32\\svchost.exe -k wsappx -p -s AppXSvc",
          "ParentImage": "C:\\Windows\\System32\\services.exe",
          "TargetObject": "nan"
        },
        {
          "idx": 50925,
          "EventID": 7,
          "TimeCreated": "2020-09-04 20:46:24.488000+00:00",
          "Image": "C:\\Windows\\System32\\svchost.exe",
          "CommandLine": "nan",
          "ParentImage": "nan",
          "TargetObject": "nan"
        },
        {
          "idx": 50930,
          "EventID": 7,
          "TimeCreated": "2020-09-04 20:46:24.491000+00:00",
          "Image": "C:\\Windows\\System32\\svchost.exe",
          "CommandLine": "nan",
          "ParentImage": "nan",
          "TargetObject": "nan"
        },
        {
          "idx": 50940,
          "EventID": 1,
          "TimeCreated": "2020-09-04 20:46:24.496000+00:00",
          "Image": "C:\\Windows\\System32\\ctfmon.exe",
          "CommandLine": "\"ctfmon.exe\"",
          "ParentImage": "C:\\Windows\\System32\\svchost.exe",
          "TargetObject": "nan"
        },
        {
          "idx": 50971,
          "EventID": 13,
          "TimeCreated": "2020-09-04 20:46:24.512000+00:00",
          "Image": "C:\\windows\\system32\\services.exe",
          "CommandLine": "nan",
          "ParentImage": "nan",
          "TargetObject": "HKLM\\System\\CurrentControlSet\\Services\\TabletInputService\\Start"
        },
        {
          "idx": 50973,
          "EventID": 12,
          "TimeCreated": "2020-09-04 20:46:24.513000+00:00",
          "Image": "C:\\windows\\system32\\services.exe",
          "CommandLine": "nan",
          "ParentImage": "nan",
          "TargetObject": "HKLM\\System\\CurrentControlSet\\Services\\TabletInputService\\TriggerInfo"
        },
        {
          "idx": 50974,
          "EventID": 12,
          "TimeCreated": "2020-09-04 20:46:24.514000+00:00",
          "Image": "C:\\windows\\system32\\services.exe",
          "CommandLine": "nan",
          "ParentImage": "nan",
          "TargetObject": "HKLM\\System\\CurrentControlSet\\Services\\TabletInputService\\TriggerInfo\\0"
        },
        {
          "idx": 50975,
          "EventID": 12,
          "TimeCreated": "2020-09-04 20:46:24.514000+00:00",
          "Image": "C:\\windows\\system32\\services.exe",
          "CommandLine": "nan",
          "ParentImage": "nan",
          "TargetObject": "HKLM\\System\\CurrentControlSet\\Services\\TabletInputService\\TriggerInfo\\0"
        },
        {
          "idx": 50976,
          "EventID": 13,
          "TimeCreated": "2020-09-04 20:46:24.515000+00:00",
          "Image": "C:\\windows\\system32\\services.exe",
          "CommandLine": "nan",
          "ParentImage": "nan",
          "TargetObject": "HKLM\\System\\CurrentControlSet\\Services\\TabletInputService\\TriggerInfo\\0\\Type"
        },
        {
          "idx": 50977,
          "EventID": 13,
          "TimeCreated": "2020-09-04 20:46:24.515000+00:00",
          "Image": "C:\\windows\\system32\\services.exe",
          "CommandLine": "nan",
          "ParentImage": "nan",
          "TargetObject": "HKLM\\System\\CurrentControlSet\\Services\\TabletInputService\\TriggerInfo\\0\\Action"
        },
        {
          "idx": 50978,
          "EventID": 13,
          "TimeCreated": "2020-09-04 20:46:24.515000+00:00",
          "Image": "C:\\windows\\system32\\services.exe",
          "CommandLine": "nan",
          "ParentImage": "nan",
          "TargetObject": "HKLM\\System\\CurrentControlSet\\Services\\TabletInputService\\TriggerInfo\\0\\Guid"
        }
      ],
      "gt_technique_id": "T1546.003",
      "gt_technique_name": "File Deletion",
      "gt_tactic": "Persistence",
      "gt_is_true_positive": false,
      "gt_notes": "auto: noise:no-kw,rule!=fam(T1070.004)"
    },
    {
      "group_id": "T1071_001_56474",
      "rule_technique_id": "T1071.001",
      "rule_technique_name": "Web Protocols",
      "confidence": 1.0,
      "anchor": {
        "idx": 56474,
        "EventID": 3,
        "Image": "C:\\Windows\\System32\\smartscreen.exe",
        "CommandLine": "nan",
        "TimeCreated": "2020-09-04 20:46:37.302000+00:00"
      },
      "num_events": 4720,
      "event_id_distribution": {
        "7": 2625,
        "12": 1413,
        "13": 611,
        "5158": 21,
        "22": 19,
        "5156": 18,
        "3": 9,
        "10": 2,
        "1": 1,
        "18": 1
      },
      "sample_logs": [
        {
          "idx": 52268,
          "EventID": 7,
          "TimeCreated": "2020-09-04 20:46:28.199000+00:00",
          "Image": "C:\\Windows\\System32\\svchost.exe",
          "CommandLine": "nan",
          "ParentImage": "nan",
          "TargetObject": "nan"
        },
        {
          "idx": 52271,
          "EventID": 7,
          "TimeCreated": "2020-09-04 20:46:28.201000+00:00",
          "Image": "C:\\Windows\\System32\\dllhost.exe",
          "CommandLine": "nan",
          "ParentImage": "nan",
          "TargetObject": "nan"
        },
        {
          "idx": 52279,
          "EventID": 7,
          "TimeCreated": "2020-09-04 20:46:28.205000+00:00",
          "Image": "C:\\Windows\\System32\\svchost.exe",
          "CommandLine": "nan",
          "ParentImage": "nan",
          "TargetObject": "nan"
        },
        {
          "idx": 52280,
          "EventID": 7,
          "TimeCreated": "2020-09-04 20:46:28.205000+00:00",
          "Image": "C:\\Windows\\System32\\sihost.exe",
          "CommandLine": "nan",
          "ParentImage": "nan",
          "TargetObject": "nan"
        },
        {
          "idx": 52289,
          "EventID": 7,
          "TimeCreated": "2020-09-04 20:46:28.209000+00:00",
          "Image": "C:\\Windows\\System32\\svchost.exe",
          "CommandLine": "nan",
          "ParentImage": "nan",
          "TargetObject": "nan"
        },
        {
          "idx": 52290,
          "EventID": 7,
          "TimeCreated": "2020-09-04 20:46:28.210000+00:00",
          "Image": "C:\\Windows\\System32\\svchost.exe",
          "CommandLine": "nan",
          "ParentImage": "nan",
          "TargetObject": "nan"
        },
        {
          "idx": 52291,
          "EventID": 7,
          "TimeCreated": "2020-09-04 20:46:28.210000+00:00",
          "Image": "C:\\Windows\\System32\\svchost.exe",
          "CommandLine": "nan",
          "ParentImage": "nan",
          "TargetObject": "nan"
        },
        {
          "idx": 52294,
          "EventID": 7,
          "TimeCreated": "2020-09-04 20:46:28.211000+00:00",
          "Image": "C:\\Windows\\System32\\svchost.exe",
          "CommandLine": "nan",
          "ParentImage": "nan",
          "TargetObject": "nan"
        },
        {
          "idx": 52293,
          "EventID": 7,
          "TimeCreated": "2020-09-04 20:46:28.211000+00:00",
          "Image": "C:\\Windows\\System32\\svchost.exe",
          "CommandLine": "nan",
          "ParentImage": "nan",
          "TargetObject": "nan"
        },
        {
          "idx": 52292,
          "EventID": 7,
          "TimeCreated": "2020-09-04 20:46:28.211000+00:00",
          "Image": "C:\\Windows\\System32\\svchost.exe",
          "CommandLine": "nan",
          "ParentImage": "nan",
          "TargetObject": "nan"
        },
        {
          "idx": 52295,
          "EventID": 7,
          "TimeCreated": "2020-09-04 20:46:28.212000+00:00",
          "Image": "C:\\Windows\\System32\\dllhost.exe",
          "CommandLine": "nan",
          "ParentImage": "nan",
          "TargetObject": "nan"
        },
        {
          "idx": 52296,
          "EventID": 7,
          "TimeCreated": "2020-09-04 20:46:28.213000+00:00",
          "Image": "C:\\Windows\\System32\\dllhost.exe",
          "CommandLine": "nan",
          "ParentImage": "nan",
          "TargetObject": "nan"
        },
        {
          "idx": 52297,
          "EventID": 7,
          "TimeCreated": "2020-09-04 20:46:28.214000+00:00",
          "Image": "C:\\Windows\\System32\\dllhost.exe",
          "CommandLine": "nan",
          "ParentImage": "nan",
          "TargetObject": "nan"
        },
        {
          "idx": 52298,
          "EventID": 7,
          "TimeCreated": "2020-09-04 20:46:28.215000+00:00",
          "Image": "C:\\Windows\\System32\\dllhost.exe",
          "CommandLine": "nan",
          "ParentImage": "nan",
          "TargetObject": "nan"
        },
        {
          "idx": 52299,
          "EventID": 7,
          "TimeCreated": "2020-09-04 20:46:28.215000+00:00",
          "Image": "C:\\Windows\\System32\\dllhost.exe",
          "CommandLine": "nan",
          "ParentImage": "nan",
          "TargetObject": "nan"
        }
      ],
      "gt_technique_id": "T1546.003",
      "gt_technique_name": "Web Protocols",
      "gt_tactic": "Persistence",
      "gt_is_true_positive": false,
      "gt_notes": "auto: noise:no-kw,rule!=fam(T1071.001)"
    },
    {
      "group_id": "T1087_002_1021",
      "rule_technique_id": "T1087.002",
      "rule_technique_name": "Domain Account Discovery",
      "confidence": 1.0,
      "anchor": {
        "idx": 1021,
        "EventID": 4661,
        "Image": "nan",
        "CommandLine": "nan",
        "TimeCreated": "2020-09-04 20:43:33.711000+00:00"
      },
      "num_events": 28,
      "event_id_distribution": {
        "3": 16,
        "4661": 12
      },
      "sample_logs": [
        {
          "idx": 987,
          "EventID": 3,
          "TimeCreated": "2020-09-04 20:43:33.683000+00:00",
          "Image": "C:\\Windows\\System32\\dns.exe",
          "CommandLine": "nan",
          "ParentImage": "nan",
          "TargetObject": "nan"
        },
        {
          "idx": 988,
          "EventID": 3,
          "TimeCreated": "2020-09-04 20:43:33.683000+00:00",
          "Image": "C:\\Windows\\System32\\dns.exe",
          "CommandLine": "nan",
          "ParentImage": "nan",
          "TargetObject": "nan"
        },
        {
          "idx": 989,
          "EventID": 3,
          "TimeCreated": "2020-09-04 20:43:33.685000+00:00",
          "Image": "C:\\Windows\\System32\\dns.exe",
          "CommandLine": "nan",
          "ParentImage": "nan",
          "TargetObject": "nan"
        },
        {
          "idx": 990,
          "EventID": 3,
          "TimeCreated": "2020-09-04 20:43:33.686000+00:00",
          "Image": "C:\\Windows\\System32\\dns.exe",
          "CommandLine": "nan",
          "ParentImage": "nan",
          "TargetObject": "nan"
        },
        {
          "idx": 991,
          "EventID": 3,
          "TimeCreated": "2020-09-04 20:43:33.686000+00:00",
          "Image": "System",
          "CommandLine": "nan",
          "ParentImage": "nan",
          "TargetObject": "nan"
        },
        {
          "idx": 992,
          "EventID": 3,
          "TimeCreated": "2020-09-04 20:43:33.687000+00:00",
          "Image": "System",
          "CommandLine": "nan",
          "ParentImage": "nan",
          "TargetObject": "nan"
        },
        {
          "idx": 1021,
          "EventID": 4661,
          "TimeCreated": "2020-09-04 20:43:33.711000+00:00",
          "Image": "nan",
          "CommandLine": "nan",
          "ParentImage": "nan",
          "TargetObject": "nan"
        },
        {
          "idx": 1023,
          "EventID": 4661,
          "TimeCreated": "2020-09-04 20:43:33.711000+00:00",
          "Image": "nan",
          "CommandLine": "nan",
          "ParentImage": "nan",
          "TargetObject": "nan"
        },
        {
          "idx": 1027,
          "EventID": 4661,
          "TimeCreated": "2020-09-04 20:43:33.713000+00:00",
          "Image": "nan",
          "CommandLine": "nan",
          "ParentImage": "nan",
          "TargetObject": "nan"
        },
        {
          "idx": 1032,
          "EventID": 4661,
          "TimeCreated": "2020-09-04 20:43:33.714000+00:00",
          "Image": "nan",
          "CommandLine": "nan",
          "ParentImage": "nan",
          "TargetObject": "nan"
        },
        {
          "idx": 1033,
          "EventID": 4661,
          "TimeCreated": "2020-09-04 20:43:33.715000+00:00",
          "Image": "nan",
          "CommandLine": "nan",
          "ParentImage": "nan",
          "TargetObject": "nan"
        },
        {
          "idx": 1036,
          "EventID": 4661,
          "TimeCreated": "2020-09-04 20:43:33.716000+00:00",
          "Image": "nan",
          "CommandLine": "nan",
          "ParentImage": "nan",
          "TargetObject": "nan"
        },
        {
          "idx": 1054,
          "EventID": 4661,
          "TimeCreated": "2020-09-04 20:43:34.717000+00:00",
          "Image": "nan",
          "CommandLine": "nan",
          "ParentImage": "nan",
          "TargetObject": "nan"
        },
        {
          "idx": 1058,
          "EventID": 4661,
          "TimeCreated": "2020-09-04 20:43:34.718000+00:00",
          "Image": "nan",
          "CommandLine": "nan",
          "ParentImage": "nan",
          "TargetObject": "nan"
        },
        {
          "idx": 1055,
          "EventID": 4661,
          "TimeCreated": "2020-09-04 20:43:34.718000+00:00",
          "Image": "nan",
          "CommandLine": "nan",
          "ParentImage": "nan",
          "TargetObject": "nan"
        }
      ],
      "gt_technique_id": "T1546.003",
      "gt_technique_name": "Domain Account Discovery",
      "gt_tactic": "Persistence",
      "gt_is_true_positive": false,
      "gt_notes": "auto: noise:no-kw,rule!=fam(T1087.002)"
    },
    {
      "group_id": "T1112_2130",
      "rule_technique_id": "T1112",
      "rule_technique_name": "Modify Registry",
      "confidence": 1.0,
      "anchor": {
        "idx": 2130,
        "EventID": 13,
        "Image": "C:\\Windows\\System32\\WindowsPowerShell\\v1.0\\powershell.exe",
        "CommandLine": "nan",
        "TimeCreated": "2020-09-04 20:43:51.261000+00:00"
      },
      "num_events": 186,
      "event_id_distribution": {
        "12": 102,
        "13": 60,
        "5": 7,
        "10": 4,
        "1": 4,
        "7": 3,
        "23": 3,
        "11": 3
      },
      "sample_logs": [
        {
          "idx": 1592,
          "EventID": 10,
          "TimeCreated": "2020-09-04 20:43:42.951000+00:00",
          "Image": "nan",
          "CommandLine": "nan",
          "ParentImage": "nan",
          "TargetObject": "nan"
        },
        {
          "idx": 1593,
          "EventID": 12,
          "TimeCreated": "2020-09-04 20:43:42.951000+00:00",
          "Image": "C:\\windows\\Explorer.EXE",
          "CommandLine": "nan",
          "ParentImage": "nan",
          "TargetObject": "HKU\\S-1-5-21-2079883792-3656946353-945924832-1104\\Software\\Microsoft\\Windows\\CurrentVersion\\Explorer\\FeatureUsage\\TrayButtonClicked"
        },
        {
          "idx": 1594,
          "EventID": 13,
          "TimeCreated": "2020-09-04 20:43:42.951000+00:00",
          "Image": "C:\\windows\\Explorer.EXE",
          "CommandLine": "nan",
          "ParentImage": "nan",
          "TargetObject": "HKU\\S-1-5-21-2079883792-3656946353-945924832-1104\\Software\\Microsoft\\Windows\\CurrentVersion\\Explorer\\FeatureUsage\\TrayButtonClicked\\StartButton"
        },
        {
          "idx": 1595,
          "EventID": 10,
          "TimeCreated": "2020-09-04 20:43:42.952000+00:00",
          "Image": "nan",
          "CommandLine": "nan",
          "ParentImage": "nan",
          "TargetObject": "nan"
        },
        {
          "idx": 1606,
          "EventID": 12,
          "TimeCreated": "2020-09-04 20:43:42.957000+00:00",
          "Image": "C:\\windows\\Explorer.EXE",
          "CommandLine": "nan",
          "ParentImage": "nan",
          "TargetObject": "HKLM\\SOFTWARE\\Microsoft\\Windows\\CurrentVersion\\CapabilityAccessManager\\Capabilities"
        },
        {
          "idx": 1607,
          "EventID": 12,
          "TimeCreated": "2020-09-04 20:43:42.957000+00:00",
          "Image": "C:\\windows\\Explorer.EXE",
          "CommandLine": "nan",
          "ParentImage": "nan",
          "TargetObject": "HKLM\\SOFTWARE\\Microsoft\\Windows\\CurrentVersion\\CapabilityAccessManager\\Capabilities"
        },
        {
          "idx": 1608,
          "EventID": 12,
          "TimeCreated": "2020-09-04 20:43:42.958000+00:00",
          "Image": "C:\\windows\\Explorer.EXE",
          "CommandLine": "nan",
          "ParentImage": "nan",
          "TargetObject": "HKLM\\SOFTWARE\\Microsoft\\Windows\\CurrentVersion\\CapabilityAccessManager\\Capabilities"
        },
        {
          "idx": 1609,
          "EventID": 12,
          "TimeCreated": "2020-09-04 20:43:42.958000+00:00",
          "Image": "C:\\windows\\Explorer.EXE",
          "CommandLine": "nan",
          "ParentImage": "nan",
          "TargetObject": "HKLM\\SOFTWARE\\Microsoft\\Windows\\CurrentVersion\\CapabilityAccessManager\\Capabilities"
        },
        {
          "idx": 1610,
          "EventID": 12,
          "TimeCreated": "2020-09-04 20:43:42.958000+00:00",
          "Image": "C:\\windows\\Explorer.EXE",
          "CommandLine": "nan",
          "ParentImage": "nan",
          "TargetObject": "HKLM\\SOFTWARE\\Microsoft\\Windows\\CurrentVersion\\CapabilityAccessManager\\Capabilities"
        },
        {
          "idx": 1611,
          "EventID": 12,
          "TimeCreated": "2020-09-04 20:43:42.959000+00:00",
          "Image": "C:\\windows\\Explorer.EXE",
          "CommandLine": "nan",
          "ParentImage": "nan",
          "TargetObject": "HKLM\\SOFTWARE\\Microsoft\\Windows\\CurrentVersion\\CapabilityAccessManager\\Capabilities"
        },
