        {
          "idx": 38304,
          "EventID": 7,
          "TimeCreated": "2020-09-04 20:45:58.270000+00:00",
          "Image": "C:\\Windows\\System32\\UsoClient.exe",
          "CommandLine": "nan",
          "ParentImage": "nan",
          "TargetObject": "nan"
        },
        {
          "idx": 38306,
          "EventID": 7,
          "TimeCreated": "2020-09-04 20:45:58.271000+00:00",
          "Image": "C:\\Windows\\System32\\UsoClient.exe",
          "CommandLine": "nan",
          "ParentImage": "nan",
          "TargetObject": "nan"
        },
        {
          "idx": 38307,
          "EventID": 7,
          "TimeCreated": "2020-09-04 20:45:58.271000+00:00",
          "Image": "C:\\Windows\\System32\\UsoClient.exe",
          "CommandLine": "nan",
          "ParentImage": "nan",
          "TargetObject": "nan"
        },
        {
          "idx": 38309,
          "EventID": 7,
          "TimeCreated": "2020-09-04 20:45:58.272000+00:00",
          "Image": "C:\\Windows\\System32\\UsoClient.exe",
          "CommandLine": "nan",
          "ParentImage": "nan",
          "TargetObject": "nan"
        },
        {
          "idx": 38311,
          "EventID": 7,
          "TimeCreated": "2020-09-04 20:45:58.274000+00:00",
          "Image": "C:\\Windows\\System32\\UsoClient.exe",
          "CommandLine": "nan",
          "ParentImage": "nan",
          "TargetObject": "nan"
        },
        {
          "idx": 38312,
          "EventID": 7,
          "TimeCreated": "2020-09-04 20:45:58.275000+00:00",
          "Image": "C:\\Windows\\System32\\UsoClient.exe",
          "CommandLine": "nan",
          "ParentImage": "nan",
          "TargetObject": "nan"
        },
        {
          "idx": 38314,
          "EventID": 7,
          "TimeCreated": "2020-09-04 20:45:58.276000+00:00",
          "Image": "C:\\Windows\\System32\\UsoClient.exe",
          "CommandLine": "nan",
          "ParentImage": "nan",
          "TargetObject": "nan"
        }
      ],
      "gt_technique_id": "T1546.003",
      "gt_technique_name": "Windows Command Shell",
      "gt_tactic": "Persistence",
      "gt_is_true_positive": false,
      "gt_notes": "auto: noise:no-kw,rule!=fam(T1059.003)"
    },
    {
      "group_id": "T1069_002_73248",
      "rule_technique_id": "T1069.002",
      "rule_technique_name": "Domain Groups Discovery",
      "confidence": 1.0,
      "anchor": {
        "idx": 73248,
        "EventID": 4661,
        "Image": "nan",
        "CommandLine": "nan",
        "TimeCreated": "2020-09-04 20:47:34.778000+00:00"
      },
      "num_events": 18,
      "event_id_distribution": {
        "3": 17,
        "4661": 1
      },
      "sample_logs": [
        {
          "idx": 73072,
          "EventID": 3,
          "TimeCreated": "2020-09-04 20:47:34.239000+00:00",
          "Image": "C:\\Windows\\System32\\dns.exe",
          "CommandLine": "nan",
          "ParentImage": "nan",
          "TargetObject": "nan"
        },
        {
          "idx": 73077,
          "EventID": 3,
          "TimeCreated": "2020-09-04 20:47:34.239000+00:00",
          "Image": "C:\\Windows\\System32\\dns.exe",
          "CommandLine": "nan",
          "ParentImage": "nan",
          "TargetObject": "nan"
        },
        {
          "idx": 73248,
          "EventID": 4661,
          "TimeCreated": "2020-09-04 20:47:34.778000+00:00",
          "Image": "nan",
          "CommandLine": "nan",
          "ParentImage": "nan",
          "TargetObject": "nan"
        },
        {
          "idx": 73305,
          "EventID": 3,
          "TimeCreated": "2020-09-04 20:47:34.779000+00:00",
          "Image": "C:\\Windows\\System32\\lsass.exe",
          "CommandLine": "nan",
          "ParentImage": "nan",
          "TargetObject": "nan"
        },
        {
          "idx": 73306,
          "EventID": 3,
          "TimeCreated": "2020-09-04 20:47:34.779000+00:00",
          "Image": "C:\\Windows\\System32\\dns.exe",
          "CommandLine": "nan",
          "ParentImage": "nan",
          "TargetObject": "nan"
        },
        {
          "idx": 73307,
          "EventID": 3,
          "TimeCreated": "2020-09-04 20:47:34.779000+00:00",
          "Image": "C:\\Windows\\System32\\svchost.exe",
          "CommandLine": "nan",
          "ParentImage": "nan",
          "TargetObject": "nan"
        },
        {
          "idx": 73308,
          "EventID": 3,
          "TimeCreated": "2020-09-04 20:47:34.779000+00:00",
          "Image": "C:\\Windows\\System32\\lsass.exe",
          "CommandLine": "nan",
          "ParentImage": "nan",
          "TargetObject": "nan"
        },
        {
          "idx": 73309,
          "EventID": 3,
          "TimeCreated": "2020-09-04 20:47:34.779000+00:00",
          "Image": "C:\\Windows\\System32\\lsass.exe",
          "CommandLine": "nan",
          "ParentImage": "nan",
          "TargetObject": "nan"
        },
        {
          "idx": 73382,
          "EventID": 3,
          "TimeCreated": "2020-09-04 20:47:34.781000+00:00",
          "Image": "System",
          "CommandLine": "nan",
          "ParentImage": "nan",
          "TargetObject": "nan"
        },
        {
          "idx": 73375,
          "EventID": 3,
          "TimeCreated": "2020-09-04 20:47:34.781000+00:00",
          "Image": "C:\\Windows\\System32\\lsass.exe",
          "CommandLine": "nan",
          "ParentImage": "nan",
          "TargetObject": "nan"
        },
        {
          "idx": 73366,
          "EventID": 3,
          "TimeCreated": "2020-09-04 20:47:34.781000+00:00",
          "Image": "C:\\Windows\\System32\\lsass.exe",
          "CommandLine": "nan",
          "ParentImage": "nan",
          "TargetObject": "nan"
        },
        {
          "idx": 73347,
          "EventID": 3,
          "TimeCreated": "2020-09-04 20:47:34.781000+00:00",
          "Image": "C:\\Windows\\System32\\dns.exe",
          "CommandLine": "nan",
          "ParentImage": "nan",
          "TargetObject": "nan"
        },
        {
          "idx": 73362,
          "EventID": 3,
          "TimeCreated": "2020-09-04 20:47:34.781000+00:00",
          "Image": "C:\\Windows\\System32\\lsass.exe",
          "CommandLine": "nan",
          "ParentImage": "nan",
          "TargetObject": "nan"
        },
        {
          "idx": 73348,
          "EventID": 3,
          "TimeCreated": "2020-09-04 20:47:34.781000+00:00",
          "Image": "C:\\Windows\\System32\\lsass.exe",
          "CommandLine": "nan",
          "ParentImage": "nan",
          "TargetObject": "nan"
        },
        {
          "idx": 73364,
          "EventID": 3,
          "TimeCreated": "2020-09-04 20:47:34.781000+00:00",
          "Image": "C:\\Windows\\System32\\lsass.exe",
          "CommandLine": "nan",
          "ParentImage": "nan",
          "TargetObject": "nan"
        }
      ],
      "gt_technique_id": "T1546.003",
      "gt_technique_name": "Domain Groups Discovery",
      "gt_tactic": "Persistence",
      "gt_is_true_positive": false,
      "gt_notes": "auto: noise:no-kw,rule!=fam(T1069.002)"
    },
    {
      "group_id": "T1087_002_62831",
      "rule_technique_id": "T1087.002",
      "rule_technique_name": "Domain Account Discovery",
      "confidence": 1.0,
      "anchor": {
        "idx": 62831,
        "EventID": 4661,
        "Image": "nan",
        "CommandLine": "nan",
        "TimeCreated": "2020-09-04 20:46:50.725000+00:00"
      },
      "num_events": 21,
      "event_id_distribution": {
        "3": 19,
        "4661": 2
      },
      "sample_logs": [
        {
          "idx": 58455,
          "EventID": 3,
          "TimeCreated": "2020-09-04 20:46:41.255000+00:00",
          "Image": "C:\\Windows\\System32\\dns.exe",
          "CommandLine": "nan",
          "ParentImage": "nan",
          "TargetObject": "nan"
        },
        {
          "idx": 58457,
          "EventID": 3,
          "TimeCreated": "2020-09-04 20:46:41.256000+00:00",
          "Image": "C:\\Windows\\ADWS\\Microsoft.ActiveDirectory.WebServices.exe",
          "CommandLine": "nan",
          "ParentImage": "nan",
          "TargetObject": "nan"
        },
        {
          "idx": 58459,
          "EventID": 3,
          "TimeCreated": "2020-09-04 20:46:41.258000+00:00",
          "Image": "C:\\Windows\\System32\\lsass.exe",
          "CommandLine": "nan",
          "ParentImage": "nan",
          "TargetObject": "nan"
        },
        {
          "idx": 62831,
          "EventID": 4661,
          "TimeCreated": "2020-09-04 20:46:50.725000+00:00",
          "Image": "nan",
          "CommandLine": "nan",
          "ParentImage": "nan",
          "TargetObject": "nan"
        },
        {
          "idx": 62874,
          "EventID": 4661,
          "TimeCreated": "2020-09-04 20:46:50.726000+00:00",
          "Image": "nan",
          "CommandLine": "nan",
          "ParentImage": "nan",
          "TargetObject": "nan"
        },
        {
          "idx": 63242,
          "EventID": 3,
          "TimeCreated": "2020-09-04 20:46:51.896000+00:00",
          "Image": "C:\\Windows\\System32\\dns.exe",
          "CommandLine": "nan",
          "ParentImage": "nan",
          "TargetObject": "nan"
        },
        {
          "idx": 63248,
          "EventID": 3,
          "TimeCreated": "2020-09-04 20:46:51.900000+00:00",
          "Image": "C:\\Windows\\System32\\lsass.exe",
          "CommandLine": "nan",
          "ParentImage": "nan",
          "TargetObject": "nan"
        },
        {
          "idx": 63249,
          "EventID": 3,
          "TimeCreated": "2020-09-04 20:46:51.900000+00:00",
          "Image": "C:\\Windows\\System32\\svchost.exe",
          "CommandLine": "nan",
          "ParentImage": "nan",
          "TargetObject": "nan"
        },
        {
          "idx": 63756,
          "EventID": 3,
          "TimeCreated": "2020-09-04 20:46:53.262000+00:00",
          "Image": "System",
          "CommandLine": "nan",
          "ParentImage": "nan",
          "TargetObject": "nan"
        },
        {
          "idx": 63759,
          "EventID": 3,
          "TimeCreated": "2020-09-04 20:46:53.264000+00:00",
          "Image": "C:\\Windows\\System32\\lsass.exe",
          "CommandLine": "nan",
          "ParentImage": "nan",
          "TargetObject": "nan"
        },
        {
          "idx": 63762,
          "EventID": 3,
          "TimeCreated": "2020-09-04 20:46:53.266000+00:00",
          "Image": "C:\\Windows\\System32\\lsass.exe",
          "CommandLine": "nan",
          "ParentImage": "nan",
          "TargetObject": "nan"
        },
        {
          "idx": 63764,
          "EventID": 3,
          "TimeCreated": "2020-09-04 20:46:53.268000+00:00",
          "Image": "C:\\Windows\\System32\\lsass.exe",
          "CommandLine": "nan",
          "ParentImage": "nan",
          "TargetObject": "nan"
        },
        {
          "idx": 66767,
          "EventID": 3,
          "TimeCreated": "2020-09-04 20:46:59.954000+00:00",
          "Image": "C:\\Windows\\System32\\dns.exe",
          "CommandLine": "nan",
          "ParentImage": "nan",
          "TargetObject": "nan"
        },
        {
          "idx": 68738,
          "EventID": 3,
          "TimeCreated": "2020-09-04 20:47:05.130000+00:00",
          "Image": "C:\\Windows\\System32\\dfsrs.exe",
          "CommandLine": "nan",
          "ParentImage": "nan",
          "TargetObject": "nan"
        },
        {
          "idx": 68741,
          "EventID": 3,
          "TimeCreated": "2020-09-04 20:47:05.131000+00:00",
          "Image": "C:\\Windows\\System32\\svchost.exe",
          "CommandLine": "nan",
          "ParentImage": "nan",
          "TargetObject": "nan"
        }
      ],
      "gt_technique_id": "T1546.003",
      "gt_technique_name": "Domain Account Discovery",
      "gt_tactic": "Persistence",
      "gt_is_true_positive": false,
      "gt_notes": "auto: noise:no-kw,rule!=fam(T1087.002)"
    },
    {
      "group_id": "T1112_51352",
      "rule_technique_id": "T1112",
      "rule_technique_name": "Modify Registry",
      "confidence": 1.0,
      "anchor": {
        "idx": 51352,
        "EventID": 13,
        "Image": "C:\\windows\\system32\\userinit.exe",
        "CommandLine": "nan",
        "TimeCreated": "2020-09-04 20:46:25.724000+00:00"
      },
      "num_events": 1015,
      "event_id_distribution": {
        "7": 445,
        "12": 309,
        "13": 156,
        "1": 88,
        "11": 7,
        "5": 3,
        "18": 3,
        "23": 3,
        "10": 1
      },
      "sample_logs": [
        {
          "idx": 47221,
          "EventID": 1,
          "TimeCreated": "2020-09-04 20:46:16.517000+00:00",
          "Image": "C:\\Windows\\System32\\logman.exe",
          "CommandLine": "\"logman.exe\" create trace GAEvents -max 50 -f bincirc -o C:\\WindowsAzure\\Logs\\WaAppAgent.etl -p \"{3000b92b-ca8b-4269-90ea-c4185ee09e92}\"",
          "ParentImage": "C:\\WindowsAzure\\GuestAgent_2.7.41491.993_2020-09-04_183615\\WaAppAgent.exe",
          "TargetObject": "nan"
        },
        {
          "idx": 47252,
          "EventID": 1,
          "TimeCreated": "2020-09-04 20:46:16.532000+00:00",
          "Image": "C:\\Windows\\System32\\conhost.exe",
          "CommandLine": "\\??\\C:\\windows\\system32\\conhost.exe 0xffffffff -ForceV1",
          "ParentImage": "C:\\Windows\\System32\\logman.exe",
          "TargetObject": "nan"
        },
        {
          "idx": 47692,
          "EventID": 1,
          "TimeCreated": "2020-09-04 20:46:17.752000+00:00",
          "Image": "C:\\Windows\\System32\\logman.exe",
          "CommandLine": "\"logman.exe\" start GAEvents",
          "ParentImage": "C:\\WindowsAzure\\GuestAgent_2.7.41491.993_2020-09-04_183615\\WaAppAgent.exe",
          "TargetObject": "nan"
        },
        {
          "idx": 47699,
          "EventID": 1,
          "TimeCreated": "2020-09-04 20:46:17.755000+00:00",
          "Image": "C:\\Windows\\System32\\conhost.exe",
          "CommandLine": "\\??\\C:\\windows\\system32\\conhost.exe 0xffffffff -ForceV1",
          "ParentImage": "C:\\Windows\\System32\\logman.exe",
          "TargetObject": "nan"
        },
        {
          "idx": 47764,
          "EventID": 1,
          "TimeCreated": "2020-09-04 20:46:17.788000+00:00",
          "Image": "C:\\Windows\\System32\\smss.exe",
          "CommandLine": "\\SystemRoot\\System32\\smss.exe 000000d8 00000088 ",
          "ParentImage": "C:\\Windows\\System32\\smss.exe",
          "TargetObject": "nan"
        },
        {
          "idx": 47768,
          "EventID": 13,
          "TimeCreated": "2020-09-04 20:46:17.790000+00:00",
          "Image": "C:\\windows\\System32\\smss.exe",
          "CommandLine": "nan",
          "ParentImage": "nan",
          "TargetObject": "HKLM\\SOFTWARE\\Microsoft\\Windows NT\\CurrentVersion\\Windows\\Win32kWPP\\Parameters\\WppRecorder_TraceGuid"
        },
        {
          "idx": 47769,
          "EventID": 13,
          "TimeCreated": "2020-09-04 20:46:17.790000+00:00",
          "Image": "C:\\windows\\System32\\smss.exe",
          "CommandLine": "nan",
          "ParentImage": "nan",
          "TargetObject": "HKLM\\SOFTWARE\\Microsoft\\Windows NT\\CurrentVersion\\Windows\\Win32kWPP\\Parameters\\WppRecorder_TraceGuid"
        },
        {
          "idx": 47770,
          "EventID": 13,
          "TimeCreated": "2020-09-04 20:46:17.791000+00:00",
          "Image": "C:\\windows\\System32\\smss.exe",
          "CommandLine": "nan",
          "ParentImage": "nan",
          "TargetObject": "HKLM\\SOFTWARE\\Microsoft\\Windows\\Tablet PC\\IsTabletPC"
        },
        {
          "idx": 47771,
          "EventID": 12,
          "TimeCreated": "2020-09-04 20:46:17.791000+00:00",
          "Image": "C:\\windows\\System32\\smss.exe",
          "CommandLine": "nan",
          "ParentImage": "nan",
          "TargetObject": "HKLM\\SOFTWARE\\Microsoft\\Windows\\Tablet PC"
        },
        {
          "idx": 47772,
          "EventID": 12,
          "TimeCreated": "2020-09-04 20:46:17.792000+00:00",
          "Image": "C:\\windows\\System32\\smss.exe",
          "CommandLine": "nan",
          "ParentImage": "nan",
          "TargetObject": "HKLM\\SOFTWARE\\WOW6432Node\\Microsoft\\Windows\\Tablet PC"
        },
        {
          "idx": 47773,
          "EventID": 13,
          "TimeCreated": "2020-09-04 20:46:17.793000+00:00",
          "Image": "C:\\windows\\System32\\smss.exe",
          "CommandLine": "nan",
          "ParentImage": "nan",
          "TargetObject": "HKLM\\SOFTWARE\\WOW6432Node\\Microsoft\\Windows\\Tablet PC\\IsTabletPC"
        },
        {
          "idx": 47774,
          "EventID": 12,
          "TimeCreated": "2020-09-04 20:46:17.793000+00:00",
          "Image": "C:\\windows\\System32\\smss.exe",
          "CommandLine": "nan",
          "ParentImage": "nan",
          "TargetObject": "HKLM\\SOFTWARE\\Microsoft\\Windows\\Tablet PC"
        },
        {
          "idx": 47775,
          "EventID": 13,
          "TimeCreated": "2020-09-04 20:46:17.794000+00:00",
          "Image": "C:\\windows\\System32\\smss.exe",
          "CommandLine": "nan",
          "ParentImage": "nan",
          "TargetObject": "HKLM\\SOFTWARE\\Microsoft\\Windows\\Tablet PC\\DeviceKind"
        },
        {
          "idx": 47777,
          "EventID": 1,
          "TimeCreated": "2020-09-04 20:46:17.795000+00:00",
          "Image": "C:\\Windows\\System32\\taskhostw.exe",
          "CommandLine": "taskhostw.exe $(Arg0)",
          "ParentImage": "C:\\Windows\\System32\\svchost.exe",
          "TargetObject": "nan"
        },
        {
          "idx": 47781,
          "EventID": 1,
          "TimeCreated": "2020-09-04 20:46:17.797000+00:00",
          "Image": "C:\\Windows\\System32\\csrss.exe",
          "CommandLine": "%%SystemRoot%%\\system32\\csrss.exe ObjectDirectory=\\Windows SharedSection=1024,20480,768 Windows=On SubSystemType=Windows ServerDll=basesrv,1 ServerDll=winsrv:UserServerDllInitialization,3 ServerDll=sx",
          "ParentImage": "C:\\Windows\\System32\\smss.exe",
          "TargetObject": "nan"
        }
      ],
      "gt_technique_id": "T1546.003",
      "gt_technique_name": "Modify Registry",
      "gt_tactic": "Persistence",
      "gt_is_true_positive": false,
      "gt_notes": "auto: noise:no-kw,rule!=fam(T1112)"
    },
    {
      "group_id": "T1134_19995",
      "rule_technique_id": "T1134",
      "rule_technique_name": "Access Token Manipulation",
      "confidence": 0.67,
      "anchor": {
        "idx": 19995,
        "EventID": 4673,
        "Image": "nan",
        "CommandLine": "nan",
        "TimeCreated": "2020-09-04 20:45:30.489000+00:00"
      },
      "num_events": 848,
      "event_id_distribution": {
        "10": 823,
        "1": 23,
        "4673": 2
      },
      "sample_logs": [
        {
          "idx": 18234,
          "EventID": 10,
          "TimeCreated": "2020-09-04 20:45:20.489000+00:00",
          "Image": "nan",
          "CommandLine": "nan",
          "ParentImage": "nan",
          "TargetObject": "nan"
        },
        {
          "idx": 18235,
          "EventID": 10,
          "TimeCreated": "2020-09-04 20:45:20.489000+00:00",
          "Image": "nan",
          "CommandLine": "nan",
          "ParentImage": "nan",
          "TargetObject": "nan"
        },
        {
          "idx": 18237,
          "EventID": 10,
          "TimeCreated": "2020-09-04 20:45:20.490000+00:00",
          "Image": "nan",
          "CommandLine": "nan",
          "ParentImage": "nan",
          "TargetObject": "nan"
        },
        {
          "idx": 18239,
          "EventID": 10,
          "TimeCreated": "2020-09-04 20:45:20.490000+00:00",
          "Image": "nan",
          "CommandLine": "nan",
          "ParentImage": "nan",
          "TargetObject": "nan"
        },
        {
          "idx": 18241,
          "EventID": 10,
          "TimeCreated": "2020-09-04 20:45:20.492000+00:00",
          "Image": "nan",
          "CommandLine": "nan",
          "ParentImage": "nan",
          "TargetObject": "nan"
        },
        {
          "idx": 18243,
          "EventID": 10,
          "TimeCreated": "2020-09-04 20:45:20.492000+00:00",
          "Image": "nan",
          "CommandLine": "nan",
          "ParentImage": "nan",
          "TargetObject": "nan"
        },
        {
          "idx": 18246,
          "EventID": 10,
          "TimeCreated": "2020-09-04 20:45:20.493000+00:00",
          "Image": "nan",
          "CommandLine": "nan",
          "ParentImage": "nan",
          "TargetObject": "nan"
        },
        {
          "idx": 18248,
          "EventID": 10,
          "TimeCreated": "2020-09-04 20:45:20.494000+00:00",
          "Image": "nan",
          "CommandLine": "nan",
          "ParentImage": "nan",
          "TargetObject": "nan"
        },
        {
          "idx": 18250,
          "EventID": 10,
          "TimeCreated": "2020-09-04 20:45:20.495000+00:00",
          "Image": "nan",
          "CommandLine": "nan",
          "ParentImage": "nan",
          "TargetObject": "nan"
        },
        {
          "idx": 18252,
          "EventID": 10,
          "TimeCreated": "2020-09-04 20:45:20.495000+00:00",
          "Image": "nan",
          "CommandLine": "nan",
          "ParentImage": "nan",
          "TargetObject": "nan"
        },
        {
          "idx": 18253,
          "EventID": 10,
          "TimeCreated": "2020-09-04 20:45:20.496000+00:00",
          "Image": "nan",
          "CommandLine": "nan",
          "ParentImage": "nan",
          "TargetObject": "nan"
        },
        {
          "idx": 18256,
          "EventID": 10,
          "TimeCreated": "2020-09-04 20:45:20.497000+00:00",
          "Image": "nan",
          "CommandLine": "nan",
          "ParentImage": "nan",
          "TargetObject": "nan"
        },
        {
          "idx": 18258,
          "EventID": 10,
          "TimeCreated": "2020-09-04 20:45:20.498000+00:00",
          "Image": "nan",
          "CommandLine": "nan",
          "ParentImage": "nan",
          "TargetObject": "nan"
        },
        {
          "idx": 18260,
          "EventID": 10,
          "TimeCreated": "2020-09-04 20:45:20.498000+00:00",
          "Image": "nan",
          "CommandLine": "nan",
          "ParentImage": "nan",
          "TargetObject": "nan"
        },
        {
          "idx": 18262,
          "EventID": 10,
          "TimeCreated": "2020-09-04 20:45:20.499000+00:00",
          "Image": "nan",
          "CommandLine": "nan",
          "ParentImage": "nan",
          "TargetObject": "nan"
        }
      ],
      "gt_technique_id": "T1546.003",
      "gt_technique_name": "Access Token Manipulation",
      "gt_tactic": "Persistence",
      "gt_is_true_positive": false,
      "gt_notes": "auto: noise:no-kw,rule!=fam(T1134)"
    },
    {
      "group_id": "T1003_68033",
      "rule_technique_id": "T1003",
      "rule_technique_name": "OS Credential Dumping",
      "confidence": 0.0,
      "anchor": {
        "idx": 68033,
        "EventID": 10,
        "Image": "nan",
        "CommandLine": "nan",
        "TimeCreated": "2020-09-04 20:47:03.697000+00:00"
      },
      "num_events": 1,
      "event_id_distribution": {
        "10": 1
      },
      "sample_logs": [
        {
          "idx": 68033,
          "EventID": 10,
          "TimeCreated": "2020-09-04 20:47:03.697000+00:00",
          "Image": "nan",
          "CommandLine": "nan",
          "ParentImage": "nan",
          "TargetObject": "nan"
        }
      ],
      "gt_technique_id": "T1546.003",
      "gt_technique_name": "OS Credential Dumping",
      "gt_tactic": "Persistence",
      "gt_is_true_positive": false,
      "gt_notes": "auto: noise:c=0,no-kw,rule!=fam(T1003)"
    },
    {
      "group_id": "T1016_58649",
      "rule_technique_id": "T1016",
      "rule_technique_name": "System Network Configuration Discovery",
      "confidence": 1.0,
      "anchor": {
        "idx": 58649,
        "EventID": 1,
        "Image": "C:\\Windows\\System32\\ROUTE.EXE",
        "CommandLine": "\"route.exe\" print",
        "TimeCreated": "2020-09-04 20:46:41.358000+00:00"
      },
      "num_events": 130,
      "event_id_distribution": {
        "12": 59,
        "7": 39,
        "13": 27,
        "1": 2,
        "5": 2,
        "22": 1
      },
      "sample_logs": [
        {
          "idx": 54085,
          "EventID": 13,
          "TimeCreated": "2020-09-04 20:46:32.136000+00:00",
          "Image": "C:\\windows\\system32\\services.exe",
          "CommandLine": "nan",
          "ParentImage": "nan",
          "TargetObject": "HKU\\S-1-5-21-2079883792-3656946353-945924832-1104_Classes\\Local Settings\\MuiCache\\1\\52C64B7E\\@%systemroot%\\system32\\cscsvc.dll,-202"
        },
        {
          "idx": 54499,
          "EventID": 12,
          "TimeCreated": "2020-09-04 20:46:32.351000+00:00",
          "Image": "C:\\WindowsAzure\\GuestAgent_2.7.41491.993_2020-09-04_183615\\WaAppAgent.exe",
          "CommandLine": "nan",
          "ParentImage": "nan",
          "TargetObject": "HKLM\\SOFTWARE\\Microsoft\\Wbem\\CIMOM"
        },
        {
          "idx": 54501,
          "EventID": 12,
          "TimeCreated": "2020-09-04 20:46:32.352000+00:00",
          "Image": "C:\\WindowsAzure\\GuestAgent_2.7.41491.993_2020-09-04_183615\\WaAppAgent.exe",
          "CommandLine": "nan",
          "ParentImage": "nan",
          "TargetObject": "HKLM\\SOFTWARE\\Microsoft\\Wbem\\CIMOM"
        },
        {
          "idx": 54674,
          "EventID": 12,
          "TimeCreated": "2020-09-04 20:46:33.451000+00:00",
          "Image": "C:\\WindowsAzure\\GuestAgent_2.7.41491.993_2020-09-04_183615\\WaAppAgent.exe",
          "CommandLine": "nan",
          "ParentImage": "nan",
          "TargetObject": "HKLM\\SOFTWARE\\Microsoft\\Windows\\CurrentVersion\\Setup\\SysPrepExternal\\Generalize\\b686bfdf-15ce-4e33-bf43-9526cdabced5"
        },
        {
          "idx": 54675,
          "EventID": 13,
          "TimeCreated": "2020-09-04 20:46:33.452000+00:00",
          "Image": "C:\\WindowsAzure\\GuestAgent_2.7.41491.993_2020-09-04_183615\\WaAppAgent.exe",
          "CommandLine": "nan",
          "ParentImage": "nan",
          "TargetObject": "HKLM\\SOFTWARE\\Microsoft\\Windows\\CurrentVersion\\Setup\\SysPrepExternal\\Generalize\\2c2aba4c-b985-4143-81c5-738f7181445f"
        },
        {
          "idx": 54779,
          "EventID": 13,
          "TimeCreated": "2020-09-04 20:46:33.508000+00:00",
          "Image": "C:\\windows\\system32\\services.exe",
          "CommandLine": "nan",
          "ParentImage": "nan",
          "TargetObject": "HKLM\\System\\CurrentControlSet\\Services\\RdAgent\\FailureActions"
        },
        {
          "idx": 54922,
          "EventID": 13,
          "TimeCreated": "2020-09-04 20:46:33.584000+00:00",
          "Image": "C:\\windows\\system32\\services.exe",
          "CommandLine": "nan",
          "ParentImage": "nan",
          "TargetObject": "HKLM\\System\\CurrentControlSet\\Services\\WSearch\\FailureActionsOnNonCrashFailures"
        },
        {
          "idx": 55074,
          "EventID": 13,
          "TimeCreated": "2020-09-04 20:46:33.663000+00:00",
          "Image": "C:\\windows\\system32\\services.exe",
          "CommandLine": "nan",
          "ParentImage": "nan",
          "TargetObject": "HKLM\\System\\CurrentControlSet\\Services\\RdAgent\\ErrorControl"
        },
        {
          "idx": 55076,
          "EventID": 13,
          "TimeCreated": "2020-09-04 20:46:33.664000+00:00",
          "Image": "C:\\WindowsAzure\\GuestAgent_2.7.41491.993_2020-09-04_183615\\WaAppAgent.exe",
          "CommandLine": "nan",
          "ParentImage": "nan",
          "TargetObject": "HKLM\\SOFTWARE\\Microsoft\\Virtual Machine\\Guest\\TransparentInstallerStatus"
        },
        {
          "idx": 55166,
          "EventID": 12,
          "TimeCreated": "2020-09-04 20:46:34.702000+00:00",
          "Image": "C:\\WindowsAzure\\GuestAgent_2.7.41491.993_2020-09-04_183615\\WaAppAgent.exe",
          "CommandLine": "nan",
          "ParentImage": "nan",
          "TargetObject": "HKLM\\System\\CurrentControlSet\\Services\\Tcpip\\Parameters"
        },
        {
          "idx": 55167,
          "EventID": 12,
          "TimeCreated": "2020-09-04 20:46:34.702000+00:00",
          "Image": "C:\\WindowsAzure\\GuestAgent_2.7.41491.993_2020-09-04_183615\\WaAppAgent.exe",
          "CommandLine": "nan",
          "ParentImage": "nan",
          "TargetObject": "HKLM\\System\\CurrentControlSet\\Services\\Tcpip\\Parameters"
        },
        {
          "idx": 55169,
          "EventID": 12,
          "TimeCreated": "2020-09-04 20:46:34.703000+00:00",
          "Image": "C:\\WindowsAzure\\GuestAgent_2.7.41491.993_2020-09-04_183615\\WaAppAgent.exe",
          "CommandLine": "nan",
          "ParentImage": "nan",
          "TargetObject": "HKLM\\System\\CurrentControlSet\\Services\\Tcpip\\Parameters"
        },
        {
          "idx": 55170,
          "EventID": 12,
          "TimeCreated": "2020-09-04 20:46:34.703000+00:00",
          "Image": "C:\\WindowsAzure\\GuestAgent_2.7.41491.993_2020-09-04_183615\\WaAppAgent.exe",
          "CommandLine": "nan",
          "ParentImage": "nan",
          "TargetObject": "HKLM\\System\\CurrentControlSet\\Services\\Tcpip\\Parameters"
        },
        {
          "idx": 55172,
          "EventID": 12,
          "TimeCreated": "2020-09-04 20:46:34.704000+00:00",
          "Image": "C:\\WindowsAzure\\GuestAgent_2.7.41491.993_2020-09-04_183615\\WaAppAgent.exe",
          "CommandLine": "nan",
          "ParentImage": "nan",
          "TargetObject": "HKLM\\System\\CurrentControlSet\\Services\\Tcpip\\Parameters"
        },
        {
          "idx": 55173,
          "EventID": 12,
          "TimeCreated": "2020-09-04 20:46:34.704000+00:00",
          "Image": "C:\\WindowsAzure\\GuestAgent_2.7.41491.993_2020-09-04_183615\\WaAppAgent.exe",
          "CommandLine": "nan",
          "ParentImage": "nan",
          "TargetObject": "HKLM\\System\\CurrentControlSet\\Services\\Tcpip\\Parameters"
        }
      ],
      "gt_technique_id": "T1546.003",
      "gt_technique_name": "System Network Configuration Discovery",
      "gt_tactic": "Persistence",
      "gt_is_true_positive": true,
      "gt_notes": "auto: sample-kw+ctx(T1016,c=1.00)"
    },
    {
      "group_id": "T1021_002_5131",
      "rule_technique_id": "T1021.002",
      "rule_technique_name": "SMB/Windows Admin Shares",
      "confidence": 0.5,
      "anchor": {
        "idx": 5131,
        "EventID": 5140,
        "Image": "nan",
        "CommandLine": "nan",
        "TimeCreated": "2020-09-04 20:44:32.805000+00:00"
      },
      "num_events": 25,
      "event_id_distribution": {
        "4624": 22,
        "5140": 1,
        "18": 1,
        "11": 1
      },
      "sample_logs": [
        {
          "idx": 5127,
          "EventID": 4624,
          "TimeCreated": "2020-09-04 20:44:32.803000+00:00",
          "Image": "nan",
          "CommandLine": "nan",
          "ParentImage": "nan",
          "TargetObject": "nan"
        },
        {
          "idx": 5129,
          "EventID": 4624,
          "TimeCreated": "2020-09-04 20:44:32.804000+00:00",
          "Image": "nan",
          "CommandLine": "nan",
          "ParentImage": "nan",
          "TargetObject": "nan"
        },
        {
          "idx": 5131,
          "EventID": 5140,
          "TimeCreated": "2020-09-04 20:44:32.805000+00:00",
          "Image": "nan",
          "CommandLine": "nan",
          "ParentImage": "nan",
          "TargetObject": "nan"
        },
        {
          "idx": 5151,
          "EventID": 4624,
          "TimeCreated": "2020-09-04 20:44:32.811000+00:00",
          "Image": "nan",
          "CommandLine": "nan",
          "ParentImage": "nan",
          "TargetObject": "nan"
        },
        {
          "idx": 5153,
          "EventID": 4624,
          "TimeCreated": "2020-09-04 20:44:32.812000+00:00",
          "Image": "nan",
          "CommandLine": "nan",
          "ParentImage": "nan",
          "TargetObject": "nan"
        },
        {
          "idx": 5155,
          "EventID": 4624,
          "TimeCreated": "2020-09-04 20:44:32.813000+00:00",
          "Image": "nan",
          "CommandLine": "nan",
          "ParentImage": "nan",
          "TargetObject": "nan"
        },
        {
          "idx": 5159,
          "EventID": 4624,
          "TimeCreated": "2020-09-04 20:44:32.814000+00:00",
          "Image": "nan",
          "CommandLine": "nan",
          "ParentImage": "nan",
          "TargetObject": "nan"
        },
        {
          "idx": 5163,
          "EventID": 4624,
          "TimeCreated": "2020-09-04 20:44:32.816000+00:00",
          "Image": "nan",
          "CommandLine": "nan",
          "ParentImage": "nan",
          "TargetObject": "nan"
        },
        {
          "idx": 5173,
          "EventID": 4624,
          "TimeCreated": "2020-09-04 20:44:33.816000+00:00",
          "Image": "nan",
          "CommandLine": "nan",
          "ParentImage": "nan",
          "TargetObject": "nan"
        },
        {
          "idx": 5177,
          "EventID": 4624,
          "TimeCreated": "2020-09-04 20:44:33.817000+00:00",
          "Image": "nan",
          "CommandLine": "nan",
          "ParentImage": "nan",
          "TargetObject": "nan"
        },
        {
          "idx": 5190,
          "EventID": 4624,
          "TimeCreated": "2020-09-04 20:44:33.823000+00:00",
          "Image": "nan",
          "CommandLine": "nan",
          "ParentImage": "nan",
          "TargetObject": "nan"
        },
        {
          "idx": 5243,
          "EventID": 4624,
          "TimeCreated": "2020-09-04 20:44:34.844000+00:00",
          "Image": "nan",
          "CommandLine": "nan",
          "ParentImage": "nan",
          "TargetObject": "nan"
        },
        {
          "idx": 5254,
          "EventID": 4624,
          "TimeCreated": "2020-09-04 20:44:34.848000+00:00",
          "Image": "nan",
          "CommandLine": "nan",
          "ParentImage": "nan",
          "TargetObject": "nan"
        },
        {
          "idx": 5265,
          "EventID": 4624,
          "TimeCreated": "2020-09-04 20:44:35.852000+00:00",
          "Image": "nan",
          "CommandLine": "nan",
          "ParentImage": "nan",
          "TargetObject": "nan"
        },
        {
          "idx": 5332,
          "EventID": 18,
          "TimeCreated": "2020-09-04 20:44:40.885000+00:00",
          "Image": "C:\\windows\\system32\\dns.exe",
          "CommandLine": "nan",
          "ParentImage": "nan",
          "TargetObject": "nan"
        }
      ],
      "gt_technique_id": "T1546.003",
      "gt_technique_name": "SMB/Windows Admin Shares",
      "gt_tactic": "Persistence",
      "gt_is_true_positive": false,
      "gt_notes": "auto: noise:no-kw,rule!=fam(T1021.002)"
    },
    {
      "group_id": "T1021_003_49868",
      "rule_technique_id": "T1021.003",
      "rule_technique_name": "Distributed Component Object Model",
      "confidence": 1.0,
      "anchor": {
        "idx": 49868,
        "EventID": 1,
        "Image": "C:\\Windows\\System32\\TSTheme.exe",
        "CommandLine": "C:\\windows\\system32\\TSTheme.exe -Embedding",
        "TimeCreated": "2020-09-04 20:46:21.942000+00:00"
      },
      "num_events": 4686,
      "event_id_distribution": {
        "7": 4177,
        "13": 322,
        "12": 149,
        "22": 26,
        "3": 10,
        "1": 1,
        "5": 1
      },
      "sample_logs": [
        {
          "idx": 45420,
          "EventID": 7,
          "TimeCreated": "2020-09-04 20:46:12.630000+00:00",
          "Image": "C:\\Windows\\System32\\LogonUI.exe",
          "CommandLine": "nan",
          "ParentImage": "nan",
          "TargetObject": "nan"
        },
        {
          "idx": 45896,
          "EventID": 7,
          "TimeCreated": "2020-09-04 20:46:13.870000+00:00",
          "Image": "C:\\Windows\\System32\\LogonUI.exe",
          "CommandLine": "nan",
          "ParentImage": "nan",
          "TargetObject": "nan"
        },
        {
          "idx": 46089,
          "EventID": 7,
          "TimeCreated": "2020-09-04 20:46:13.957000+00:00",
          "Image": "C:\\Windows\\System32\\svchost.exe",
          "CommandLine": "nan",
          "ParentImage": "nan",
          "TargetObject": "nan"
        },
        {
          "idx": 46447,
          "EventID": 7,
          "TimeCreated": "2020-09-04 20:46:15.129000+00:00",
          "Image": "C:\\Windows\\System32\\svchost.exe",
          "CommandLine": "nan",
          "ParentImage": "nan",
          "TargetObject": "nan"
        },
        {
          "idx": 46657,
          "EventID": 7,
          "TimeCreated": "2020-09-04 20:46:15.241000+00:00",
          "Image": "C:\\Windows\\System32\\LogonUI.exe",
          "CommandLine": "nan",
          "ParentImage": "nan",
          "TargetObject": "nan"
        },
        {
          "idx": 46808,
          "EventID": 7,
          "TimeCreated": "2020-09-04 20:46:15.312000+00:00",
          "Image": "C:\\Windows\\System32\\netsh.exe",
          "CommandLine": "nan",
          "ParentImage": "nan",
          "TargetObject": "nan"
        },
        {
          "idx": 46813,
          "EventID": 7,
          "TimeCreated": "2020-09-04 20:46:15.316000+00:00",
          "Image": "C:\\Windows\\System32\\netsh.exe",
          "CommandLine": "nan",
          "ParentImage": "nan",
          "TargetObject": "nan"
        },
        {
          "idx": 46819,
          "EventID": 7,
          "TimeCreated": "2020-09-04 20:46:15.319000+00:00",
          "Image": "C:\\Windows\\System32\\svchost.exe",
          "CommandLine": "nan",
          "ParentImage": "nan",
          "TargetObject": "nan"
        },
        {
          "idx": 46826,
          "EventID": 7,
          "TimeCreated": "2020-09-04 20:46:15.324000+00:00",
          "Image": "C:\\Windows\\System32\\svchost.exe",
          "CommandLine": "nan",
          "ParentImage": "nan",
          "TargetObject": "nan"
        },
        {
          "idx": 47044,
          "EventID": 7,
          "TimeCreated": "2020-09-04 20:46:16.430000+00:00",
          "Image": "C:\\Windows\\System32\\svchost.exe",
          "CommandLine": "nan",
          "ParentImage": "nan",
          "TargetObject": "nan"
        },
        {
          "idx": 47052,
          "EventID": 7,
          "TimeCreated": "2020-09-04 20:46:16.434000+00:00",
          "Image": "C:\\Windows\\System32\\LogonUI.exe",
          "CommandLine": "nan",
          "ParentImage": "nan",
          "TargetObject": "nan"
        },
        {
          "idx": 47091,
          "EventID": 7,
          "TimeCreated": "2020-09-04 20:46:16.451000+00:00",
          "Image": "C:\\Windows\\System32\\LogonUI.exe",
          "CommandLine": "nan",
          "ParentImage": "nan",
          "TargetObject": "nan"
        },
        {
          "idx": 47092,
          "EventID": 7,
          "TimeCreated": "2020-09-04 20:46:16.452000+00:00",
          "Image": "C:\\Windows\\System32\\LogonUI.exe",
          "CommandLine": "nan",
          "ParentImage": "nan",
          "TargetObject": "nan"
        },
        {
          "idx": 47093,
          "EventID": 7,
          "TimeCreated": "2020-09-04 20:46:16.452000+00:00",
          "Image": "C:\\Windows\\System32\\LogonUI.exe",
          "CommandLine": "nan",
          "ParentImage": "nan",
          "TargetObject": "nan"
        },
        {
          "idx": 47094,
          "EventID": 7,
          "TimeCreated": "2020-09-04 20:46:16.452000+00:00",
          "Image": "C:\\Windows\\System32\\LogonUI.exe",
          "CommandLine": "nan",
          "ParentImage": "nan",
          "TargetObject": "nan"
        }
      ],
      "gt_technique_id": "T1546.003",
      "gt_technique_name": "Distributed Component Object Model",
      "gt_tactic": "Persistence",
      "gt_is_true_positive": false,
      "gt_notes": "auto: noise:no-kw,rule!=fam(T1021.003)"
    },
    {
      "group_id": "T1047_55402",
      "rule_technique_id": "T1047",
      "rule_technique_name": "Windows Management Instrumentation",
      "confidence": 1.0,
      "anchor": {
        "idx": 55402,
        "EventID": 5860,
        "Image": "nan",
        "CommandLine": "nan",
        "TimeCreated": "2020-09-04 20:46:34.809000+00:00"
      },
      "num_events": 82,
      "event_id_distribution": {
        "1": 68,
        "3": 10,
        "5857": 2,
        "5860": 1,
        "5859": 1
      },
      "sample_logs": [
        {
          "idx": 51241,
          "EventID": 1,
          "TimeCreated": "2020-09-04 20:46:25.664000+00:00",
          "Image": "C:\\Windows\\System32\\userinit.exe",
          "CommandLine": "C:\\windows\\system32\\userinit.exe",
          "ParentImage": "C:\\Windows\\System32\\winlogon.exe",
          "TargetObject": "nan"
        },
        {
          "idx": 51261,
          "EventID": 1,
          "TimeCreated": "2020-09-04 20:46:25.674000+00:00",
          "Image": "C:\\Windows\\System32\\svchost.exe",
          "CommandLine": "C:\\windows\\system32\\svchost.exe -k LocalService -p -s CDPSvc",
          "ParentImage": "C:\\Windows\\System32\\services.exe",
          "TargetObject": "nan"
        },
        {
          "idx": 51416,
          "EventID": 1,
          "TimeCreated": "2020-09-04 20:46:25.757000+00:00",
          "Image": "C:\\Windows\\explorer.exe",
          "CommandLine": "C:\\windows\\Explorer.EXE",
          "ParentImage": "C:\\Windows\\System32\\userinit.exe",
          "TargetObject": "nan"
        },
        {
          "idx": 51527,
          "EventID": 1,
          "TimeCreated": "2020-09-04 20:46:25.811000+00:00",
          "Image": "C:\\WindowsAzure\\GuestAgent_2.7.41491.993_2020-09-04_183615\\GuestAgent\\FindVolume\\FindVolume.exe",
          "CommandLine": "\"FindVolume\\FindVolume.exe\" /path \\device\\Harddisk1\\Partition1",
          "ParentImage": "C:\\WindowsAzure\\GuestAgent_2.7.41491.993_2020-09-04_183615\\GuestAgent\\WindowsAzureGuestAgent.exe",
          "TargetObject": "nan"
        },
        {
          "idx": 51921,
          "EventID": 1,
          "TimeCreated": "2020-09-04 20:46:27.017000+00:00",
          "Image": "C:\\Windows\\System32\\svchost.exe",
          "CommandLine": "C:\\windows\\system32\\svchost.exe -k ClipboardSvcGroup -p -s cbdhsvc",
          "ParentImage": "C:\\Windows\\System32\\services.exe",
          "TargetObject": "nan"
        },
        {
          "idx": 51987,
          "EventID": 3,
          "TimeCreated": "2020-09-04 20:46:27.053000+00:00",
          "Image": "C:\\Windows\\System32\\svchost.exe",
          "CommandLine": "nan",
          "ParentImage": "nan",
          "TargetObject": "nan"
        },
        {
          "idx": 52041,
          "EventID": 1,
          "TimeCreated": "2020-09-04 20:46:27.085000+00:00",
          "Image": "C:\\Windows\\System32\\conhost.exe",
          "CommandLine": "\\??\\C:\\windows\\system32\\conhost.exe 0xffffffff -ForceV1",
          "ParentImage": "C:\\WindowsAzure\\GuestAgent_2.7.41491.993_2020-09-04_183615\\GuestAgent\\FindVolume\\FindVolume.exe",
          "TargetObject": "nan"
        },
        {
          "idx": 52216,
          "EventID": 1,
          "TimeCreated": "2020-09-04 20:46:27.172000+00:00",
          "Image": "C:\\Windows\\System32\\dllhost.exe",
          "CommandLine": "C:\\windows\\system32\\DllHost.exe /Processid:{AB8902B4-09CA-4BB6-B78D-A8F59079A8D5}",
          "ParentImage": "C:\\Windows\\System32\\svchost.exe",
          "TargetObject": "nan"
        },
        {
          "idx": 52452,
          "EventID": 1,
          "TimeCreated": "2020-09-04 20:46:28.296000+00:00",
          "Image": "C:\\Windows\\System32\\logman.exe",
          "CommandLine": "\"logman.exe\" create trace RTEvents -max 50 -f bincirc -o C:\\WindowsAzure\\Logs\\RuntimeEvents.etl -pf C:\\WindowsAzure\\GuestAgent_2.7.41491.993_2020-09-04_183615\\GuestAgent\\ProviderGuids.txt",
          "ParentImage": "C:\\WindowsAzure\\GuestAgent_2.7.41491.993_2020-09-04_183615\\WaAppAgent.exe",
          "TargetObject": "nan"
        },
        {
          "idx": 52468,
          "EventID": 1,
          "TimeCreated": "2020-09-04 20:46:28.302000+00:00",
          "Image": "C:\\Windows\\System32\\conhost.exe",
          "CommandLine": "\\??\\C:\\windows\\system32\\conhost.exe 0xffffffff -ForceV1",
          "ParentImage": "C:\\Windows\\System32\\logman.exe",
          "TargetObject": "nan"
        },
        {
          "idx": 52754,
          "EventID": 1,
          "TimeCreated": "2020-09-04 20:46:28.450000+00:00",
          "Image": "C:\\Windows\\System32\\logman.exe",
          "CommandLine": "\"logman.exe\" start RTEvents",
          "ParentImage": "C:\\WindowsAzure\\GuestAgent_2.7.41491.993_2020-09-04_183615\\WaAppAgent.exe",
          "TargetObject": "nan"
        },
        {
          "idx": 52778,
          "EventID": 1,
          "TimeCreated": "2020-09-04 20:46:28.461000+00:00",
          "Image": "C:\\Windows\\System32\\conhost.exe",
          "CommandLine": "\\??\\C:\\windows\\system32\\conhost.exe 0xffffffff -ForceV1",
          "ParentImage": "C:\\Windows\\System32\\logman.exe",
          "TargetObject": "nan"
        },
        {
          "idx": 52821,
          "EventID": 1,
          "TimeCreated": "2020-09-04 20:46:29.474000+00:00",
          "Image": "C:\\Windows\\System32\\svchost.exe",
          "CommandLine": "C:\\windows\\system32\\svchost.exe -k LocalSystemNetworkRestricted -p -s NgcSvc",
          "ParentImage": "C:\\Windows\\System32\\services.exe",
          "TargetObject": "nan"
        },
        {
          "idx": 52848,
          "EventID": 1,
          "TimeCreated": "2020-09-04 20:46:29.491000+00:00",
          "Image": "C:\\Windows\\SystemApps\\Microsoft.Windows.StartMenuExperienceHost_cw5n1h2txyewy\\StartMenuExperienceHost.exe",
          "CommandLine": "\"C:\\Windows\\SystemApps\\Microsoft.Windows.StartMenuExperienceHost_cw5n1h2txyewy\\StartMenuExperienceHost.exe\" -ServerName:App.AppXywbrabmsek0gm3tkwpr5kwzbs55tkqay.mca",
          "ParentImage": "C:\\Windows\\System32\\svchost.exe",
          "TargetObject": "nan"
        },
        {
          "idx": 53137,
          "EventID": 1,
          "TimeCreated": "2020-09-04 20:46:29.655000+00:00",
          "Image": "C:\\Windows\\System32\\RuntimeBroker.exe",
          "CommandLine": "C:\\Windows\\System32\\RuntimeBroker.exe -Embedding",
          "ParentImage": "C:\\Windows\\System32\\svchost.exe",
          "TargetObject": "nan"
        }
      ],
      "gt_technique_id": "T1546.003",
      "gt_technique_name": "Windows Management Instrumentation",
      "gt_tactic": "Persistence",
      "gt_is_true_positive": false,
      "gt_notes": "auto: noise:no-kw,rule!=fam(T1047)"
    },
    {
      "group_id": "T1053_005_68969",
      "rule_technique_id": "T1053.005",
      "rule_technique_name": "Scheduled Task",
      "confidence": 1.0,
      "anchor": {
        "idx": 68969,
        "EventID": 4702,
        "Image": "nan",
        "CommandLine": "nan",
        "TimeCreated": "2020-09-04 20:47:05.309000+00:00"
      },
      "num_events": 1464,
      "event_id_distribution": {
        "12": 1221,
        "13": 214,
        "11": 16,
        "1": 12,
        "4702": 1
      },
      "sample_logs": [
        {
          "idx": 66025,
          "EventID": 12,
          "TimeCreated": "2020-09-04 20:46:58.498000+00:00",
          "Image": "C:\\windows\\system32\\svchost.exe",
          "CommandLine": "nan",
          "ParentImage": "nan",
          "TargetObject": "HKLM\\SOFTWARE"
        },
        {
          "idx": 66026,
          "EventID": 12,
          "TimeCreated": "2020-09-04 20:46:58.498000+00:00",
          "Image": "C:\\windows\\system32\\svchost.exe",
          "CommandLine": "nan",
          "ParentImage": "nan",
          "TargetObject": "HKLM\\SOFTWARE\\Microsoft"
        },
        {
          "idx": 66027,
          "EventID": 12,
          "TimeCreated": "2020-09-04 20:46:58.499000+00:00",
          "Image": "C:\\windows\\system32\\svchost.exe",
          "CommandLine": "nan",
          "ParentImage": "nan",
          "TargetObject": "HKLM\\SOFTWARE\\Microsoft\\Windows"
        },
        {
          "idx": 66028,
          "EventID": 12,
          "TimeCreated": "2020-09-04 20:46:58.499000+00:00",
          "Image": "C:\\windows\\system32\\svchost.exe",
          "CommandLine": "nan",
          "ParentImage": "nan",
          "TargetObject": "HKLM\\SOFTWARE\\Microsoft\\Windows\\Windows Error Reporting"
        },
        {
          "idx": 66029,
          "EventID": 12,
          "TimeCreated": "2020-09-04 20:46:58.500000+00:00",
          "Image": "C:\\windows\\system32\\svchost.exe",
          "CommandLine": "nan",
          "ParentImage": "nan",
          "TargetObject": "HKLM\\SOFTWARE\\Microsoft\\Windows\\Windows Error Reporting\\TermReason"
        },
        {
          "idx": 66030,
          "EventID": 13,
          "TimeCreated": "2020-09-04 20:46:58.501000+00:00",
          "Image": "C:\\windows\\system32\\svchost.exe",
          "CommandLine": "nan",
          "ParentImage": "nan",
          "TargetObject": "HKLM\\SOFTWARE\\Microsoft\\Windows\\Windows Error Reporting\\TermReason\\7140\\Reason"
        },
        {
          "idx": 66031,
          "EventID": 12,
          "TimeCreated": "2020-09-04 20:46:58.501000+00:00",
          "Image": "C:\\windows\\system32\\svchost.exe",
          "CommandLine": "nan",
          "ParentImage": "nan",
          "TargetObject": "HKLM\\SOFTWARE\\Microsoft\\Windows\\Windows Error Reporting\\TermReason\\7140"
        },
